/home/student/Practicas/Practicas_SantPau/primeras_pruebas_freesurfer/data/sub-027S6002/mri
/usr/pubsw/packages/freesurfer/freesurfer-7.1/bin/talairach_avi
--i orig_nu.mgz --xfm transforms/talairach.auto.xfm
talairach_avi 7.1.1
Linux neuroimagen6 5.11.0-7620-generic #21~1624379747~20.04~3abeff8-Ubuntu SMP Wed Jun 23 02:23:55 UTC  x86_64 x86_64 x86_64 GNU/Linux
Tue 19 Oct 2021 11:37:00 AM CEST
mri_convert orig_nu.mgz talsrcimg.img 
reading from orig_nu.mgz...
TR=0.00, TE=0.00, TI=0.00, flip angle=0.00
i_ras = (-1, 0, 0)
j_ras = (0, 0, -1)
k_ras = (0, 1, 0)
writing to talsrcimg.img...
Analyze Output Matrix
-1.00000   0.00000   0.00000   130.94901;
 0.00000   0.00000   1.00000  -97.81089;
 0.00000  -1.00000   0.00000   133.43007;
 0.00000   0.00000   0.00000   1.00000;
--------------------
INFO: set hdr.hist.orient to -1
mpr2mni305 talsrcimg
Tue 19 Oct 2021 11:37:00 AM CEST
/usr/pubsw/packages/freesurfer/freesurfer-7.1/bin/mpr2mni305 talsrcimg
mpr2mni305 7.1.1
target=711-2C_as_mni_average_305

---------------------------------------------------------------------
analyzeto4dfp talsrcimg -O0 -y
---------------------------------------------------------------------

freesurfer ifh2hdr.c
Tue Oct 19 11:37:01 2021
Writing: talsrcimg.4dfp.hdr
freesurfer analyzeto4dfp.c
Reading: talsrcimg.hdr
header size 348 bytes
hdr.dime.datatype	offset=70	value=2
hdr.dime.bitpix		offset=72	value=8
hdr.hist.orient		offset=252	value=-1
dimensionality     4
dimensions       256       256       256         1
Reading: talsrcimg.img
Writing: talsrcimg.4dfp.img
Writing: talsrcimg.4dfp.ifh
ifh2hdr talsrcimg -r0to221
ori=2

---------------------------------------------------------------------
gauss_4dfp talsrcimg 1.1
---------------------------------------------------------------------

freesurfer gauss_4dfp.c
Reading: talsrcimg.4dfp.img
Writing: talsrcimg_g11.4dfp.img
image dimensions 256 256 256 padded to 288 288 288
processing volume 1freesurfer ifh2hdr.c
Tue Oct 19 11:37:05 2021
Writing: talsrcimg_g11.4dfp.hdr

Writing: talsrcimg_g11.4dfp.ifh
including: talsrcimg.4dfp.img.rec in talsrcimg_g11.4dfp.img.rec

---------------------------------------------------------------------
imgreg_4dfp /usr/pubsw/packages/freesurfer/freesurfer-7.1/average/711-2C_as_mni_average_305 none talsrcimg_g11 none talsrcimg_to_711-2C_as_mni_average_305_t4 4355
---------------------------------------------------------------------

freesurfer imgreg_4dfp.c
/usr/pubsw/packages/freesurfer/freesurfer-7.1/average/711-2C_as_mni_average_305.4dfp.img
       256       256       256         1
  1.000000  1.000000  1.000000
orientation T byte_order littleendian
Reading image: /usr/pubsw/packages/freesurfer/freesurfer-7.1/average/711-2C_as_mni_average_305.4dfp.img
dimensions:      256       256       256
mmppix:       1.0000   -1.0000   -1.0000
center:     128.0000 -129.0000 -129.0000
talsrcimg_g11.4dfp.img
       256       256       256         1
  1.000000  1.000000  1.000000
orientation T byte_order littleendian
Reading image: talsrcimg_g11.4dfp.img
dimensions:      256       256       256
mmppix:       1.0000   -1.0000   -1.0000
center:     128.0000 -129.0000 -129.0000
t4_read: open error in t4_sub.f l:  41 t4_file(1:l)talsrcimg_to_711-2C_as_mni_average_305_t4 
t4_read: transform initialized to I4
rotation matrix determinant  1.000000
image alignment mode   4355 decimal     1103 hex
   -7.5000  -45.0000  -45.0000 9454.2363   12.7574
    0.0000  -45.0000  -45.0000 9833.8779   12.7692
    7.5000  -45.0000  -45.0000 9326.7637   12.7681
   -7.5000  -37.5000  -45.0000 9450.8486   12.8582
    0.0000  -37.5000  -45.0000 9814.2432   12.8694
    7.5000  -37.5000  -45.0000 9291.9336   12.8698
   -7.5000  -30.0000  -45.0000 9682.8447   12.7635
    0.0000  -30.0000  -45.000010062.6016   12.7736
    7.5000  -30.0000  -45.0000 9524.0430   12.7751
   -7.5000  -22.5000  -45.0000 9854.6445   12.6879
    0.0000  -22.5000  -45.000010232.7588   12.6987
    7.5000  -22.5000  -45.0000 9708.2080   12.7000
   -7.5000  -15.0000  -45.0000 9948.9277   12.6292
    0.0000  -15.0000  -45.000010356.0137   12.6411
    7.5000  -15.0000  -45.0000 9816.6133   12.6415
   -7.5000   -7.5000  -45.0000 9973.7334   12.6006
    0.0000   -7.5000  -45.000010414.0381   12.6127
    7.5000   -7.5000  -45.0000 9840.9297   12.6121
   -7.5000    0.0000  -45.0000 9925.7158   12.6098
    0.0000    0.0000  -45.000010366.4434   12.6214
    7.5000    0.0000  -45.0000 9781.3740   12.6206
   -7.5000    7.5000  -45.0000 9156.2432   12.8442
    0.0000    7.5000  -45.0000 9596.9258   12.8553
    7.5000    7.5000  -45.0000 9032.3193   12.8558
   -7.5000   15.0000  -45.0000 8459.8564   13.2738
    0.0000   15.0000  -45.0000 8883.6025   13.2823
    7.5000   15.0000  -45.0000 8351.4854   13.2820
   -7.5000   22.5000  -45.0000 7809.6777   13.8177
    0.0000   22.5000  -45.0000 8213.5850   13.8327
    7.5000   22.5000  -45.0000 7723.1724   13.8326
   -7.5000   30.0000  -45.0000 7239.1719   14.2578
    0.0000   30.0000  -45.0000 7620.9531   14.2757
    7.5000   30.0000  -45.0000 7149.0522   14.2779
   -7.5000   37.5000  -45.0000 7006.1665   14.9729
    0.0000   37.5000  -45.0000 7370.7075   14.9948
    7.5000   37.5000  -45.0000 6949.5229   14.9966
   -7.5000   45.0000  -45.0000 6533.2085   15.4070
    0.0000   45.0000  -45.0000 6891.4009   15.4286
    7.5000   45.0000  -45.0000 6490.7598   15.4307
   -7.5000  -45.0000  -37.5000 9925.0674   12.6587
    0.0000  -45.0000  -37.500010326.2422   12.6732
    7.5000  -45.0000  -37.5000 9759.0996   12.6658
   -7.5000  -37.5000  -37.5000 9957.3311   12.7642
    0.0000  -37.5000  -37.500010333.4434   12.7773
    7.5000  -37.5000  -37.5000 9756.9707   12.7719
   -7.5000  -30.0000  -37.500010232.2578   12.6769
    0.0000  -30.0000  -37.500010607.5898   12.6866
    7.5000  -30.0000  -37.500010029.0547   12.6833
   -7.5000  -22.5000  -37.500010407.1025   12.6018
    0.0000  -22.5000  -37.500010804.5098   12.6106
    7.5000  -22.5000  -37.500010252.7793   12.6072
   -7.5000  -15.0000  -37.500010505.6807   12.5383
    0.0000  -15.0000  -37.500010915.0273   12.5492
    7.5000  -15.0000  -37.500010354.5283   12.5444
   -7.5000   -7.5000  -37.500010521.2617   12.5041
    0.0000   -7.5000  -37.500010967.0752   12.5175
    7.5000   -7.5000  -37.500010378.7334   12.5112
   -7.5000    0.0000  -37.500010471.4600   12.5125
    0.0000    0.0000  -37.500010909.7969   12.5270
    7.5000    0.0000  -37.500010317.5723   12.5200
   -7.5000    7.5000  -37.5000 9682.2373   12.7504
    0.0000    7.5000  -37.500010113.4209   12.7635
    7.5000    7.5000  -37.5000 9540.2207   12.7582
   -7.5000   15.0000  -37.5000 8945.4834   13.1823
    0.0000   15.0000  -37.5000 9339.1230   13.1909
    7.5000   15.0000  -37.5000 8830.4600   13.1860
   -7.5000   22.5000  -37.5000 8248.0791   13.7170
    0.0000   22.5000  -37.5000 8623.7285   13.7314
    7.5000   22.5000  -37.5000 8143.9312   13.7275
   -7.5000   30.0000  -37.5000 7656.2617   14.1473
    0.0000   30.0000  -37.5000 8018.4790   14.1651
    7.5000   30.0000  -37.5000 7539.1328   14.1591
   -7.5000   37.5000  -37.5000 7432.5806   14.8433
    0.0000   37.5000  -37.5000 7787.8716   14.8663
    7.5000   37.5000  -37.5000 7346.3477   14.8607
   -7.5000   45.0000  -37.5000 6909.8667   15.2797
    0.0000   45.0000  -37.5000 7251.7051   15.3047
    7.5000   45.0000  -37.5000 6859.0386   15.2978
   -7.5000  -45.0000  -30.000010563.8887   13.1680
    0.0000  -45.0000  -30.000010977.5742   13.1852
    7.5000  -45.0000  -30.000010380.4023   13.1736
   -7.5000  -37.5000  -30.000010662.8398   13.2805
    0.0000  -37.5000  -30.000011056.5713   13.2967
    7.5000  -37.5000  -30.000010431.5771   13.2877
   -7.5000  -30.0000  -30.000010988.0283   13.1935
    0.0000  -30.0000  -30.000011364.8516   13.2052
    7.5000  -30.0000  -30.000010726.9600   13.1998
   -7.5000  -22.5000  -30.000011207.2227   13.1165
    0.0000  -22.5000  -30.000011599.3105   13.1246
    7.5000  -22.5000  -30.000010966.9492   13.1183
   -7.5000  -15.0000  -30.000011305.7236   13.0477
    0.0000  -15.0000  -30.000011718.5244   13.0567
    7.5000  -15.0000  -30.000011109.3115   13.0477
   -7.5000   -7.5000  -30.000011327.9229   13.0080
    0.0000   -7.5000  -30.000011781.2949   13.0214
    7.5000   -7.5000  -30.000011153.3076   13.0103
   -7.5000    0.0000  -30.000011269.3184   13.0153
    0.0000    0.0000  -30.000011695.3486   13.0321
    7.5000    0.0000  -30.000011078.8057   13.0208
   -7.5000    7.5000  -30.000010430.9697   13.2663
    0.0000    7.5000  -30.000010856.1943   13.2825
    7.5000    7.5000  -30.000010266.9346   13.2736
   -7.5000   15.0000  -30.0000 9667.3340   13.7196
    0.0000   15.0000  -30.000010052.0967   13.7307
    7.5000   15.0000  -30.0000 9521.5303   13.7243
   -7.5000   22.5000  -30.0000 8918.5107   14.2751
    0.0000   22.5000  -30.0000 9293.0420   14.2884
    7.5000   22.5000  -30.0000 8797.9541   14.2818
   -7.5000   30.0000  -30.0000 8235.2861   14.7229
    0.0000   30.0000  -30.0000 8600.5605   14.7378
    7.5000   30.0000  -30.0000 8112.5327   14.7242
   -7.5000   37.5000  -30.0000 7991.3145   15.4404
    0.0000   37.5000  -30.0000 8358.5137   15.4640
    7.5000   37.5000  -30.0000 7891.2363   15.4519
   -7.5000   45.0000  -30.0000 7447.3032   15.9044
    0.0000   45.0000  -30.0000 7790.6470   15.9340
    7.5000   45.0000  -30.0000 7369.7910   15.9208
   -7.5000  -45.0000  -22.500011276.0859   13.6053
    0.0000  -45.0000  -22.500011703.4639   13.6225
    7.5000  -45.0000  -22.500011075.7285   13.6105
   -7.5000  -37.5000  -22.500011381.8447   13.7160
    0.0000  -37.5000  -22.500011800.6455   13.7334
    7.5000  -37.5000  -22.500011134.5010   13.7240
   -7.5000  -30.0000  -22.500011774.1211   13.6233
    0.0000  -30.0000  -22.500012167.0938   13.6373
    7.5000  -30.0000  -22.500011490.2852   13.6323
   -7.5000  -22.5000  -22.500012043.8037   13.5466
    0.0000  -22.5000  -22.500012452.6875   13.5563
    7.5000  -22.5000  -22.500011780.8652   13.5504
   -7.5000  -15.0000  -22.500012169.3193   13.4804
    0.0000  -15.0000  -22.500012613.0742   13.4888
    7.5000  -15.0000  -22.500011939.3955   13.4792
   -7.5000   -7.5000  -22.500012228.1191   13.4415
    0.0000   -7.5000  -22.500012679.0039   13.4538
    7.5000   -7.5000  -22.500012003.5635   13.4419
   -7.5000    0.0000  -22.500012156.3018   13.4475
    0.0000    0.0000  -22.500012586.6074   13.4640
    7.5000    0.0000  -22.500011931.2988   13.4521
   -7.5000    7.5000  -22.500011256.8467   13.7015
    0.0000    7.5000  -22.500011696.3857   13.7188
    7.5000    7.5000  -22.500011062.7627   13.7096
   -7.5000   15.0000  -22.500010466.2285   14.1663
    0.0000   15.0000  -22.500010870.7324   14.1797
    7.5000   15.0000  -22.500010272.9658   14.1737
   -7.5000   22.5000  -22.5000 9659.3369   14.7445
    0.0000   22.5000  -22.500010048.8848   14.7572
    7.5000   22.5000  -22.5000 9485.0186   14.7494
   -7.5000   30.0000  -22.5000 8889.7705   15.2129
    0.0000   30.0000  -22.5000 9274.5537   15.2253
    7.5000   30.0000  -22.5000 8746.7031   15.2100
   -7.5000   37.5000  -22.5000 8578.4990   15.9587
    0.0000   37.5000  -22.5000 8947.5527   15.9826
    7.5000   37.5000  -22.5000 8472.8174   15.9679
   -7.5000   45.0000  -22.5000 7985.2402   16.4388
    0.0000   45.0000  -22.5000 8328.5645   16.4699
    7.5000   45.0000  -22.5000 7898.3335   16.4552
   -7.5000  -45.0000  -15.000012055.4824   13.9065
    0.0000  -45.0000  -15.000012523.7754   13.9212
    7.5000  -45.0000  -15.000011835.4160   13.9146
   -7.5000  -37.5000  -15.000012158.6855   14.0133
    0.0000  -37.5000  -15.000012603.9473   14.0292
    7.5000  -37.5000  -15.000011884.3311   14.0247
   -7.5000  -30.0000  -15.000012580.4482   13.9137
    0.0000  -30.0000  -15.000012995.4180   13.9286
    7.5000  -30.0000  -15.000012265.7510   13.9272
   -7.5000  -22.5000  -15.000012940.8096   13.8375
    0.0000  -22.5000  -15.000013342.3848   13.8491
    7.5000  -22.5000  -15.000012613.3223   13.8466
   -7.5000  -15.0000  -15.000013136.8330   13.7758
    0.0000  -15.0000  -15.000013559.8320   13.7850
    7.5000  -15.0000  -15.000012818.1074   13.7793
   -7.5000   -7.5000  -15.000013231.6016   13.7409
    0.0000   -7.5000  -15.000013677.0732   13.7518
    7.5000   -7.5000  -15.000012922.2070   13.7446
   -7.5000    0.0000  -15.000013123.4043   13.7465
    0.0000    0.0000  -15.000013588.6484   13.7604
    7.5000    0.0000  -15.000012856.5430   13.7536
   -7.5000    7.5000  -15.000012145.6006   13.9985
    0.0000    7.5000  -15.000012589.3584   14.0144
    7.5000    7.5000  -15.000011887.1660   14.0099
   -7.5000   15.0000  -15.000011306.2949   14.4667
    0.0000   15.0000  -15.000011763.0166   14.4805
    7.5000   15.0000  -15.000011040.1182   14.4777
   -7.5000   22.5000  -15.000010442.9541   15.0605
    0.0000   22.5000  -15.000010878.1465   15.0739
    7.5000   22.5000  -15.000010212.5879   15.0685
   -7.5000   30.0000  -15.0000 9573.2256   15.5442
    0.0000   30.0000  -15.0000 9970.1377   15.5566
    7.5000   30.0000  -15.0000 9393.1885   15.5480
   -7.5000   37.5000  -15.0000 9222.7881   16.3143
    0.0000   37.5000  -15.0000 9599.7607   16.3378
    7.5000   37.5000  -15.0000 9095.3750   16.3289
   -7.5000   45.0000  -15.0000 8597.7744   16.8011
    0.0000   45.0000  -15.0000 8954.6387   16.8302
    7.5000   45.0000  -15.0000 8484.9023   16.8229
   -7.5000  -45.0000   -7.500012968.0449   14.0575
    0.0000  -45.0000   -7.500013466.8477   14.0701
    7.5000  -45.0000   -7.500012715.9463   14.0657
   -7.5000  -37.5000   -7.500013094.8516   14.1634
    0.0000  -37.5000   -7.500013545.0732   14.1769
    7.5000  -37.5000   -7.500012762.6084   14.1738
   -7.5000  -30.0000   -7.500013567.9893   14.0601
    0.0000  -30.0000   -7.500013997.0234   14.0738
    7.5000  -30.0000   -7.500013153.1602   14.0720
   -7.5000  -22.5000   -7.500013993.9043   13.9827
    0.0000  -22.5000   -7.500014429.2490   13.9955
    7.5000  -22.5000   -7.500013541.2178   13.9929
   -7.5000  -15.0000   -7.500014272.1016   13.9227
    0.0000  -15.0000   -7.500014723.1299   13.9342
    7.5000  -15.0000   -7.500013788.5938   13.9299
   -7.5000   -7.5000   -7.500014470.8682   13.8907
    0.0000   -7.5000   -7.500014994.7080   13.9020
    7.5000   -7.5000   -7.500014024.6270   13.8972
   -7.5000    0.0000   -7.500014393.5811   13.8969
    0.0000    0.0000   -7.500014945.5264   13.9090
    7.5000    0.0000   -7.500014025.1436   13.9046
   -7.5000    7.5000   -7.500013266.2383   14.1483
    0.0000    7.5000   -7.500013799.3145   14.1618
    7.5000    7.5000   -7.500012928.9766   14.1588
   -7.5000   15.0000   -7.500012333.6885   14.6168
    0.0000   15.0000   -7.500012830.6670   14.6288
    7.5000   15.0000   -7.500011982.2871   14.6250
   -7.5000   22.5000   -7.500011350.4502   15.2138
    0.0000   22.5000   -7.500011826.2188   15.2292
    7.5000   22.5000   -7.500010997.1494   15.2235
   -7.5000   30.0000   -7.500010365.0049   15.7046
    0.0000   30.0000   -7.500010800.2969   15.7206
    7.5000   30.0000   -7.500010091.3672   15.7163
   -7.5000   37.5000   -7.5000 9980.2871   16.4863
    0.0000   37.5000   -7.500010389.4277   16.5095
    7.5000   37.5000   -7.5000 9768.3623   16.5046
   -7.5000   45.0000   -7.5000 9321.5410   16.9789
    0.0000   45.0000   -7.5000 9715.0791   17.0043
    7.5000   45.0000   -7.5000 9110.9326   17.0008
   -7.5000  -45.0000    0.000013855.2754   14.0866
    0.0000  -45.0000    0.000014431.2236   14.1006
    7.5000  -45.0000    0.000013492.7217   14.0946
   -7.5000  -37.5000    0.000014002.0049   14.1961
    0.0000  -37.5000    0.000014560.2568   14.2098
    7.5000  -37.5000    0.000013551.1182   14.2052
   -7.5000  -30.0000    0.000014508.6484   14.0945
    0.0000  -30.0000    0.000015075.3652   14.1072
    7.5000  -30.0000    0.000013938.2178   14.1034
   -7.5000  -22.5000    0.000014928.8945   14.0145
    0.0000  -22.5000    0.000015517.6787   14.0278
    7.5000  -22.5000    0.000014320.1338   14.0237
   -7.5000  -15.0000    0.000015299.0400   13.9513
    0.0000  -15.0000    0.000015938.4248   13.9653
    7.5000  -15.0000    0.000014627.2959   13.9605
   -7.5000   -7.5000    0.000015701.5078   13.9181
    0.0000   -7.5000    0.000016461.8340   13.9322
    7.5000   -7.5000    0.000015044.5957   13.9268
   -7.5000    0.0000    0.000015884.9785   13.9257
    0.0000    0.0000    0.000016743.5684   13.9395
    7.5000    0.0000    0.000015217.3818   13.9340
   -7.5000    7.5000    0.000014637.7031   14.1808
    0.0000    7.5000    0.000015398.4619   14.1945
    7.5000    7.5000    0.000014005.2148   14.1899
   -7.5000   15.0000    0.000013429.0225   14.6522
    0.0000   15.0000    0.000014061.8701   14.6632
    7.5000   15.0000    0.000012853.7041   14.6571
   -7.5000   22.5000    0.000012310.1865   15.2447
    0.0000   22.5000    0.000012874.2148   15.2627
    7.5000   22.5000    0.000011771.4287   15.2562
   -7.5000   30.0000    0.000011224.2139   15.7352
    0.0000   30.0000    0.000011761.4756   15.7561
    7.5000   30.0000    0.000010787.3965   15.7516
   -7.5000   37.5000    0.000010779.3115   16.5136
    0.0000   37.5000    0.000011301.3594   16.5386
    7.5000   37.5000    0.000010412.9883   16.5337
   -7.5000   45.0000    0.000010049.7930   17.0157
    0.0000   45.0000    0.000010512.6348   17.0409
    7.5000   45.0000    0.0000 9712.6094   17.0359
   -7.5000  -45.0000    7.500013606.0684   14.0972
    0.0000  -45.0000    7.500014251.8428   14.1147
    7.5000  -45.0000    7.500013202.4150   14.1042
   -7.5000  -37.5000    7.500013790.1172   14.2140
    0.0000  -37.5000    7.500014424.2344   14.2303
    7.5000  -37.5000    7.500013296.9336   14.2218
   -7.5000  -30.0000    7.500014329.2773   14.1177
    0.0000  -30.0000    7.500014984.5469   14.1306
    7.5000  -30.0000    7.500013707.2354   14.1238
   -7.5000  -22.5000    7.500014773.0234   14.0354
    0.0000  -22.5000    7.500015458.4307   14.0471
    7.5000  -22.5000    7.500014070.9648   14.0401
   -7.5000  -15.0000    7.500015202.1904   13.9654
    0.0000  -15.0000    7.500015942.0479   13.9789
    7.5000  -15.0000    7.500014407.2773   13.9706
   -7.5000   -7.5000    7.500015703.4385   13.9268
    0.0000   -7.5000    7.500016659.2734   13.9429
    7.5000   -7.5000    7.500014825.8564   13.9333
   -7.5000    0.0000    7.500016053.1777   13.9353
    0.0000    0.0000    7.500017243.2383   13.9526
    7.5000    0.0000    7.500015079.7109   13.9426
   -7.5000    7.5000    7.500014786.5479   14.1988
    0.0000    7.5000    7.500015788.1143   14.2150
    7.5000    7.5000    7.500013932.8418   14.2065
   -7.5000   15.0000    7.500013464.2832   14.6779
    0.0000   15.0000    7.500014227.4287   14.6897
    7.5000   15.0000    7.500012721.1016   14.6810
   -7.5000   22.5000    7.500012304.1729   15.2665
    0.0000   22.5000    7.500012931.5029   15.2847
    7.5000   22.5000    7.500011589.9941   15.2764
   -7.5000   30.0000    7.500011164.1719   15.7537
    0.0000   30.0000    7.500011740.5332   15.7753
    7.5000   30.0000    7.500010605.8799   15.7647
   -7.5000   37.5000    7.500010589.9639   16.5238
    0.0000   37.5000    7.500011119.0625   16.5509
    7.5000   37.5000    7.500010165.4932   16.5411
   -7.5000   45.0000    7.5000 9815.0312   17.0373
    0.0000   45.0000    7.500010266.5322   17.0670
    7.5000   45.0000    7.5000 9450.0967   17.0559
   -7.5000  -45.0000   15.000013087.3926   14.1079
    0.0000  -45.0000   15.000013778.1064   14.1271
    7.5000  -45.0000   15.000012766.9941   14.1129
   -7.5000  -37.5000   15.000013271.7158   14.2283
    0.0000  -37.5000   15.000013950.3252   14.2466
    7.5000  -37.5000   15.000012879.7422   14.2350
   -7.5000  -30.0000   15.000013773.3711   14.1355
    0.0000  -30.0000   15.000014494.3848   14.1489
    7.5000  -30.0000   15.000013268.4883   14.1409
   -7.5000  -22.5000   15.000014189.6709   14.0532
    0.0000  -22.5000   15.000014920.3291   14.0627
    7.5000  -22.5000   15.000013527.1123   14.0538
   -7.5000  -15.0000   15.000014521.2109   13.9796
    0.0000  -15.0000   15.000015293.1875   13.9898
    7.5000  -15.0000   15.000013778.1973   13.9782
   -7.5000   -7.5000   15.000014842.6797   13.9369
    0.0000   -7.5000   15.000015760.8936   13.9518
    7.5000   -7.5000   15.000014049.3828   13.9383
   -7.5000    0.0000   15.000014982.3584   13.9447
    0.0000    0.0000   15.000016047.2148   13.9634
    7.5000    0.0000   15.000014185.7676   13.9497
   -7.5000    7.5000   15.000013875.8154   14.2131
    0.0000    7.5000   15.000014830.1699   14.2314
    7.5000    7.5000   15.000013202.8438   14.2199
   -7.5000   15.0000   15.000012821.2842   14.6978
    0.0000   15.0000   15.000013627.3936   14.7107
    7.5000   15.0000   15.000012216.3271   14.7014
   -7.5000   22.5000   15.000011742.5439   15.2882
    0.0000   22.5000   15.000012417.4844   15.3033
    7.5000   22.5000   15.000011168.4668   15.2936
   -7.5000   30.0000   15.000010627.1514   15.7740
    0.0000   30.0000   15.000011222.4365   15.7906
    7.5000   30.0000   15.000010172.3564   15.7736
   -7.5000   37.5000   15.000010020.2783   16.5403
    0.0000   37.5000   15.000010569.0293   16.5664
    7.5000   37.5000   15.0000 9671.3789   16.5510
   -7.5000   45.0000   15.0000 9286.8271   17.0573
    0.0000   45.0000   15.0000 9762.7734   17.0901
    7.5000   45.0000   15.0000 8978.1572   17.0735
   -7.5000  -45.0000   22.500012175.2236   14.1086
    0.0000  -45.0000   22.500012703.2852   14.1266
    7.5000  -45.0000   22.500011968.7656   14.1148
   -7.5000  -37.5000   22.500012347.7236   14.2240
    0.0000  -37.5000   22.500012861.2783   14.2422
    7.5000  -37.5000   22.500012068.1006   14.2330
   -7.5000  -30.0000   22.500012788.2002   14.1284
    0.0000  -30.0000   22.500013311.5674   14.1430
    7.5000  -30.0000   22.500012424.9160   14.1382
   -7.5000  -22.5000   22.500013116.9111   14.0488
    0.0000  -22.5000   22.500013672.5449   14.0587
    7.5000  -22.5000   22.500012674.8076   14.0528
   -7.5000  -15.0000   22.500013389.3457   13.9795
    0.0000  -15.0000   22.500013943.7900   13.9881
    7.5000  -15.0000   22.500012892.3965   13.9785
   -7.5000   -7.5000   22.500013572.4990   13.9389
    0.0000   -7.5000   22.500014214.2393   13.9515
    7.5000   -7.5000   22.500013089.4277   13.9398
   -7.5000    0.0000   22.500013593.1533   13.9452
    0.0000    0.0000   22.500014269.6133   13.9624
    7.5000    0.0000   22.500013170.4482   13.9507
   -7.5000    7.5000   22.500012571.0967   14.2090
    0.0000    7.5000   22.500013159.3604   14.2271
    7.5000    7.5000   22.500012238.3916   14.2180
   -7.5000   15.0000   22.500011722.6113   14.6909
    0.0000   15.0000   22.500012244.8828   14.7050
    7.5000   15.0000   22.500011381.3711   14.6991
   -7.5000   22.5000   22.500010853.9326   15.2873
    0.0000   22.5000   22.500011353.0771   15.3005
    7.5000   22.5000   22.500010485.9863   15.2927
   -7.5000   30.0000   22.5000 9874.9648   15.7762
    0.0000   30.0000   22.500010369.4600   15.7887
    7.5000   30.0000   22.5000 9561.9434   15.7733
   -7.5000   37.5000   22.5000 9383.5850   16.5480
    0.0000   37.5000   22.5000 9831.6914   16.5726
    7.5000   37.5000   22.5000 9092.7100   16.5581
   -7.5000   45.0000   22.5000 8687.9990   17.0571
    0.0000   45.0000   22.5000 9091.1895   17.0895
    7.5000   45.0000   22.5000 8426.1855   17.0752
   -7.5000  -45.0000   30.000010994.2471   14.1178
    0.0000  -45.0000   30.000011419.3047   14.1327
    7.5000  -45.0000   30.000010845.3906   14.1259
   -7.5000  -37.5000   30.000011108.7051   14.2261
    0.0000  -37.5000   30.000011522.8418   14.2422
    7.5000  -37.5000   30.000010949.0898   14.2376
   -7.5000  -30.0000   30.000011524.0762   14.1249
    0.0000  -30.0000   30.000011920.9941   14.1400
    7.5000  -30.0000   30.000011316.4277   14.1385
   -7.5000  -22.5000   30.000011851.7021   14.0475
    0.0000  -22.5000   30.000012264.8545   14.0592
    7.5000  -22.5000   30.000011595.1885   14.0567
   -7.5000  -15.0000   30.000012086.1846   13.9848
    0.0000  -15.0000   30.000012530.3008   13.9941
    7.5000  -15.0000   30.000011768.2227   13.9884
   -7.5000   -7.5000   30.000012216.5273   13.9494
    0.0000   -7.5000   30.000012694.2119   13.9604
    7.5000   -7.5000   30.000011898.7070   13.9532
   -7.5000    0.0000   30.000012194.3340   13.9551
    0.0000    0.0000   30.000012646.7207   13.9692
    7.5000    0.0000   30.000011907.0713   13.9622
   -7.5000    7.5000   30.000011287.0254   14.2111
    0.0000    7.5000   30.000011693.1270   14.2271
    7.5000    7.5000   30.000011049.3193   14.2226
   -7.5000   15.0000   30.000010502.6934   14.6865
    0.0000   15.0000   30.000010896.6309   14.7005
    7.5000   15.0000   30.000010268.7686   14.6976
   -7.5000   22.5000   30.0000 9752.0703   15.2879
    0.0000   22.5000   30.000010112.5459   15.3015
    7.5000   22.5000   30.0000 9495.8691   15.2960
   -7.5000   30.0000   30.0000 8960.3145   15.7810
    0.0000   30.0000   30.0000 9307.1514   15.7935
    7.5000   30.0000   30.0000 8732.9521   15.7848
   -7.5000   37.5000   30.0000 8590.0117   16.5630
    0.0000   37.5000   30.0000 8919.5254   16.5868
    7.5000   37.5000   30.0000 8378.3965   16.5778
   -7.5000   45.0000   30.0000 7938.1792   17.0617
    0.0000   45.0000   30.0000 8263.9980   17.0912
    7.5000   45.0000   30.0000 7762.2515   17.0837
   -7.5000  -45.0000   37.500010480.9170   14.5018
    0.0000  -45.0000   37.500010892.7676   14.5153
    7.5000  -45.0000   37.500010400.9873   14.5110
   -7.5000  -37.5000   37.500010584.8350   14.6032
    0.0000  -37.5000   37.500010983.6240   14.6176
    7.5000  -37.5000   37.500010511.4688   14.6146
   -7.5000  -30.0000   37.500010996.8008   14.4986
    0.0000  -30.0000   37.500011379.6465   14.5129
    7.5000  -30.0000   37.500010887.5410   14.5110
   -7.5000  -22.5000   37.500011362.9521   14.4203
    0.0000  -22.5000   37.500011743.7158   14.4335
    7.5000  -22.5000   37.500011192.6475   14.4305
   -7.5000  -15.0000   37.500011593.6377   14.3589
    0.0000  -15.0000   37.500011997.8330   14.3707
    7.5000  -15.0000   37.500011389.7627   14.3659
   -7.5000   -7.5000   37.500011679.2266   14.3254
    0.0000   -7.5000   37.500012085.4473   14.3372
    7.5000   -7.5000   37.500011455.6836   14.3322
   -7.5000    0.0000   37.500011618.6787   14.3313
    0.0000    0.0000   37.500012027.7998   14.3442
    7.5000    0.0000   37.500011406.0439   14.3400
   -7.5000    7.5000   37.500010759.4990   14.5872
    0.0000    7.5000   37.500011141.6748   14.6015
    7.5000    7.5000   37.500010556.2637   14.5987
   -7.5000   15.0000   37.5000 9960.8047   15.0674
    0.0000   15.0000   37.500010310.4365   15.0798
    7.5000   15.0000   37.5000 9775.4648   15.0758
   -7.5000   22.5000   37.5000 9217.9805   15.6797
    0.0000   22.5000   37.5000 9565.7217   15.6955
    7.5000   22.5000   37.5000 9056.0098   15.6889
   -7.5000   30.0000   37.5000 8517.9434   16.1963
    0.0000   30.0000   37.5000 8847.9287   16.2126
    7.5000   30.0000   37.5000 8375.9902   16.2075
   -7.5000   37.5000   37.5000 8197.2744   17.0093
    0.0000   37.5000   37.5000 8521.7422   17.0336
    7.5000   37.5000   37.5000 8060.2188   17.0282
   -7.5000   45.0000   37.5000 7587.6362   17.5269
    0.0000   45.0000   37.5000 7923.0181   17.5539
    7.5000   45.0000   37.5000 7487.2925   17.5508
   -7.5000  -45.0000   45.0000 9742.7520   15.0322
    0.0000  -45.0000   45.000010123.0576   15.0476
    7.5000  -45.0000   45.0000 9738.3105   15.0393
   -7.5000  -37.5000   45.0000 9838.3799   15.1145
    0.0000  -37.5000   45.000010203.6299   15.1301
    7.5000  -37.5000   45.0000 9811.6660   15.1240
   -7.5000  -30.0000   45.000010232.0342   15.0102
    0.0000  -30.0000   45.000010588.7070   15.0248
    7.5000  -30.0000   45.000010157.4580   15.0200
   -7.5000  -22.5000   45.000010559.5869   14.9296
    0.0000  -22.5000   45.000010925.4775   14.9442
    7.5000  -22.5000   45.000010435.4248   14.9386
   -7.5000  -15.0000   45.000010772.6064   14.8679
    0.0000  -15.0000   45.000011161.9326   14.8828
    7.5000  -15.0000   45.000010615.3330   14.8759
   -7.5000   -7.5000   45.000010823.3916   14.8380
    0.0000   -7.5000   45.000011209.0342   14.8529
    7.5000   -7.5000   45.000010664.8057   14.8451
   -7.5000    0.0000   45.000010743.6289   14.8480
    0.0000    0.0000   45.000011111.3311   14.8631
    7.5000    0.0000   45.000010603.8535   14.8554
   -7.5000    7.5000   45.0000 9916.4404   15.0971
    0.0000    7.5000   45.000010285.0039   15.1126
    7.5000    7.5000   45.0000 9800.1025   15.1066
   -7.5000   15.0000   45.0000 9126.7871   15.5651
    0.0000   15.0000   45.0000 9474.8379   15.5777
    7.5000   15.0000   45.0000 9035.2275   15.5700
   -7.5000   22.5000   45.0000 8460.3945   16.1731
    0.0000   22.5000   45.0000 8788.7549   16.1925
    7.5000   22.5000   45.0000 8370.4834   16.1840
   -7.5000   30.0000   45.0000 7853.3315   16.7011
    0.0000   30.0000   45.0000 8167.5889   16.7232
    7.5000   30.0000   45.0000 7757.4404   16.7164
   -7.5000   37.5000   45.0000 7589.5283   17.5337
    0.0000   37.5000   45.0000 7907.0220   17.5606
    7.5000   37.5000   45.0000 7466.1499   17.5525
   -7.5000   45.0000   45.0000 7026.3770   18.0805
    0.0000   45.0000   45.0000 7326.0830   18.1087
    7.5000   45.0000   45.0000 6921.9761   18.1011

---------------------------------------------------------------------
imgreg_4dfp /usr/pubsw/packages/freesurfer/freesurfer-7.1/average/711-2C_as_mni_average_305 /usr/pubsw/packages/freesurfer/freesurfer-7.1/average/711-2B_as_mni_average_305_mask talsrcimg_g11 none talsrcimg_to_711-2C_as_mni_average_305_t4 4355
---------------------------------------------------------------------

freesurfer imgreg_4dfp.c
/usr/pubsw/packages/freesurfer/freesurfer-7.1/average/711-2C_as_mni_average_305.4dfp.img
       256       256       256         1
  1.000000  1.000000  1.000000
orientation T byte_order littleendian
Reading image: /usr/pubsw/packages/freesurfer/freesurfer-7.1/average/711-2C_as_mni_average_305.4dfp.img
dimensions:      256       256       256
mmppix:       1.0000   -1.0000   -1.0000
center:     128.0000 -129.0000 -129.0000
/usr/pubsw/packages/freesurfer/freesurfer-7.1/average/711-2B_as_mni_average_305_mask.4dfp.img
       256       256       256         1
  1.000000  1.000000  1.000000
orientation T byte_order littleendian
Reading mask: /usr/pubsw/packages/freesurfer/freesurfer-7.1/average/711-2B_as_mni_average_305_mask.4dfp.img (2306576 pixels)
talsrcimg_g11.4dfp.img
       256       256       256         1
  1.000000  1.000000  1.000000
orientation T byte_order littleendian
Reading image: talsrcimg_g11.4dfp.img
dimensions:      256       256       256
mmppix:       1.0000   -1.0000   -1.0000
center:     128.0000 -129.0000 -129.0000
rotation matrix determinant  1.000000
image alignment mode   4355 decimal     1103 hex
   -7.5000  -45.0000  -37.5000 2317.8325   17.8558
    0.0000  -45.0000  -37.5000 2323.3413   17.7853
    7.5000  -45.0000  -37.5000 2312.3367   17.8606
   -7.5000  -37.5000  -37.5000 2311.1365   18.3391
    0.0000  -37.5000  -37.5000 2316.5491   18.2585
    7.5000  -37.5000  -37.5000 2302.6233   18.2898
   -7.5000  -30.0000  -37.5000 2314.4993   18.7712
    0.0000  -30.0000  -37.5000 2321.6736   18.6527
    7.5000  -30.0000  -37.5000 2302.0991   18.7318
   -7.5000  -22.5000  -37.5000 2310.1064   19.1964
    0.0000  -22.5000  -37.5000 2316.4919   19.1528
    7.5000  -22.5000  -37.5000 2303.5193   19.2374
   -7.5000  -15.0000  -37.5000 2313.9456   19.6374
    0.0000  -15.0000  -37.5000 2320.8875   19.6582
    7.5000  -15.0000  -37.5000 2305.7271   19.7445
   -7.5000   -7.5000  -37.5000 2316.9409   20.2953
    0.0000   -7.5000  -37.5000 2326.0110   20.2332
    7.5000   -7.5000  -37.5000 2306.9675   20.3976
   -7.5000    0.0000  -37.5000 2311.4282   20.9782
    0.0000    0.0000  -37.5000 2324.1665   20.9117
    7.5000    0.0000  -37.5000 2304.7947   21.1021
   -7.5000    7.5000  -37.5000 2315.0647   21.5782
    0.0000    7.5000  -37.5000 2326.0803   21.5713
    7.5000    7.5000  -37.5000 2302.5710   21.7738
   -7.5000   15.0000  -37.5000 2299.8914   22.3267
    0.0000   15.0000  -37.5000 2319.9941   22.3483
    7.5000   15.0000  -37.5000 2292.6003   22.5439
   -7.5000   22.5000  -37.5000 2282.6960   23.3194
    0.0000   22.5000  -37.5000 2302.9827   23.3354
    7.5000   22.5000  -37.5000 2274.6536   23.5792
   -7.5000   30.0000  -37.5000 2256.1724   24.6739
    0.0000   30.0000  -37.5000 2280.1392   24.7218
    7.5000   30.0000  -37.5000 2246.7439   24.8985
   -7.5000   37.5000  -37.5000 2205.3342   26.3367
    0.0000   37.5000  -37.5000 2228.8037   26.5052
    7.5000   37.5000  -37.5000 2197.7993   26.6217
   -7.5000   45.0000  -37.5000 2115.9973   28.4594
    0.0000   45.0000  -37.5000 2137.0435   28.6531
    7.5000   45.0000  -37.5000 2107.8364   28.7784
   -7.5000  -45.0000  -30.0000 2443.1372   17.2965
    0.0000  -45.0000  -30.0000 2442.0527   17.1497
    7.5000  -45.0000  -30.0000 2435.6809   17.2437
   -7.5000  -37.5000  -30.0000 2440.5630   17.7572
    0.0000  -37.5000  -30.0000 2444.6228   17.6111
    7.5000  -37.5000  -30.0000 2428.2048   17.6874
   -7.5000  -30.0000  -30.0000 2442.1157   18.1652
    0.0000  -30.0000  -30.0000 2450.1846   18.0483
    7.5000  -30.0000  -30.0000 2427.3958   18.1491
   -7.5000  -22.5000  -30.0000 2440.1799   18.5577
    0.0000  -22.5000  -30.0000 2447.9468   18.4361
    7.5000  -22.5000  -30.0000 2429.3511   18.5687
   -7.5000  -15.0000  -30.0000 2435.7764   18.8651
    0.0000  -15.0000  -30.0000 2440.0127   18.7856
    7.5000  -15.0000  -30.0000 2430.2468   18.9221
   -7.5000   -7.5000  -30.0000 2434.3491   19.3650
    0.0000   -7.5000  -30.0000 2446.1680   19.3011
    7.5000   -7.5000  -30.0000 2437.6694   19.4431
   -7.5000    0.0000  -30.0000 2438.4741   20.0371
    0.0000    0.0000  -30.0000 2450.5115   19.9502
    7.5000    0.0000  -30.0000 2437.5486   20.1656
   -7.5000    7.5000  -30.0000 2445.3406   20.6454
    0.0000    7.5000  -30.0000 2456.2549   20.6060
    7.5000    7.5000  -30.0000 2438.4065   20.8157
   -7.5000   15.0000  -30.0000 2438.6521   21.5284
    0.0000   15.0000  -30.0000 2451.2996   21.4443
    7.5000   15.0000  -30.0000 2429.4688   21.7031
   -7.5000   22.5000  -30.0000 2424.1680   22.5570
    0.0000   22.5000  -30.0000 2436.0325   22.4809
    7.5000   22.5000  -30.0000 2415.7302   22.7537
   -7.5000   30.0000  -30.0000 2389.8965   23.8431
    0.0000   30.0000  -30.0000 2412.0259   23.7566
    7.5000   30.0000  -30.0000 2377.4294   24.0055
   -7.5000   37.5000  -30.0000 2342.8254   25.3801
    0.0000   37.5000  -30.0000 2363.2500   25.4294
    7.5000   37.5000  -30.0000 2333.8508   25.5789
   -7.5000   45.0000  -30.0000 2254.1433   27.3207
    0.0000   45.0000  -30.0000 2275.2495   27.3936
    7.5000   45.0000  -30.0000 2242.5120   27.6057
   -7.5000  -45.0000  -22.5000 2526.0420   16.5585
    0.0000  -45.0000  -22.5000 2525.9109   16.3687
    7.5000  -45.0000  -22.5000 2519.7910   16.5050
   -7.5000  -37.5000  -22.5000 2524.5786   16.9183
    0.0000  -37.5000  -22.5000 2529.9224   16.7247
    7.5000  -37.5000  -22.5000 2518.4871   16.8754
   -7.5000  -30.0000  -22.5000 2522.6584   17.2596
    0.0000  -30.0000  -22.5000 2528.9370   17.1088
    7.5000  -30.0000  -22.5000 2520.0603   17.2862
   -7.5000  -22.5000  -22.5000 2524.3457   17.6302
    0.0000  -22.5000  -22.5000 2525.6292   17.4561
    7.5000  -22.5000  -22.5000 2523.0398   17.6578
   -7.5000  -15.0000  -22.5000 2528.2588   18.0155
    0.0000  -15.0000  -22.5000 2528.3989   17.8607
    7.5000  -15.0000  -22.5000 2526.7856   18.0516
   -7.5000   -7.5000  -22.5000 2523.9690   18.3955
    0.0000   -7.5000  -22.5000 2530.7773   18.2509
    7.5000   -7.5000  -22.5000 2528.3098   18.4743
   -7.5000    0.0000  -22.5000 2529.2788   18.9475
    0.0000    0.0000  -22.5000 2536.8154   18.7793
    7.5000    0.0000  -22.5000 2534.8335   19.0346
   -7.5000    7.5000  -22.5000 2544.7422   19.5248
    0.0000    7.5000  -22.5000 2548.5020   19.4372
    7.5000    7.5000  -22.5000 2541.4749   19.6968
   -7.5000   15.0000  -22.5000 2550.9639   20.4875
    0.0000   15.0000  -22.5000 2548.8604   20.3037
    7.5000   15.0000  -22.5000 2533.4197   20.6046
   -7.5000   22.5000  -22.5000 2540.8291   21.5706
    0.0000   22.5000  -22.5000 2539.8845   21.3504
    7.5000   22.5000  -22.5000 2516.4390   21.6632
   -7.5000   30.0000  -22.5000 2501.2932   22.7764
    0.0000   30.0000  -22.5000 2509.4861   22.5779
    7.5000   30.0000  -22.5000 2476.7244   22.8547
   -7.5000   37.5000  -22.5000 2441.7031   24.1902
    0.0000   37.5000  -22.5000 2449.4351   24.0874
    7.5000   37.5000  -22.5000 2422.4927   24.3252
   -7.5000   45.0000  -22.5000 2354.2905   26.0564
    0.0000   45.0000  -22.5000 2362.2073   25.9994
    7.5000   45.0000  -22.5000 2335.9539   26.2172
   -7.5000  -45.0000  -15.0000 2565.9910   15.8169
    0.0000  -45.0000  -15.0000 2571.0186   15.6237
    7.5000  -45.0000  -15.0000 2568.0691   15.7685
   -7.5000  -37.5000  -15.0000 2570.8179   16.0835
    0.0000  -37.5000  -15.0000 2572.0132   15.8572
    7.5000  -37.5000  -15.0000 2570.7061   16.0383
   -7.5000  -30.0000  -15.0000 2572.8494   16.4402
    0.0000  -30.0000  -15.0000 2572.7236   16.2125
    7.5000  -30.0000  -15.0000 2575.2019   16.4127
   -7.5000  -22.5000  -15.0000 2578.8196   16.8052
    0.0000  -22.5000  -15.0000 2575.5671   16.5880
    7.5000  -22.5000  -15.0000 2582.5088   16.7992
   -7.5000  -15.0000  -15.0000 2586.5601   17.1683
    0.0000  -15.0000  -15.0000 2579.7769   16.9798
    7.5000  -15.0000  -15.0000 2586.4460   17.1996
   -7.5000   -7.5000  -15.0000 2597.2837   17.6053
    0.0000   -7.5000  -15.0000 2593.0322   17.4101
    7.5000   -7.5000  -15.0000 2596.4495   17.7015
   -7.5000    0.0000  -15.0000 2596.2498   18.0508
    0.0000    0.0000  -15.0000 2594.9265   17.8413
    7.5000    0.0000  -15.0000 2597.9976   18.1844
   -7.5000    7.5000  -15.0000 2608.6497   18.5239
    0.0000    7.5000  -15.0000 2609.5151   18.3903
    7.5000    7.5000  -15.0000 2605.5735   18.7666
   -7.5000   15.0000  -15.0000 2622.3989   19.4507
    0.0000   15.0000  -15.0000 2619.1917   19.2331
    7.5000   15.0000  -15.0000 2606.5684   19.6321
   -7.5000   22.5000  -15.0000 2614.0701   20.5456
    0.0000   22.5000  -15.0000 2617.8621   20.2880
    7.5000   22.5000  -15.0000 2593.9568   20.6605
   -7.5000   30.0000  -15.0000 2571.7617   21.6550
    0.0000   30.0000  -15.0000 2572.5657   21.4525
    7.5000   30.0000  -15.0000 2551.4800   21.7815
   -7.5000   37.5000  -15.0000 2507.2141   23.0050
    0.0000   37.5000  -15.0000 2507.4736   22.8403
    7.5000   37.5000  -15.0000 2494.2456   23.2124
   -7.5000   45.0000  -15.0000 2420.4631   24.8481
    0.0000   45.0000  -15.0000 2420.8870   24.6989
    7.5000   45.0000  -15.0000 2405.9744   25.0948
   -7.5000  -45.0000   -7.5000 2583.8687   15.2588
    0.0000  -45.0000   -7.5000 2588.2412   15.0674
    7.5000  -45.0000   -7.5000 2599.5718   15.2639
   -7.5000  -37.5000   -7.5000 2597.4302   15.5083
    0.0000  -37.5000   -7.5000 2592.8831   15.2533
    7.5000  -37.5000   -7.5000 2604.9775   15.5065
   -7.5000  -30.0000   -7.5000 2600.2170   15.8206
    0.0000  -30.0000   -7.5000 2597.7417   15.5398
    7.5000  -30.0000   -7.5000 2610.9563   15.7950
   -7.5000  -22.5000   -7.5000 2621.3042   16.2258
    0.0000  -22.5000   -7.5000 2611.7605   15.9303
    7.5000  -22.5000   -7.5000 2625.0952   16.1946
   -7.5000  -15.0000   -7.5000 2637.8625   16.6077
    0.0000  -15.0000   -7.5000 2632.8364   16.4087
    7.5000  -15.0000   -7.5000 2643.3040   16.6595
   -7.5000   -7.5000   -7.5000 2668.9507   17.1245
    0.0000   -7.5000   -7.5000 2668.3000   16.9363
    7.5000   -7.5000   -7.5000 2671.3389   17.1759
   -7.5000    0.0000   -7.5000 2669.9973   17.6033
    0.0000    0.0000   -7.5000 2680.6277   17.4265
    7.5000    0.0000   -7.5000 2678.7114   17.7212
   -7.5000    7.5000   -7.5000 2667.5486   17.9573
    0.0000    7.5000   -7.5000 2676.3298   17.7378
    7.5000    7.5000   -7.5000 2669.6294   18.2027
   -7.5000   15.0000   -7.5000 2683.7559   18.6961
    0.0000   15.0000   -7.5000 2684.1199   18.4423
    7.5000   15.0000   -7.5000 2670.6038   18.9260
   -7.5000   22.5000   -7.5000 2670.7939   19.6750
    0.0000   22.5000   -7.5000 2677.3682   19.3932
    7.5000   22.5000   -7.5000 2655.7776   19.8217
   -7.5000   30.0000   -7.5000 2620.0559   20.6543
    0.0000   30.0000   -7.5000 2629.1316   20.4119
    7.5000   30.0000   -7.5000 2613.0974   20.8904
   -7.5000   37.5000   -7.5000 2557.6321   21.9399
    0.0000   37.5000   -7.5000 2557.4639   21.7204
    7.5000   37.5000   -7.5000 2552.4214   22.2666
   -7.5000   45.0000   -7.5000 2463.7339   23.8058
    0.0000   45.0000   -7.5000 2470.3406   23.6230
    7.5000   45.0000   -7.5000 2450.0442   24.2110
   -7.5000  -45.0000    0.0000 2607.0244   15.0931
    0.0000  -45.0000    0.0000 2599.0063   14.8974
    7.5000  -45.0000    0.0000 2614.2449   15.0188
   -7.5000  -37.5000    0.0000 2614.9468   15.3498
    0.0000  -37.5000    0.0000 2603.1848   15.1431
    7.5000  -37.5000    0.0000 2617.6526   15.2964
   -7.5000  -30.0000    0.0000 2615.2451   15.6480
    0.0000  -30.0000    0.0000 2612.1489   15.4675
    7.5000  -30.0000    0.0000 2621.9414   15.6207
   -7.5000  -22.5000    0.0000 2639.0432   15.9707
    0.0000  -22.5000    0.0000 2638.5884   15.8824
    7.5000  -22.5000    0.0000 2645.7542   15.9720
   -7.5000  -15.0000    0.0000 2669.4548   16.4469
    0.0000  -15.0000    0.0000 2682.2212   16.4195
    7.5000  -15.0000    0.0000 2677.8120   16.4833
   -7.5000   -7.5000    0.0000 2711.9241   17.1311
    0.0000   -7.5000    0.0000 2726.3088   17.1132
    7.5000   -7.5000    0.0000 2717.9121   17.0920
   -7.5000    0.0000    0.0000 2736.5178   17.7640
    0.0000    0.0000    0.0000 2762.0010   17.7919
    7.5000    0.0000    0.0000 2739.2944   17.7078
   -7.5000    7.5000    0.0000 2738.4458   17.9632
    0.0000    7.5000    0.0000 2766.0232   17.9013
    7.5000    7.5000    0.0000 2728.1460   18.0391
   -7.5000   15.0000    0.0000 2734.5928   18.3952
    0.0000   15.0000    0.0000 2749.5046   18.2466
    7.5000   15.0000    0.0000 2708.1221   18.5382
   -7.5000   22.5000    0.0000 2708.8328   19.1267
    0.0000   22.5000    0.0000 2728.4172   18.9781
    7.5000   22.5000    0.0000 2685.1160   19.2804
   -7.5000   30.0000    0.0000 2661.4700   20.1742
    0.0000   30.0000    0.0000 2679.5095   19.9483
    7.5000   30.0000    0.0000 2644.9038   20.3007
   -7.5000   37.5000    0.0000 2597.5261   21.5033
    0.0000   37.5000    0.0000 2611.2021   21.3065
    7.5000   37.5000    0.0000 2580.5083   21.6605
   -7.5000   45.0000    0.0000 2502.3748   23.4589
    0.0000   45.0000    0.0000 2514.8164   23.2845
    7.5000   45.0000    0.0000 2481.8291   23.6533
   -7.5000  -45.0000    7.5000 2624.5193   15.0462
    0.0000  -45.0000    7.5000 2615.3809   15.0185
    7.5000  -45.0000    7.5000 2624.5767   14.9615
   -7.5000  -37.5000    7.5000 2639.4429   15.3947
    0.0000  -37.5000    7.5000 2628.1306   15.3761
    7.5000  -37.5000    7.5000 2636.5647   15.3387
   -7.5000  -30.0000    7.5000 2656.4700   15.7770
    0.0000  -30.0000    7.5000 2649.3313   15.7690
    7.5000  -30.0000    7.5000 2651.8010   15.7437
   -7.5000  -22.5000    7.5000 2690.0891   16.1747
    0.0000  -22.5000    7.5000 2687.9626   16.2411
    7.5000  -22.5000    7.5000 2678.2361   16.1707
   -7.5000  -15.0000    7.5000 2737.0195   16.7351
    0.0000  -15.0000    7.5000 2751.6689   16.9079
    7.5000  -15.0000    7.5000 2717.9250   16.7246
   -7.5000   -7.5000    7.5000 2769.1934   17.4648
    0.0000   -7.5000    7.5000 2798.9995   17.7060
    7.5000   -7.5000    7.5000 2756.6157   17.3621
   -7.5000    0.0000    7.5000 2803.9097   18.2369
    0.0000    0.0000    7.5000 2860.8118   18.6157
    7.5000    0.0000    7.5000 2783.5520   17.9716
   -7.5000    7.5000    7.5000 2828.2375   18.4458
    0.0000    7.5000    7.5000 2912.8804   18.8828
    7.5000    7.5000    7.5000 2782.4758   18.2717
   -7.5000   15.0000    7.5000 2775.4033   18.4105
    0.0000   15.0000    7.5000 2821.3257   18.4848
    7.5000   15.0000    7.5000 2742.5835   18.5470
   -7.5000   22.5000    7.5000 2743.6367   18.9229
    0.0000   22.5000    7.5000 2765.1675   18.7905
    7.5000   22.5000    7.5000 2703.9602   19.0590
   -7.5000   30.0000    7.5000 2691.1162   19.9505
    0.0000   30.0000    7.5000 2705.8855   19.7719
    7.5000   30.0000    7.5000 2662.2844   20.0561
   -7.5000   37.5000    7.5000 2616.2844   21.3513
    0.0000   37.5000    7.5000 2622.8347   21.1847
    7.5000   37.5000    7.5000 2600.6943   21.5221
   -7.5000   45.0000    7.5000 2524.7214   23.3279
    0.0000   45.0000    7.5000 2527.2664   23.1332
    7.5000   45.0000    7.5000 2500.1177   23.4532
   -7.5000  -45.0000   15.0000 2645.4932   15.2530
    0.0000  -45.0000   15.0000 2655.9092   15.3939
    7.5000  -45.0000   15.0000 2652.0972   15.2993
   -7.5000  -37.5000   15.0000 2667.1831   15.6233
    0.0000  -37.5000   15.0000 2670.8828   15.7599
    7.5000  -37.5000   15.0000 2667.8081   15.6590
   -7.5000  -30.0000   15.0000 2689.4290   16.0258
    0.0000  -30.0000   15.0000 2691.1042   16.1513
    7.5000  -30.0000   15.0000 2677.8696   16.0455
   -7.5000  -22.5000   15.0000 2717.3647   16.4747
    0.0000  -22.5000   15.0000 2726.2981   16.6177
    7.5000  -22.5000   15.0000 2693.9641   16.4575
   -7.5000  -15.0000   15.0000 2751.3821   17.0200
    0.0000  -15.0000   15.0000 2770.9316   17.2615
    7.5000  -15.0000   15.0000 2727.7036   17.0279
   -7.5000   -7.5000   15.0000 2776.8113   17.6628
    0.0000   -7.5000   15.0000 2803.6440   18.0235
    7.5000   -7.5000   15.0000 2750.3162   17.6187
   -7.5000    0.0000   15.0000 2803.4878   18.2690
    0.0000    0.0000   15.0000 2848.9814   18.6801
    7.5000    0.0000   15.0000 2779.2126   18.2310
   -7.5000    7.5000   15.0000 2804.9875   18.4143
    0.0000    7.5000   15.0000 2866.0129   18.7908
    7.5000    7.5000   15.0000 2778.7371   18.6058
   -7.5000   15.0000   15.0000 2795.1406   18.8330
    0.0000   15.0000   15.0000 2828.5242   18.8392
    7.5000   15.0000   15.0000 2761.1414   19.0446
   -7.5000   22.5000   15.0000 2757.2522   19.2714
    0.0000   22.5000   15.0000 2775.9731   19.2790
    7.5000   22.5000   15.0000 2713.9233   19.5213
   -7.5000   30.0000   15.0000 2675.9490   20.2133
    0.0000   30.0000   15.0000 2691.7695   20.1259
    7.5000   30.0000   15.0000 2647.8638   20.4073
   -7.5000   37.5000   15.0000 2589.8918   21.5697
    0.0000   37.5000   15.0000 2599.9866   21.4316
    7.5000   37.5000   15.0000 2577.9861   21.7673
   -7.5000   45.0000   15.0000 2504.8250   23.4596
    0.0000   45.0000   15.0000 2510.8481   23.2817
    7.5000   45.0000   15.0000 2487.5996   23.6145
   -7.5000  -45.0000   22.5000 2681.0171   15.6648
    0.0000  -45.0000   22.5000 2688.0413   15.8213
    7.5000  -45.0000   22.5000 2682.4844   15.8011
   -7.5000  -37.5000   22.5000 2696.0203   16.0119
    0.0000  -37.5000   22.5000 2699.8691   16.1416
    7.5000  -37.5000   22.5000 2697.6328   16.1174
   -7.5000  -30.0000   22.5000 2709.7959   16.3987
    0.0000  -30.0000   22.5000 2712.9111   16.4912
    7.5000  -30.0000   22.5000 2703.6821   16.4954
   -7.5000  -22.5000   22.5000 2728.0085   16.8094
    0.0000  -22.5000   22.5000 2735.7100   16.8985
    7.5000  -22.5000   22.5000 2711.0806   16.9084
   -7.5000  -15.0000   22.5000 2739.9258   17.3148
    0.0000  -15.0000   22.5000 2748.2261   17.4597
    7.5000  -15.0000   22.5000 2725.1428   17.4964
   -7.5000   -7.5000   22.5000 2754.9451   17.8648
    0.0000   -7.5000   22.5000 2765.2878   18.0149
    7.5000   -7.5000   22.5000 2749.2202   18.0831
   -7.5000    0.0000   22.5000 2777.9758   18.3422
    0.0000    0.0000   22.5000 2803.9946   18.5036
    7.5000    0.0000   22.5000 2774.6277   18.5466
   -7.5000    7.5000   22.5000 2772.8286   18.5873
    0.0000    7.5000   22.5000 2804.2119   18.5620
    7.5000    7.5000   22.5000 2770.1807   18.9298
   -7.5000   15.0000   22.5000 2770.6592   19.1828
    0.0000   15.0000   22.5000 2800.8123   19.0790
    7.5000   15.0000   22.5000 2752.4031   19.4940
   -7.5000   22.5000   22.5000 2747.8271   19.9688
    0.0000   22.5000   22.5000 2766.9758   19.8736
    7.5000   22.5000   22.5000 2715.4829   20.2002
   -7.5000   30.0000   22.5000 2665.9697   21.0414
    0.0000   30.0000   22.5000 2680.9929   20.8944
    7.5000   30.0000   22.5000 2639.8499   21.2367
   -7.5000   37.5000   22.5000 2563.0637   22.3455
    0.0000   37.5000   22.5000 2575.6577   22.2321
    7.5000   37.5000   22.5000 2552.0215   22.5851
   -7.5000   45.0000   22.5000 2468.3606   24.1129
    0.0000   45.0000   22.5000 2477.0928   23.9509
    7.5000   45.0000   22.5000 2452.0701   24.3063
   -7.5000  -45.0000   30.0000 2670.2693   15.9992
    0.0000  -45.0000   30.0000 2674.0688   16.0762
    7.5000  -45.0000   30.0000 2673.8093   16.1796
   -7.5000  -37.5000   30.0000 2683.6436   16.3021
    0.0000  -37.5000   30.0000 2681.3904   16.3519
    7.5000  -37.5000   30.0000 2683.2859   16.4594
   -7.5000  -30.0000   30.0000 2699.5278   16.6462
    0.0000  -30.0000   30.0000 2693.4705   16.6812
    7.5000  -30.0000   30.0000 2689.3823   16.8387
   -7.5000  -22.5000   30.0000 2716.1001   17.0636
    0.0000  -22.5000   30.0000 2708.8328   17.1004
    7.5000  -22.5000   30.0000 2699.7908   17.3146
   -7.5000  -15.0000   30.0000 2720.0422   17.6093
    0.0000  -15.0000   30.0000 2719.0901   17.6340
    7.5000  -15.0000   30.0000 2706.4238   17.8842
   -7.5000   -7.5000   30.0000 2724.3584   18.1389
    0.0000   -7.5000   30.0000 2727.8926   18.1091
    7.5000   -7.5000   30.0000 2717.7234   18.3980
   -7.5000    0.0000   30.0000 2732.2805   18.5516
    0.0000    0.0000   30.0000 2740.3049   18.4633
    7.5000    0.0000   30.0000 2728.8740   18.8402
   -7.5000    7.5000   30.0000 2731.9448   18.9288
    0.0000    7.5000   30.0000 2748.8562   18.7917
    7.5000    7.5000   30.0000 2725.6587   19.2710
   -7.5000   15.0000   30.0000 2725.8108   19.7027
    0.0000   15.0000   30.0000 2742.7732   19.6189
    7.5000   15.0000   30.0000 2708.9143   19.9946
   -7.5000   22.5000   30.0000 2700.3818   20.7742
    0.0000   22.5000   30.0000 2716.5220   20.6740
    7.5000   22.5000   30.0000 2672.7502   20.9938
   -7.5000   30.0000   30.0000 2631.4456   21.9842
    0.0000   30.0000   30.0000 2645.7834   21.8390
    7.5000   30.0000   30.0000 2605.4131   22.2046
   -7.5000   37.5000   30.0000 2535.0935   23.4642
    0.0000   37.5000   30.0000 2546.2117   23.2647
    7.5000   37.5000   30.0000 2530.7312   23.7130
   -7.5000   45.0000   30.0000 2433.6665   25.3126
    0.0000   45.0000   30.0000 2444.6978   25.1479
    7.5000   45.0000   30.0000 2429.0315   25.5047
   -7.5000  -45.0000   37.5000 2644.3792   16.2894
    0.0000  -45.0000   37.5000 2645.2200   16.2729
    7.5000  -45.0000   37.5000 2651.5000   16.6526
   -7.5000  -37.5000   37.5000 2652.5688   16.5809
    0.0000  -37.5000   37.5000 2651.9866   16.5585
    7.5000  -37.5000   37.5000 2658.6516   16.9249
   -7.5000  -30.0000   37.5000 2663.7983   16.9181
    0.0000  -30.0000   37.5000 2656.4233   16.8682
    7.5000  -30.0000   37.5000 2661.8674   17.2546
   -7.5000  -22.5000   37.5000 2681.7173   17.3667
    0.0000  -22.5000   37.5000 2677.7295   17.3332
    7.5000  -22.5000   37.5000 2673.0232   17.7284
   -7.5000  -15.0000   37.5000 2685.3721   17.9355
    0.0000  -15.0000   37.5000 2686.3772   17.9166
    7.5000  -15.0000   37.5000 2682.9385   18.2729
   -7.5000   -7.5000   37.5000 2683.2659   18.5254
    0.0000   -7.5000   37.5000 2685.1421   18.4060
    7.5000   -7.5000   37.5000 2680.9021   18.8253
   -7.5000    0.0000   37.5000 2676.4692   19.0099
    0.0000    0.0000   37.5000 2684.2268   18.8407
    7.5000    0.0000   37.5000 2670.1631   19.3397
   -7.5000    7.5000   37.5000 2684.0066   19.5511
    0.0000    7.5000   37.5000 2689.9746   19.4071
    7.5000    7.5000   37.5000 2664.1277   19.8609
   -7.5000   15.0000   37.5000 2675.9226   20.4200
    0.0000   15.0000   37.5000 2684.2593   20.2815
    7.5000   15.0000   37.5000 2652.5510   20.6863
   -7.5000   22.5000   37.5000 2645.0894   21.6414
    0.0000   22.5000   37.5000 2656.4644   21.5241
    7.5000   22.5000   37.5000 2620.2024   21.8887
   -7.5000   30.0000   37.5000 2575.5728   22.9955
    0.0000   30.0000   37.5000 2586.4634   22.8523
    7.5000   30.0000   37.5000 2548.0737   23.2249
   -7.5000   37.5000   37.5000 2484.7886   24.5780
    0.0000   37.5000   37.5000 2492.4614   24.3919
    7.5000   37.5000   37.5000 2472.2791   24.8343
   -7.5000   45.0000   37.5000 2380.8357   26.4905
    0.0000   45.0000   37.5000 2399.2449   26.4748
    7.5000   45.0000   37.5000 2381.1379   26.9156
   -7.5000  -45.0000   45.0000 2595.4487   16.8486
    0.0000  -45.0000   45.0000 2589.2849   16.7859
    7.5000  -45.0000   45.0000 2612.2971   17.2593
   -7.5000  -37.5000   45.0000 2600.2397   17.1142
    0.0000  -37.5000   45.0000 2591.6758   17.0279
    7.5000  -37.5000   45.0000 2609.1252   17.5168
   -7.5000  -30.0000   45.0000 2602.0864   17.3524
    0.0000  -30.0000   45.0000 2598.8298   17.2687
    7.5000  -30.0000   45.0000 2607.8364   17.8097
   -7.5000  -22.5000   45.0000 2623.3406   17.7540
    0.0000  -22.5000   45.0000 2620.1311   17.6886
    7.5000  -22.5000   45.0000 2615.7334   18.1778
   -7.5000  -15.0000   45.0000 2627.0671   18.3746
    0.0000  -15.0000   45.0000 2627.2336   18.2588
    7.5000  -15.0000   45.0000 2621.4062   18.7296
   -7.5000   -7.5000   45.0000 2619.4058   19.0524
    0.0000   -7.5000   45.0000 2618.7761   18.8669
    7.5000   -7.5000   45.0000 2619.3933   19.3289
   -7.5000    0.0000   45.0000 2611.5493   19.7374
    0.0000    0.0000   45.0000 2615.2832   19.5215
    7.5000    0.0000   45.0000 2607.0667   20.0408
   -7.5000    7.5000   45.0000 2610.8271   20.4185
    0.0000    7.5000   45.0000 2617.0405   20.2860
    7.5000    7.5000   45.0000 2595.4443   20.7179
   -7.5000   15.0000   45.0000 2593.4404   21.4259
    0.0000   15.0000   45.0000 2603.0850   21.3045
    7.5000   15.0000   45.0000 2573.4399   21.6692
   -7.5000   22.5000   45.0000 2564.5410   22.6887
    0.0000   22.5000   45.0000 2574.2966   22.5331
    7.5000   22.5000   45.0000 2544.3909   22.9279
   -7.5000   30.0000   45.0000 2505.5923   24.0649
    0.0000   30.0000   45.0000 2515.0938   23.9166
    7.5000   30.0000   45.0000 2476.4622   24.3419
   -7.5000   37.5000   45.0000 2419.8794   25.6862
    0.0000   37.5000   45.0000 2429.7153   25.5662
    7.5000   37.5000   45.0000 2404.1089   26.0767
   -7.5000   45.0000   45.0000 2308.7566   27.8288
    0.0000   45.0000   45.0000 2323.5688   27.7186
    7.5000   45.0000   45.0000 2302.8230   28.3104
   -7.5000  -45.0000   52.5000 2529.7017   17.6370
    0.0000  -45.0000   52.5000 2528.6323   17.6149
    7.5000  -45.0000   52.5000 2547.7537   18.0708
   -7.5000  -37.5000   52.5000 2538.1592   17.8854
    0.0000  -37.5000   52.5000 2537.9185   17.8075
    7.5000  -37.5000   52.5000 2543.6594   18.2779
   -7.5000  -30.0000   52.5000 2536.0884   18.1072
    0.0000  -30.0000   52.5000 2538.9385   17.9907
    7.5000  -30.0000   52.5000 2535.4385   18.4891
   -7.5000  -22.5000   52.5000 2548.7629   18.4207
    0.0000  -22.5000   52.5000 2556.0371   18.2810
    7.5000  -22.5000   52.5000 2542.8984   18.7764
   -7.5000  -15.0000   52.5000 2553.2642   18.9571
    0.0000  -15.0000   52.5000 2566.6611   18.8277
    7.5000  -15.0000   52.5000 2547.9775   19.2392
   -7.5000   -7.5000   52.5000 2547.3433   19.6653
    0.0000   -7.5000   52.5000 2562.1440   19.5099
    7.5000   -7.5000   52.5000 2548.8540   19.9683
   -7.5000    0.0000   52.5000 2542.2080   20.5615
    0.0000    0.0000   52.5000 2553.3726   20.4082
    7.5000    0.0000   52.5000 2539.1274   20.8558
   -7.5000    7.5000   52.5000 2529.4680   21.5609
    0.0000    7.5000   52.5000 2535.0815   21.3845
    7.5000    7.5000   52.5000 2520.7908   21.7477
   -7.5000   15.0000   52.5000 2495.8301   22.7152
    0.0000   15.0000   52.5000 2509.8569   22.5453
    7.5000   15.0000   52.5000 2487.8901   22.8535
   -7.5000   22.5000   52.5000 2459.1316   23.9270
    0.0000   22.5000   52.5000 2471.9980   23.7728
    7.5000   22.5000   52.5000 2448.6582   24.2253
   -7.5000   30.0000   52.5000 2405.0027   25.3509
    0.0000   30.0000   52.5000 2422.0100   25.2141
    7.5000   30.0000   52.5000 2388.7964   25.6808
   -7.5000   37.5000   52.5000 2335.5425   27.1067
    0.0000   37.5000   52.5000 2353.4431   26.9834
    7.5000   37.5000   52.5000 2325.9043   27.4884
   -7.5000   45.0000   52.5000 2226.0066   29.4053
    0.0000   45.0000   52.5000 2242.0022   29.3680
    7.5000   45.0000   52.5000 2226.4612   29.8094

---------------------------------------------------------------------
imgreg_4dfp /usr/pubsw/packages/freesurfer/freesurfer-7.1/average/711-2C_as_mni_average_305 /usr/pubsw/packages/freesurfer/freesurfer-7.1/average/711-2B_as_mni_average_305_mask talsrcimg_g11 none talsrcimg_to_711-2C_as_mni_average_305_t4 1283
---------------------------------------------------------------------

freesurfer imgreg_4dfp.c
/usr/pubsw/packages/freesurfer/freesurfer-7.1/average/711-2C_as_mni_average_305.4dfp.img
       256       256       256         1
  1.000000  1.000000  1.000000
orientation T byte_order littleendian
Reading image: /usr/pubsw/packages/freesurfer/freesurfer-7.1/average/711-2C_as_mni_average_305.4dfp.img
dimensions:      256       256       256
mmppix:       1.0000   -1.0000   -1.0000
center:     128.0000 -129.0000 -129.0000
/usr/pubsw/packages/freesurfer/freesurfer-7.1/average/711-2B_as_mni_average_305_mask.4dfp.img
       256       256       256         1
  1.000000  1.000000  1.000000
orientation T byte_order littleendian
Reading mask: /usr/pubsw/packages/freesurfer/freesurfer-7.1/average/711-2B_as_mni_average_305_mask.4dfp.img (2306576 pixels)
talsrcimg_g11.4dfp.img
       256       256       256         1
  1.000000  1.000000  1.000000
orientation T byte_order littleendian
Reading image: talsrcimg_g11.4dfp.img
dimensions:      256       256       256
mmppix:       1.0000   -1.0000   -1.0000
center:     128.0000 -129.0000 -129.0000
rotation matrix determinant  1.000000
fimgreg.f
image alignment mode   1283 decimal      503 hex
parameters
    0.0000    7.5000    7.5000    0.0000    0.0000    0.0000
eta,q 0.91010 18.94778
niter,ni,del,rscale     5    3   12.0000    1.2000
parameter  4  2.601247 -> -0.500000 qaram    1.1500
parameter  6  1.420638 ->  0.500000 qaram    1.1500
parameters
   -1.6828    6.8157    8.9360    3.4500    0.3353   -3.4500
eta,q 0.91820 18.92439
  0.1003  0.0922  0.1239  0.0941  0.0947  0.0817
  0.0904  0.0899  0.1094  0.0949  0.0886  0.0817
  0.0870  0.0888  0.0938  0.0933  0.0842  0.0825
  0.0916  0.0869  0.0879  0.0908  0.0837  0.0839
  0.0989  0.0857  0.0910  0.0863  0.0835  0.0852
  0.1052  0.0900  0.0933  0.0832  0.0861  0.0865
  0.1138  0.1000  0.1008  0.0839  0.0929  0.0883
niter,ni,del,rscale     6    3   12.0000    1.2000
parameters
   -1.9615    5.5182    9.9502    4.9437    0.6376   -2.6243
eta,q 0.91885 18.94240
  0.1071  0.0934  0.1170  0.0986  0.0955  0.0917
  0.0927  0.0863  0.0984  0.0941  0.0872  0.0841
  0.0828  0.0822  0.0843  0.0880  0.0831  0.0805
  0.0818  0.0814  0.0813  0.0817  0.0810  0.0806
  0.0888  0.0878  0.0829  0.0820  0.0799  0.0822
  0.0988  0.0983  0.0890  0.0867  0.0851  0.0841
  0.1083  0.1088  0.0965  0.0901  0.0935  0.0852
niter,ni,del,rscale     5    3   12.0000    1.2000
parameters
   -1.9371    5.0286   10.4756    5.6792    0.8787   -2.0538
eta,q 0.91759 18.96494
  0.1073  0.0976  0.1091  0.0979  0.0939  0.0909
  0.0938  0.0906  0.0903  0.0910  0.0871  0.0840
  0.0832  0.0845  0.0820  0.0843  0.0838  0.0814
  0.0812  0.0812  0.0815  0.0820  0.0823  0.0820
  0.0863  0.0844  0.0847  0.0847  0.0809  0.0835
  0.0953  0.0942  0.0917  0.0883  0.0852  0.0851
  0.1047  0.1051  0.0957  0.0916  0.0931  0.0860
niter,ni,del,rscale     4    3   12.0000    1.2000
parameters
   -1.8598    4.8144   10.6467    6.0668    0.9134   -1.7708
eta,q 0.91664 18.98718
  0.1060  0.0989  0.1045  0.0969  0.0922  0.0900
  0.0942  0.0932  0.0875  0.0888  0.0867  0.0842
  0.0842  0.0868  0.0818  0.0836  0.0844  0.0824
  0.0824  0.0825  0.0827  0.0830  0.0833  0.0832
  0.0869  0.0848  0.0870  0.0857  0.0815  0.0844
  0.0945  0.0929  0.0930  0.0888  0.0856  0.0857
  0.1032  0.1038  0.0959  0.0923  0.0935  0.0870
niter,ni,del,rscale     3    3   12.0000    1.2000
parameters
   -1.8054    4.6853   10.7021    6.2035    0.9117   -1.6849
eta,q 0.91621 18.99327
  0.1050  0.0993  0.1034  0.0959  0.0916  0.0896
  0.0940  0.0942  0.0871  0.0878  0.0867  0.0845
  0.0847  0.0881  0.0820  0.0837  0.0846  0.0829
  0.0834  0.0834  0.0836  0.0837  0.0838  0.0838
  0.0876  0.0853  0.0880  0.0862  0.0819  0.0849
  0.0944  0.0928  0.0933  0.0892  0.0855  0.0860
  0.1026  0.1034  0.0963  0.0928  0.0933  0.0875
niter,ni,del,rscale     2    3   12.0000    1.2000
parameters
   -1.7917    4.6293   10.7248    6.2443    0.9138   -1.6687
eta,q 0.91605 18.99392
  0.1045  0.0995  0.1032  0.0955  0.0915  0.0895
  0.0938  0.0945  0.0871  0.0875  0.0867  0.0846
  0.0849  0.0887  0.0821  0.0838  0.0847  0.0831
  0.0838  0.0838  0.0839  0.0839  0.0839  0.0839
  0.0879  0.0853  0.0884  0.0864  0.0820  0.0851
  0.0946  0.0925  0.0935  0.0893  0.0855  0.0861
  0.1027  0.1029  0.0964  0.0930  0.0932  0.0877
registration optimization eta report
parameter search radius
    6.0000    6.0000    6.0000    6.9000    6.0000    6.9000
100000*second partial in parameter space
       54.       46.       45.       22.       26.       10.
  0.1045  0.0995  0.1032  0.0955  0.0915  0.0895
  0.0938  0.0945  0.0871  0.0875  0.0867  0.0846
  0.0849  0.0887  0.0821  0.0838  0.0847  0.0831
  0.0838  0.0838  0.0839  0.0839  0.0839  0.0839
  0.0879  0.0853  0.0884  0.0864  0.0820  0.0851
  0.0946  0.0925  0.0935  0.0893  0.0855  0.0861
  0.1027  0.1029  0.0964  0.0930  0.0932  0.0877
   -1.7917    4.6293   10.7248    6.2443    0.9138   -1.6687
eta,q 0.91605 18.99392

---------------------------------------------------------------------
imgreg_4dfp /usr/pubsw/packages/freesurfer/freesurfer-7.1/average/711-2C_as_mni_average_305 /usr/pubsw/packages/freesurfer/freesurfer-7.1/average/711-2B_as_mni_average_305_mask talsrcimg_g11 none talsrcimg_to_711-2C_as_mni_average_305_t4 3335
---------------------------------------------------------------------

freesurfer imgreg_4dfp.c
/usr/pubsw/packages/freesurfer/freesurfer-7.1/average/711-2C_as_mni_average_305.4dfp.img
       256       256       256         1
  1.000000  1.000000  1.000000
orientation T byte_order littleendian
Reading image: /usr/pubsw/packages/freesurfer/freesurfer-7.1/average/711-2C_as_mni_average_305.4dfp.img
dimensions:      256       256       256
mmppix:       1.0000   -1.0000   -1.0000
center:     128.0000 -129.0000 -129.0000
/usr/pubsw/packages/freesurfer/freesurfer-7.1/average/711-2B_as_mni_average_305_mask.4dfp.img
       256       256       256         1
  1.000000  1.000000  1.000000
orientation T byte_order littleendian
Reading mask: /usr/pubsw/packages/freesurfer/freesurfer-7.1/average/711-2B_as_mni_average_305_mask.4dfp.img (2306576 pixels)
talsrcimg_g11.4dfp.img
       256       256       256         1
  1.000000  1.000000  1.000000
orientation T byte_order littleendian
Reading image: talsrcimg_g11.4dfp.img
dimensions:      256       256       256
mmppix:       1.0000   -1.0000   -1.0000
center:     128.0000 -129.0000 -129.0000
fimgreg.f
image alignment mode   3335 decimal      D07 hex
parameters
   -1.7917    4.6293   10.7248   -0.0551   -0.6304   -0.6059
    2.7214   -1.9014   -2.9117  -10.8260    1.5948   10.8754
eta,q 0.91486 19.15056
niter,ni,del,rscale     5    3    5.0000    1.2000
parameter  4  0.706505 ->  0.500000 qaram    1.1500
parameter  5  2.169399 ->  0.500000 qaram    1.1500
parameter  6  0.872034 ->  0.500000 qaram    1.1500
parameter 12  1.125536 ->  0.500000 qaram    1.1500
parameters
   -2.0440    4.6551   10.2669   -4.1951   -4.7704   -4.7459
    3.4299   -1.0997   -0.6815  -10.5818    0.4245    6.7354
eta,q 0.93253 19.39438
  0.0896  0.0871  0.0872  0.0808  0.0720  0.0680  0.0716  0.0730  0.0713  0.0721  0.0694  0.0671
  0.0867  0.0861  0.0855  0.0809  0.0742  0.0686  0.0703  0.0705  0.0702  0.0704  0.0690  0.0674
  0.0852  0.0854  0.0849  0.0818  0.0771  0.0705  0.0693  0.0694  0.0693  0.0692  0.0688  0.0679
  0.0851  0.0850  0.0850  0.0848  0.0810  0.0749  0.0689  0.0689  0.0689  0.0688  0.0688  0.0688
  0.0863  0.0851  0.0859  0.0910  0.0859  0.0823  0.0690  0.0690  0.0688  0.0691  0.0690  0.0699
  0.0886  0.0859  0.0875  0.0998  0.0908  0.0928  0.0696  0.0696  0.0690  0.0701  0.0694  0.0713
  0.0915  0.0872  0.0896  0.1098  0.0959  0.1023  0.0707  0.0714  0.0694  0.0717  0.0701  0.0730
niter,ni,del,rscale     7    3    5.0000    1.2000
parameter  2 -1.212557 -> -0.500000 qaram    1.1500
parameter  5  0.868851 ->  0.500000 qaram    1.3225
parameter 10 -0.802667 -> -0.500000 qaram    1.1500
parameter 12  0.680646 ->  0.500000 qaram    1.3225
parameters
   -1.8774    6.0351    9.2985   -6.2849   -9.5314   -8.7635
    2.3034   -1.3387   -0.4986   -6.4418   -0.7085    1.9744
eta,q 0.93984 19.00082
  0.0702  0.0727  0.0660  0.0678  0.0624  0.0616  0.0637  0.0643  0.0632  0.0675  0.0611  0.0604
  0.0688  0.0707  0.0655  0.0668  0.0626  0.0618  0.0627  0.0631  0.0626  0.0651  0.0609  0.0602
  0.0679  0.0690  0.0654  0.0659  0.0636  0.0624  0.0621  0.0623  0.0622  0.0632  0.0608  0.0603
  0.0675  0.0674  0.0657  0.0654  0.0657  0.0628  0.0621  0.0620  0.0620  0.0620  0.0608  0.0607
  0.0676  0.0662  0.0664  0.0661  0.0694  0.0650  0.0627  0.0624  0.0621  0.0611  0.0608  0.0613
  0.0683  0.0655  0.0676  0.0697  0.0744  0.0708  0.0636  0.0633  0.0625  0.0607  0.0611  0.0620
  0.0696  0.0653  0.0692  0.0768  0.0792  0.0820  0.0650  0.0647  0.0631  0.0607  0.0615  0.0629
niter,ni,del,rscale     7    3    5.0000    1.2000
parameter  2 -2.596522 -> -0.500000 qaram    1.3225
parameter 10 -0.903734 -> -0.500000 qaram    1.3225
parameters
   -1.7381    7.6221    8.7001   -5.7463  -14.1772  -11.3073
    2.0079   -1.0586    0.5314   -1.6808    0.1019    0.8892
eta,q 0.94699 18.79515
  0.0623  0.0686  0.0570  0.0601  0.0559  0.0561  0.0568  0.0581  0.0568  0.0625  0.0540  0.0545
  0.0612  0.0656  0.0566  0.0588  0.0554  0.0553  0.0559  0.0565  0.0560  0.0595  0.0535  0.0535
  0.0604  0.0627  0.0565  0.0576  0.0554  0.0551  0.0553  0.0556  0.0554  0.0570  0.0532  0.0530
  0.0602  0.0602  0.0565  0.0564  0.0563  0.0554  0.0551  0.0551  0.0551  0.0550  0.0531  0.0530
  0.0603  0.0579  0.0568  0.0558  0.0581  0.0559  0.0554  0.0553  0.0551  0.0536  0.0531  0.0535
  0.0609  0.0560  0.0573  0.0568  0.0621  0.0573  0.0561  0.0562  0.0554  0.0530  0.0533  0.0542
  0.0618  0.0545  0.0582  0.0604  0.0681  0.0614  0.0572  0.0578  0.0561  0.0529  0.0537  0.0552
niter,ni,del,rscale     7    3    5.0000    1.2000
parameter  2 -2.575743 -> -0.500000 qaram    1.5209
parameter  3  0.532665 ->  0.500000 qaram    1.1500
parameter 10 -0.956932 -> -0.500000 qaram    1.5209
parameter 12  0.608442 ->  0.500000 qaram    1.5209
parameters
   -1.6091    9.4472    7.3201   -5.0938  -16.8846  -12.7321
    1.5960   -0.9000    0.5038    3.7943   -0.3753   -4.5859
eta,q 0.95570 18.72642
  0.0555  0.0636  0.0482  0.0518  0.0489  0.0494  0.0495  0.0515  0.0488  0.0572  0.0456  0.0447
  0.0542  0.0598  0.0479  0.0504  0.0482  0.0483  0.0485  0.0496  0.0482  0.0536  0.0452  0.0443
  0.0534  0.0562  0.0480  0.0491  0.0477  0.0477  0.0478  0.0483  0.0478  0.0504  0.0450  0.0444
  0.0530  0.0530  0.0483  0.0479  0.0477  0.0477  0.0476  0.0476  0.0476  0.0476  0.0450  0.0450
  0.0532  0.0501  0.0488  0.0473  0.0484  0.0484  0.0480  0.0481  0.0477  0.0456  0.0451  0.0457
  0.0539  0.0476  0.0495  0.0483  0.0503  0.0490  0.0488  0.0494  0.0482  0.0448  0.0454  0.0467
  0.0550  0.0459  0.0505  0.0519  0.0540  0.0518  0.0500  0.0512  0.0489  0.0447  0.0458  0.0479
niter,ni,del,rscale     7    3    5.0000    1.2000
parameter  2 -2.070099 -> -0.500000 qaram    1.7490
parameter  3  0.590463 ->  0.500000 qaram    1.3225
parameter 10 -0.597987 -> -0.500000 qaram    1.7490
parameters
   -1.6497   11.5460    5.7331   -4.9007  -19.4197  -13.0682
    1.8066   -0.9906    0.4527   10.0907   -0.0195   -8.5915
eta,q 0.96565 18.80444
  0.0471  0.0590  0.0377  0.0415  0.0384  0.0403  0.0396  0.0419  0.0390  0.0515  0.0358  0.0357
  0.0456  0.0538  0.0374  0.0399  0.0376  0.0387  0.0384  0.0394  0.0381  0.0459  0.0353  0.0346
  0.0447  0.0488  0.0374  0.0386  0.0373  0.0376  0.0377  0.0377  0.0375  0.0411  0.0350  0.0344
  0.0443  0.0443  0.0380  0.0373  0.0373  0.0372  0.0373  0.0373  0.0372  0.0372  0.0349  0.0349
  0.0446  0.0404  0.0389  0.0367  0.0378  0.0377  0.0375  0.0380  0.0375  0.0352  0.0349  0.0359
  0.0457  0.0372  0.0402  0.0382  0.0393  0.0385  0.0382  0.0396  0.0381  0.0350  0.0352  0.0371
  0.0474  0.0354  0.0418  0.0425  0.0426  0.0413  0.0394  0.0420  0.0391  0.0364  0.0357  0.0384
niter,ni,del,rscale     7    3    5.0000    1.2000
parameter  2 -1.029132 -> -0.500000 qaram    2.0114
parameters
   -1.7177   13.9596    5.0750   -4.3825  -19.8850  -12.6451
    1.8310   -0.8347    0.3888   11.7212   -0.0772  -10.4719
eta,q 0.97221 19.04295
  0.0374  0.0531  0.0302  0.0334  0.0315  0.0327  0.0308  0.0336  0.0308  0.0432  0.0291  0.0300
  0.0358  0.0464  0.0289  0.0314  0.0297  0.0304  0.0294  0.0305  0.0293  0.0360  0.0285  0.0285
  0.0347  0.0400  0.0283  0.0298  0.0286  0.0287  0.0284  0.0286  0.0283  0.0306  0.0281  0.0278
  0.0344  0.0344  0.0284  0.0282  0.0280  0.0280  0.0280  0.0280  0.0280  0.0280  0.0279  0.0279
  0.0347  0.0302  0.0292  0.0274  0.0282  0.0281  0.0283  0.0287  0.0283  0.0287  0.0281  0.0288
  0.0359  0.0280  0.0307  0.0290  0.0297  0.0289  0.0293  0.0303  0.0293  0.0317  0.0285  0.0301
  0.0379  0.0283  0.0327  0.0337  0.0330  0.0324  0.0308  0.0330  0.0309  0.0371  0.0291  0.0316
niter,ni,del,rscale     7    3    5.0000    1.2000
parameters
   -1.6046   15.0010    4.9172   -4.5187  -19.9953  -12.5287
    1.6718   -0.5835    0.1326   12.7841    0.1606  -11.4278
eta,q 0.97299 19.10773
  0.0320  0.0449  0.0298  0.0320  0.0311  0.0315  0.0298  0.0325  0.0298  0.0409  0.0283  0.0298
  0.0299  0.0374  0.0282  0.0301  0.0291  0.0292  0.0284  0.0294  0.0282  0.0338  0.0276  0.0280
  0.0285  0.0315  0.0272  0.0285  0.0277  0.0276  0.0274  0.0276  0.0273  0.0288  0.0272  0.0271
  0.0278  0.0278  0.0269  0.0269  0.0270  0.0270  0.0270  0.0270  0.0270  0.0270  0.0271  0.0271
  0.0280  0.0270  0.0274  0.0266  0.0271  0.0270  0.0274  0.0276  0.0274  0.0282  0.0272  0.0277
  0.0292  0.0297  0.0286  0.0289  0.0286  0.0282  0.0285  0.0291  0.0285  0.0316  0.0275  0.0290
  0.0314  0.0352  0.0304  0.0341  0.0320  0.0320  0.0301  0.0317  0.0302  0.0365  0.0282  0.0306
niter,ni,del,rscale     6    3    5.0000    1.2000
parameters
   -1.5026   15.1680    4.8061   -4.5921  -20.0587  -12.5381
    1.5578   -0.4132   -0.0370   13.1772    0.3187  -11.6810
eta,q 0.97297 19.11152
  0.0313  0.0404  0.0298  0.0320  0.0312  0.0315  0.0299  0.0323  0.0298  0.0394  0.0283  0.0303
  0.0291  0.0338  0.0283  0.0301  0.0291  0.0292  0.0284  0.0293  0.0282  0.0325  0.0276  0.0283
  0.0277  0.0291  0.0273  0.0285  0.0278  0.0276  0.0274  0.0275  0.0273  0.0282  0.0272  0.0273
  0.0270  0.0270  0.0269  0.0269  0.0270  0.0270  0.0270  0.0270  0.0270  0.0270  0.0270  0.0270
  0.0273  0.0281  0.0273  0.0266  0.0271  0.0269  0.0274  0.0276  0.0274  0.0286  0.0271  0.0276
  0.0285  0.0324  0.0285  0.0288  0.0286  0.0284  0.0285  0.0291  0.0284  0.0321  0.0275  0.0288
  0.0307  0.0390  0.0304  0.0339  0.0320  0.0323  0.0301  0.0317  0.0300  0.0374  0.0282  0.0303
niter,ni,del,rscale     5    3    5.0000    1.2000
parameters
   -1.4500   15.2377    4.7598   -4.6236  -20.1228  -12.5552
    1.4900   -0.3332   -0.1272   13.2974    0.4080  -11.7613
eta,q 0.97294 19.10682
  0.0311  0.0399  0.0300  0.0321  0.0313  0.0315  0.0299  0.0321  0.0299  0.0388  0.0283  0.0304
  0.0290  0.0334  0.0284  0.0302  0.0292  0.0292  0.0285  0.0293  0.0283  0.0321  0.0276  0.0284
  0.0276  0.0289  0.0274  0.0285  0.0278  0.0277  0.0274  0.0275  0.0273  0.0280  0.0272  0.0273
  0.0270  0.0270  0.0270  0.0270  0.0270  0.0270  0.0270  0.0270  0.0270  0.0270  0.0271  0.0271
  0.0273  0.0283  0.0274  0.0266  0.0271  0.0269  0.0274  0.0277  0.0274  0.0288  0.0272  0.0276
  0.0286  0.0328  0.0285  0.0288  0.0286  0.0284  0.0285  0.0292  0.0284  0.0323  0.0275  0.0287
  0.0309  0.0394  0.0303  0.0338  0.0321  0.0324  0.0301  0.0318  0.0300  0.0377  0.0282  0.0303
niter,ni,del,rscale     4    3    5.0000    1.2000
parameters
   -1.4238   15.2671    4.7438   -4.6364  -20.1558  -12.5584
    1.4595   -0.3011   -0.1725   13.3492    0.4490  -11.7872
eta,q 0.97292 19.10445
  0.0310  0.0397  0.0301  0.0321  0.0313  0.0315  0.0300  0.0321  0.0299  0.0386  0.0283  0.0305
  0.0290  0.0332  0.0285  0.0302  0.0292  0.0293  0.0285  0.0292  0.0283  0.0320  0.0276  0.0284
  0.0276  0.0289  0.0275  0.0286  0.0278  0.0277  0.0275  0.0275  0.0274  0.0280  0.0272  0.0273
  0.0271  0.0271  0.0271  0.0271  0.0271  0.0271  0.0271  0.0271  0.0271  0.0271  0.0271  0.0271
  0.0274  0.0284  0.0274  0.0266  0.0272  0.0269  0.0274  0.0277  0.0274  0.0288  0.0272  0.0276
  0.0287  0.0329  0.0285  0.0288  0.0286  0.0284  0.0285  0.0292  0.0284  0.0324  0.0276  0.0287
  0.0310  0.0395  0.0303  0.0337  0.0320  0.0324  0.0301  0.0319  0.0300  0.0378  0.0283  0.0303
niter,ni,del,rscale     3    3    5.0000    1.2000
parameters
   -1.4131   15.2789    4.7398   -4.6425  -20.1693  -12.5570
    1.4460   -0.2884   -0.1929   13.3695    0.4678  -11.7983
eta,q 0.97292 19.10363
  0.0310  0.0396  0.0302  0.0321  0.0313  0.0315  0.0300  0.0321  0.0300  0.0385  0.0283  0.0305
  0.0290  0.0332  0.0285  0.0302  0.0293  0.0293  0.0285  0.0292  0.0284  0.0319  0.0276  0.0285
  0.0276  0.0288  0.0275  0.0286  0.0279  0.0277  0.0275  0.0275  0.0274  0.0280  0.0272  0.0274
  0.0271  0.0271  0.0271  0.0271  0.0271  0.0271  0.0271  0.0271  0.0271  0.0271  0.0271  0.0271
  0.0274  0.0285  0.0274  0.0266  0.0272  0.0269  0.0274  0.0277  0.0274  0.0289  0.0272  0.0276
  0.0288  0.0330  0.0285  0.0287  0.0286  0.0284  0.0285  0.0292  0.0284  0.0324  0.0276  0.0287
  0.0311  0.0396  0.0302  0.0337  0.0320  0.0324  0.0301  0.0319  0.0299  0.0378  0.0283  0.0303
registration optimization eta report
parameter search radius
    2.4000    4.8273    3.1740    8.2800    9.5220    8.2800
    7.2000    7.2000    7.2000   12.5928    7.2000   10.9503
100000*second partial in parameter space
       69.       53.       31.        9.        5.        7.
        6.        9.        6.        7.        2.        3.
  0.0310  0.0396  0.0302  0.0321  0.0313  0.0315  0.0300  0.0321  0.0300  0.0385  0.0283  0.0305
  0.0290  0.0332  0.0285  0.0302  0.0293  0.0293  0.0285  0.0292  0.0284  0.0319  0.0276  0.0285
  0.0276  0.0288  0.0275  0.0286  0.0279  0.0277  0.0275  0.0275  0.0274  0.0280  0.0272  0.0274
  0.0271  0.0271  0.0271  0.0271  0.0271  0.0271  0.0271  0.0271  0.0271  0.0271  0.0271  0.0271
  0.0274  0.0285  0.0274  0.0266  0.0272  0.0269  0.0274  0.0277  0.0274  0.0289  0.0272  0.0276
  0.0288  0.0330  0.0285  0.0287  0.0286  0.0284  0.0285  0.0292  0.0284  0.0324  0.0276  0.0287
  0.0311  0.0396  0.0302  0.0337  0.0320  0.0324  0.0301  0.0319  0.0299  0.0378  0.0283  0.0303
   -1.4131   15.2789    4.7398   -4.6425  -20.1693  -12.5570
    1.4460   -0.2884   -0.1929   13.3695    0.4678  -11.7983
eta,q 0.97292 19.10363

---------------------------------------------------------------------
imgreg_4dfp /usr/pubsw/packages/freesurfer/freesurfer-7.1/average/711-2C_as_mni_average_305 /usr/pubsw/packages/freesurfer/freesurfer-7.1/average/711-2B_as_mni_average_305_mask talsrcimg_g11 none talsrcimg_to_711-2C_as_mni_average_305_t4 2311
---------------------------------------------------------------------

freesurfer imgreg_4dfp.c
/usr/pubsw/packages/freesurfer/freesurfer-7.1/average/711-2C_as_mni_average_305.4dfp.img
       256       256       256         1
  1.000000  1.000000  1.000000
orientation T byte_order littleendian
Reading image: /usr/pubsw/packages/freesurfer/freesurfer-7.1/average/711-2C_as_mni_average_305.4dfp.img
dimensions:      256       256       256
mmppix:       1.0000   -1.0000   -1.0000
center:     128.0000 -129.0000 -129.0000
/usr/pubsw/packages/freesurfer/freesurfer-7.1/average/711-2B_as_mni_average_305_mask.4dfp.img
       256       256       256         1
  1.000000  1.000000  1.000000
orientation T byte_order littleendian
Reading mask: /usr/pubsw/packages/freesurfer/freesurfer-7.1/average/711-2B_as_mni_average_305_mask.4dfp.img (2306576 pixels)
talsrcimg_g11.4dfp.img
       256       256       256         1
  1.000000  1.000000  1.000000
orientation T byte_order littleendian
Reading image: talsrcimg_g11.4dfp.img
dimensions:      256       256       256
mmppix:       1.0000   -1.0000   -1.0000
center:     128.0000 -129.0000 -129.0000
fimgreg.f
image alignment mode   2311 decimal      907 hex
parameters
   -1.4131   15.2789    4.7398   -4.6425  -20.1693  -12.5570
    1.4460   -0.2884   -0.1929   13.3695    0.4678  -11.7983
eta,q 0.97292 19.10363
niter,ni,del,rscale     5    3    5.0000    0.8000
parameters
   -1.3627   15.3798    4.7904   -3.1165  -19.3718  -11.3708
    1.3981    0.0899   -0.1700   12.8341    1.0414  -12.4514
eta,q 0.97364 19.36914
  0.0290  0.0288  0.0279  0.0297  0.0281  0.0283  0.0282  0.0297  0.0280  0.0280  0.0272  0.0270
  0.0280  0.0279  0.0275  0.0288  0.0274  0.0273  0.0273  0.0280  0.0271  0.0269  0.0268  0.0266
  0.0273  0.0273  0.0272  0.0279  0.0269  0.0268  0.0267  0.0269  0.0266  0.0264  0.0265  0.0264
  0.0271  0.0271  0.0271  0.0271  0.0266  0.0265  0.0265  0.0265  0.0265  0.0265  0.0264  0.0264
  0.0272  0.0272  0.0271  0.0266  0.0265  0.0264  0.0267  0.0267  0.0266  0.0269  0.0264  0.0266
  0.0278  0.0276  0.0274  0.0268  0.0268  0.0264  0.0273  0.0274  0.0271  0.0276  0.0266  0.0269
  0.0288  0.0285  0.0279  0.0280  0.0274  0.0271  0.0283  0.0288  0.0279  0.0286  0.0269  0.0274
niter,ni,del,rscale     4    3    5.0000    0.7000
parameters
   -1.4722   15.2435    4.8574   -3.1123  -19.3793  -11.3024
    1.5166   -0.1140   -0.0760   12.7962    0.8450  -12.3914
eta,q 0.97368 19.37235
  0.0278  0.0274  0.0271  0.0285  0.0273  0.0273  0.0278  0.0282  0.0276  0.0279  0.0268  0.0270
  0.0270  0.0268  0.0267  0.0276  0.0268  0.0268  0.0270  0.0271  0.0269  0.0269  0.0265  0.0266
  0.0265  0.0264  0.0265  0.0269  0.0265  0.0265  0.0265  0.0265  0.0265  0.0264  0.0264  0.0264
  0.0264  0.0264  0.0263  0.0263  0.0263  0.0263  0.0263  0.0263  0.0263  0.0263  0.0263  0.0263
  0.0266  0.0266  0.0264  0.0264  0.0264  0.0263  0.0265  0.0267  0.0265  0.0266  0.0264  0.0264
  0.0273  0.0271  0.0266  0.0272  0.0268  0.0264  0.0269  0.0274  0.0268  0.0271  0.0266  0.0266
  0.0283  0.0280  0.0269  0.0289  0.0274  0.0275  0.0277  0.0286  0.0274  0.0278  0.0269  0.0269
niter,ni,del,rscale     3    3    5.0000    0.6000
parameters
   -1.5212   15.2282    4.8788   -2.9502  -19.3310  -11.0315
    1.5279   -0.1083   -0.0173   12.7444    0.8957  -12.3924
eta,q 0.97372 19.40764
  0.0275  0.0273  0.0268  0.0281  0.0270  0.0269  0.0274  0.0279  0.0272  0.0274  0.0267  0.0268
  0.0268  0.0267  0.0266  0.0274  0.0267  0.0266  0.0268  0.0270  0.0267  0.0267  0.0265  0.0265
  0.0264  0.0264  0.0264  0.0267  0.0264  0.0264  0.0264  0.0264  0.0264  0.0264  0.0263  0.0263
  0.0263  0.0263  0.0263  0.0263  0.0263  0.0263  0.0263  0.0263  0.0263  0.0263  0.0263  0.0263
  0.0265  0.0264  0.0264  0.0263  0.0264  0.0262  0.0264  0.0265  0.0264  0.0265  0.0263  0.0263
  0.0270  0.0268  0.0265  0.0269  0.0266  0.0263  0.0268  0.0270  0.0267  0.0269  0.0264  0.0265
  0.0277  0.0273  0.0268  0.0281  0.0270  0.0269  0.0274  0.0278  0.0271  0.0274  0.0267  0.0267
niter,ni,del,rscale     2    3    5.0000    0.5000
parameters
   -1.5455   15.2062    4.8966   -2.7930  -19.3531  -10.7707
    1.5283   -0.1106    0.0098   12.7301    0.9597  -12.3700
eta,q 0.97375 19.43545
  0.0271  0.0269  0.0266  0.0277  0.0268  0.0266  0.0270  0.0274  0.0269  0.0271  0.0265  0.0266
  0.0267  0.0266  0.0264  0.0271  0.0265  0.0264  0.0266  0.0267  0.0265  0.0266  0.0264  0.0264
  0.0264  0.0264  0.0263  0.0266  0.0263  0.0263  0.0263  0.0264  0.0263  0.0263  0.0263  0.0263
  0.0263  0.0263  0.0263  0.0263  0.0263  0.0263  0.0262  0.0263  0.0263  0.0263  0.0263  0.0263
  0.0264  0.0264  0.0263  0.0263  0.0263  0.0262  0.0263  0.0264  0.0263  0.0264  0.0263  0.0263
  0.0267  0.0266  0.0264  0.0267  0.0265  0.0262  0.0266  0.0268  0.0265  0.0267  0.0264  0.0264
  0.0272  0.0270  0.0266  0.0276  0.0268  0.0266  0.0270  0.0274  0.0268  0.0270  0.0265  0.0266
niter,ni,del,rscale     1    3    5.0000    0.4000
parameters
   -1.5665   15.1921    4.9225   -2.6634  -19.3915  -10.4409
    1.5356   -0.0998    0.0368   12.7315    1.0412  -12.3428
eta,q 0.97378 19.46586
  0.0268  0.0267  0.0265  0.0272  0.0266  0.0264  0.0267  0.0270  0.0266  0.0268  0.0264  0.0264
  0.0265  0.0264  0.0264  0.0268  0.0264  0.0263  0.0265  0.0265  0.0264  0.0264  0.0263  0.0263
  0.0263  0.0263  0.0263  0.0264  0.0263  0.0263  0.0263  0.0263  0.0263  0.0263  0.0263  0.0262
  0.0263  0.0263  0.0263  0.0262  0.0262  0.0262  0.0262  0.0262  0.0262  0.0262  0.0262  0.0262
  0.0263  0.0263  0.0263  0.0263  0.0263  0.0262  0.0263  0.0263  0.0263  0.0263  0.0262  0.0262
  0.0265  0.0265  0.0263  0.0265  0.0264  0.0262  0.0265  0.0265  0.0264  0.0265  0.0263  0.0263
  0.0269  0.0267  0.0264  0.0271  0.0266  0.0264  0.0267  0.0269  0.0266  0.0267  0.0264  0.0264
registration optimization eta report
parameter search radius
    0.8000    0.8000    0.8000    2.4000    2.4000    2.4000
    2.4000    2.4000    2.4000    2.4000    2.4000    2.4000
100000*second partial in parameter space
       92.       69.       33.       16.        6.        3.
        9.       13.        7.        9.        3.        4.
  0.0268  0.0267  0.0265  0.0272  0.0266  0.0264  0.0267  0.0270  0.0266  0.0268  0.0264  0.0264
  0.0265  0.0264  0.0264  0.0268  0.0264  0.0263  0.0265  0.0265  0.0264  0.0264  0.0263  0.0263
  0.0263  0.0263  0.0263  0.0264  0.0263  0.0263  0.0263  0.0263  0.0263  0.0263  0.0263  0.0262
  0.0263  0.0263  0.0263  0.0262  0.0262  0.0262  0.0262  0.0262  0.0262  0.0262  0.0262  0.0262
  0.0263  0.0263  0.0263  0.0263  0.0263  0.0262  0.0263  0.0263  0.0263  0.0263  0.0262  0.0262
  0.0265  0.0265  0.0263  0.0265  0.0264  0.0262  0.0265  0.0265  0.0264  0.0265  0.0263  0.0263
  0.0269  0.0267  0.0264  0.0271  0.0266  0.0264  0.0267  0.0269  0.0266  0.0267  0.0264  0.0264
   -1.5665   15.1921    4.9225   -2.6634  -19.3915  -10.4409
    1.5356   -0.0998    0.0368   12.7315    1.0412  -12.3428
eta,q 0.97378 19.46586

---------------------------------------------------------------------
imgreg_4dfp /usr/pubsw/packages/freesurfer/freesurfer-7.1/average/711-2C_as_mni_average_305 /usr/pubsw/packages/freesurfer/freesurfer-7.1/average/711-2B_as_mni_average_305_mask talsrcimg_g11 none talsrcimg_to_711-2C_as_mni_average_305_t4 2311
---------------------------------------------------------------------

freesurfer imgreg_4dfp.c
/usr/pubsw/packages/freesurfer/freesurfer-7.1/average/711-2C_as_mni_average_305.4dfp.img
       256       256       256         1
  1.000000  1.000000  1.000000
orientation T byte_order littleendian
Reading image: /usr/pubsw/packages/freesurfer/freesurfer-7.1/average/711-2C_as_mni_average_305.4dfp.img
dimensions:      256       256       256
mmppix:       1.0000   -1.0000   -1.0000
center:     128.0000 -129.0000 -129.0000
/usr/pubsw/packages/freesurfer/freesurfer-7.1/average/711-2B_as_mni_average_305_mask.4dfp.img
       256       256       256         1
  1.000000  1.000000  1.000000
orientation T byte_order littleendian
Reading mask: /usr/pubsw/packages/freesurfer/freesurfer-7.1/average/711-2B_as_mni_average_305_mask.4dfp.img (2306576 pixels)
talsrcimg_g11.4dfp.img
       256       256       256         1
  1.000000  1.000000  1.000000
orientation T byte_order littleendian
Reading image: talsrcimg_g11.4dfp.img
dimensions:      256       256       256
mmppix:       1.0000   -1.0000   -1.0000
center:     128.0000 -129.0000 -129.0000
fimgreg.f
image alignment mode   2311 decimal      907 hex
parameters
   -1.5665   15.1921    4.9225   -2.6634  -19.3915  -10.4409
    1.5356   -0.0998    0.0368   12.7315    1.0412  -12.3428
eta,q 0.97378 19.46586
niter,ni,del,rscale     5    3    5.0000    0.8000
parameters
   -1.5902   15.1577    4.9819   -3.2112  -19.5753  -11.3712
    1.5982   -0.2872    0.0204   12.7000    0.6803  -12.2044
eta,q 0.97364 19.34019
  0.0285  0.0279  0.0272  0.0286  0.0275  0.0272  0.0281  0.0289  0.0278  0.0283  0.0269  0.0272
  0.0272  0.0270  0.0266  0.0276  0.0269  0.0267  0.0272  0.0274  0.0270  0.0272  0.0266  0.0267
  0.0265  0.0264  0.0263  0.0267  0.0265  0.0264  0.0266  0.0265  0.0265  0.0265  0.0264  0.0264
  0.0262  0.0262  0.0262  0.0262  0.0263  0.0263  0.0264  0.0264  0.0264  0.0264  0.0264  0.0263
  0.0265  0.0264  0.0263  0.0266  0.0265  0.0263  0.0266  0.0268  0.0265  0.0267  0.0265  0.0264
  0.0273  0.0270  0.0266  0.0281  0.0269  0.0272  0.0272  0.0277  0.0270  0.0273  0.0267  0.0267
  0.0287  0.0281  0.0270  0.0308  0.0278  0.0295  0.0281  0.0293  0.0278  0.0282  0.0271  0.0271
niter,ni,del,rscale     4    3    5.0000    0.7000
parameters
   -1.5531   15.2170    4.9058   -3.1002  -19.3496  -11.3301
    1.5572   -0.1918    0.0134   12.6752    0.8021  -12.3145
eta,q 0.97369 19.36993
  0.0281  0.0278  0.0269  0.0285  0.0274  0.0272  0.0277  0.0285  0.0275  0.0279  0.0269  0.0269
  0.0272  0.0270  0.0266  0.0277  0.0269  0.0267  0.0270  0.0273  0.0268  0.0270  0.0266  0.0266
  0.0266  0.0265  0.0264  0.0269  0.0265  0.0264  0.0265  0.0265  0.0264  0.0264  0.0264  0.0264
  0.0264  0.0264  0.0263  0.0263  0.0263  0.0263  0.0263  0.0263  0.0263  0.0263  0.0263  0.0263
  0.0265  0.0264  0.0264  0.0263  0.0264  0.0263  0.0265  0.0266  0.0264  0.0266  0.0264  0.0264
  0.0270  0.0269  0.0267  0.0271  0.0267  0.0264  0.0270  0.0272  0.0268  0.0271  0.0265  0.0266
  0.0280  0.0276  0.0271  0.0287  0.0272  0.0274  0.0278  0.0283  0.0275  0.0278  0.0268  0.0270
niter,ni,del,rscale     3    3    5.0000    0.6000
parameters
   -1.5434   15.2082    4.8926   -2.9429  -19.3048  -11.0349
    1.5395   -0.1420    0.0214   12.7053    0.8781  -12.3667
eta,q 0.97372 19.40841
  0.0276  0.0273  0.0268  0.0281  0.0270  0.0269  0.0274  0.0279  0.0272  0.0275  0.0267  0.0267
  0.0269  0.0267  0.0265  0.0274  0.0267  0.0265  0.0268  0.0270  0.0267  0.0268  0.0265  0.0265
  0.0265  0.0264  0.0264  0.0267  0.0264  0.0263  0.0264  0.0264  0.0264  0.0264  0.0263  0.0263
  0.0263  0.0263  0.0263  0.0263  0.0263  0.0263  0.0263  0.0263  0.0263  0.0263  0.0263  0.0263
  0.0264  0.0264  0.0264  0.0263  0.0263  0.0262  0.0264  0.0265  0.0264  0.0265  0.0263  0.0263
  0.0269  0.0268  0.0265  0.0269  0.0266  0.0263  0.0268  0.0270  0.0267  0.0268  0.0264  0.0265
  0.0276  0.0273  0.0268  0.0281  0.0270  0.0268  0.0274  0.0278  0.0271  0.0274  0.0267  0.0268
niter,ni,del,rscale     2    3    5.0000    0.5000
parameters
   -1.5554   15.1979    4.9012   -2.7937  -19.3440  -10.7894
    1.5304   -0.1295    0.0254   12.7132    0.9491  -12.3577
eta,q 0.97375 19.43400
  0.0272  0.0269  0.0266  0.0277  0.0268  0.0266  0.0270  0.0274  0.0269  0.0271  0.0265  0.0266
  0.0267  0.0266  0.0264  0.0271  0.0265  0.0264  0.0266  0.0267  0.0265  0.0266  0.0264  0.0264
  0.0264  0.0264  0.0263  0.0266  0.0263  0.0263  0.0263  0.0264  0.0263  0.0263  0.0263  0.0263
  0.0263  0.0263  0.0263  0.0263  0.0263  0.0263  0.0262  0.0262  0.0262  0.0263  0.0263  0.0263
  0.0264  0.0263  0.0263  0.0263  0.0263  0.0262  0.0263  0.0264  0.0263  0.0264  0.0263  0.0263
  0.0267  0.0266  0.0264  0.0267  0.0265  0.0262  0.0266  0.0267  0.0265  0.0266  0.0264  0.0264
  0.0272  0.0270  0.0266  0.0276  0.0268  0.0266  0.0270  0.0274  0.0269  0.0270  0.0265  0.0266
niter,ni,del,rscale     1    3    5.0000    0.4000
parameters
   -1.5705   15.1909    4.9221   -2.6596  -19.3850  -10.4378
    1.5366   -0.1072    0.0386   12.7303    1.0223  -12.3516
eta,q 0.97378 19.46702
  0.0268  0.0267  0.0265  0.0272  0.0266  0.0264  0.0267  0.0270  0.0266  0.0268  0.0264  0.0264
  0.0265  0.0264  0.0264  0.0268  0.0264  0.0263  0.0265  0.0266  0.0264  0.0264  0.0263  0.0263
  0.0263  0.0263  0.0263  0.0264  0.0263  0.0263  0.0263  0.0263  0.0263  0.0263  0.0263  0.0262
  0.0263  0.0263  0.0263  0.0263  0.0262  0.0262  0.0262  0.0262  0.0262  0.0262  0.0262  0.0262
  0.0263  0.0263  0.0263  0.0263  0.0263  0.0262  0.0263  0.0263  0.0263  0.0263  0.0262  0.0262
  0.0265  0.0265  0.0263  0.0265  0.0264  0.0262  0.0265  0.0265  0.0264  0.0265  0.0263  0.0263
  0.0269  0.0267  0.0265  0.0271  0.0266  0.0264  0.0267  0.0269  0.0266  0.0267  0.0264  0.0264
registration optimization eta report
parameter search radius
    0.8000    0.8000    0.8000    2.4000    2.4000    2.4000
    2.4000    2.4000    2.4000    2.4000    2.4000    2.4000
100000*second partial in parameter space
       91.       69.       33.       16.        6.        3.
        9.       13.        7.        9.        3.        4.
  0.0268  0.0267  0.0265  0.0272  0.0266  0.0264  0.0267  0.0270  0.0266  0.0268  0.0264  0.0264
  0.0265  0.0264  0.0264  0.0268  0.0264  0.0263  0.0265  0.0266  0.0264  0.0264  0.0263  0.0263
  0.0263  0.0263  0.0263  0.0264  0.0263  0.0263  0.0263  0.0263  0.0263  0.0263  0.0263  0.0262
  0.0263  0.0263  0.0263  0.0263  0.0262  0.0262  0.0262  0.0262  0.0262  0.0262  0.0262  0.0262
  0.0263  0.0263  0.0263  0.0263  0.0263  0.0262  0.0263  0.0263  0.0263  0.0263  0.0262  0.0262
  0.0265  0.0265  0.0263  0.0265  0.0264  0.0262  0.0265  0.0265  0.0264  0.0265  0.0263  0.0263
  0.0269  0.0267  0.0265  0.0271  0.0266  0.0264  0.0267  0.0269  0.0266  0.0267  0.0264  0.0264
   -1.5705   15.1909    4.9221   -2.6596  -19.3850  -10.4378
    1.5366   -0.1072    0.0386   12.7303    1.0223  -12.3516
eta,q 0.97378 19.46702

---------------------------------------------------------------------
compute_vox2vox talsrcimg talsrcimg_to_711-2C_as_mni_average_305_t4 /usr/pubsw/packages/freesurfer/freesurfer-7.1/average/711-2C_as_mni_average_305
---------------------------------------------------------------------

freesurfer compute_vox2vox.c
Reading: talsrcimg.4dfp.ifh
Reading: talsrcimg_to_711-2C_as_mni_average_305_t4
Reading: /usr/pubsw/packages/freesurfer/freesurfer-7.1/average/711-2C_as_mni_average_305.4dfp.ifh
Writing: talsrcimg_to_711-2C_as_mni_average_305_t4_vox2vox.txt

start time Tue 19 Oct 2021 11:37:00 AM CEST
end		time Tue 19 Oct 2021 11:37:18 AM CEST

mpr2mni305 success

avi2talxfm orig_nu.mgz /usr/pubsw/packages/freesurfer/freesurfer-7.1/average/mni305.cor.mgz talsrcimg_to_711-2C_as_mni_average_305_t4_vox2vox.txt transforms/talairach.auto.xfm
avi2talxfm done
lta_convert --src orig_nu.mgz --trg /usr/pubsw/packages/freesurfer/freesurfer-7.1/average/mni305.cor.mgz --inxfm transforms/talairach.auto.xfm --outlta transforms/talairach.auto.xfm.lta --subject fsaverage
7.1.1

--src: orig_nu.mgz src image (geometry).
--trg: /usr/pubsw/packages/freesurfer/freesurfer-7.1/average/mni305.cor.mgz trg image (geometry).
--inmni: transforms/talairach.auto.xfm input MNI/XFM transform.
--outlta: transforms/talairach.auto.xfm.lta output LTA.
--s: fsaverage subject name
 LTA read, type : 1
 1.02729   0.00393  -0.01898  -0.15434;
-0.01154   1.09270   0.16764  -42.65092;
 0.00133  -0.17255   1.21400  -17.76173;
 0.00000   0.00000   0.00000   1.00000;
setting subject to fsaverage
Writing  LTA to file transforms/talairach.auto.xfm.lta...
lta_convert successful.
 
 
Started at Tue 19 Oct 2021 11:37:00 AM CEST
Ended   at Tue 19 Oct 2021 11:37:18 AM CEST
talairach_avi done
