/home/student/Practicas/Practicas_SantPau/primeras_pruebas_freesurfer/data/sub-027S6002/mri
/usr/pubsw/packages/freesurfer/freesurfer-7.1/bin/mri_nu_correct.mni
--i orig.mgz --o nu.mgz --uchar transforms/talairach.xfm --n 2 --ants-n4
nIters 2
mri_nu_correct.mni 7.1.1
Linux neuroimagen6 5.11.0-7620-generic #21~1624379747~20.04~3abeff8-Ubuntu SMP Wed Jun 23 02:23:55 UTC  x86_64 x86_64 x86_64 GNU/Linux
Tue 19 Oct 2021 11:37:20 AM CEST
tmpdir is ./tmp.mri_nu_correct.mni.57844
cd /home/student/Practicas/Practicas_SantPau/primeras_pruebas_freesurfer/data/sub-027S6002/mri
AntsN4BiasFieldCorrectionFs -i orig.mgz -o ./tmp.mri_nu_correct.mni.57844/nu0.mgz
Using shrink factor: 4
mri_binarize --i ./tmp.mri_nu_correct.mni.57844/nu0.mgz --min -1 --o ./tmp.mri_nu_correct.mni.57844/ones.mgz

7.1.1
cwd /home/student/Practicas/Practicas_SantPau/primeras_pruebas_freesurfer/data/sub-027S6002/mri
cmdline mri_binarize --i ./tmp.mri_nu_correct.mni.57844/nu0.mgz --min -1 --o ./tmp.mri_nu_correct.mni.57844/ones.mgz 
sysname  Linux
hostname neuroimagen6
machine  x86_64
user     student

input      ./tmp.mri_nu_correct.mni.57844/nu0.mgz
frame      0
nErode3d   0
nErode2d   0
output     ./tmp.mri_nu_correct.mni.57844/ones.mgz
Binarizing based on threshold
min        -1
max        +infinity
binval        1
binvalnot     0
fstart = 0, fend = 0, nframes = 1
Found 16777216 values in range
Counting number of voxels in first frame
Found 16777215 voxels in final mask
Count: 16777215 16777215.000000 16777216 99.999994
mri_binarize done
mri_segstats --id 1 --seg ./tmp.mri_nu_correct.mni.57844/ones.mgz --i orig.mgz --sum ./tmp.mri_nu_correct.mni.57844/sum.junk --avgwf ./tmp.mri_nu_correct.mni.57844/input.mean.dat

7.1.1
cwd 
cmdline mri_segstats --id 1 --seg ./tmp.mri_nu_correct.mni.57844/ones.mgz --i orig.mgz --sum ./tmp.mri_nu_correct.mni.57844/sum.junk --avgwf ./tmp.mri_nu_correct.mni.57844/input.mean.dat 
sysname  Linux
hostname neuroimagen6
machine  x86_64
user     student
whitesurfname  white
UseRobust  0
Loading ./tmp.mri_nu_correct.mni.57844/ones.mgz
Loading orig.mgz
Voxel Volume is 1 mm^3
Generating list of segmentation ids
Found   1 segmentations
Computing statistics for each segmentation

Reporting on   1 segmentations
Using PrintSegStat
Computing spatial average of each frame
  0
Writing to ./tmp.mri_nu_correct.mni.57844/input.mean.dat
mri_segstats done
mri_segstats --id 1 --seg ./tmp.mri_nu_correct.mni.57844/ones.mgz --i ./tmp.mri_nu_correct.mni.57844/nu0.mgz --sum ./tmp.mri_nu_correct.mni.57844/sum.junk --avgwf ./tmp.mri_nu_correct.mni.57844/output.mean.dat

7.1.1
cwd 
cmdline mri_segstats --id 1 --seg ./tmp.mri_nu_correct.mni.57844/ones.mgz --i ./tmp.mri_nu_correct.mni.57844/nu0.mgz --sum ./tmp.mri_nu_correct.mni.57844/sum.junk --avgwf ./tmp.mri_nu_correct.mni.57844/output.mean.dat 
sysname  Linux
hostname neuroimagen6
machine  x86_64
user     student
whitesurfname  white
UseRobust  0
Loading ./tmp.mri_nu_correct.mni.57844/ones.mgz
Loading ./tmp.mri_nu_correct.mni.57844/nu0.mgz
Voxel Volume is 1 mm^3
Generating list of segmentation ids
Found   1 segmentations
Computing statistics for each segmentation

Reporting on   1 segmentations
Using PrintSegStat
Computing spatial average of each frame
  0
Writing to ./tmp.mri_nu_correct.mni.57844/output.mean.dat
mri_segstats done
mris_calc -o ./tmp.mri_nu_correct.mni.57844/nu0.mgz ./tmp.mri_nu_correct.mni.57844/nu0.mgz mul 1.17937600000000000000
mri_convert ./tmp.mri_nu_correct.mni.57844/nu0.mgz nu.mgz --like orig.mgz
mri_convert ./tmp.mri_nu_correct.mni.57844/nu0.mgz nu.mgz --like orig.mgz 
reading from ./tmp.mri_nu_correct.mni.57844/nu0.mgz...
TR=0.00, TE=0.00, TI=0.00, flip angle=0.00
i_ras = (-1, 0, 0)
j_ras = (0, 0, -1)
k_ras = (0, 1, 0)
INFO: transform src into the like-volume: orig.mgz
writing to nu.mgz...
mri_make_uchar nu.mgz transforms/talairach.xfm nu.mgz
type change took 0 minutes and 4 seconds.
mapping ( 2, 85) to ( 3, 110)
 
 
Tue 19 Oct 2021 11:40:02 AM CEST
mri_nu_correct.mni done
