mié abr  4 07:13:43 CEST 2018
setenv SUBJECTS_DIR /home/neuroimagen0/Documents/FREESURFER/Freesurfer_prediction/Freesurfer/WM/s2
cd /home/neuroimagen0/Documents/FREESURFER/Freesurfer_prediction/Freesurfer/WM/s2/FTD-FPD109/surf
/usr/local/freesurfer6/bin/mris_preproc --s FTD-FPD109 --hemi lh --meas area.pial --target fsaverage --out lh.area.pial.fsaverage.mgh

Linux neuroimagen0 4.13.0-37-generic #42~16.04.1-Ubuntu SMP Wed Mar 7 16:03:28 UTC 2018 x86_64 x86_64 x86_64 GNU/Linux
$Id: mris_preproc,v 1.76.2.1 2016/08/12 17:55:45 zkaufman Exp $
freesurfer-Linux-centos6_x86_64-stable-pub-v6.0.0-2beb96c
tmpdir is ./tmp.mris_preproc.6843
Src lh sphere.reg
Trg lh sphere.reg




---------------------------------------------------
#@# 1/1 FTD-FPD109 mié abr  4 07:13:43 CEST 2018 --------------
-----------------------
mri_surf2surf --srcsubject FTD-FPD109 --srchemi lh --srcsurfreg sphere.reg --trgsubject fsaverage --trghemi lh --trgsurfreg sphere.reg --tval ./tmp.mris_preproc.6843/FTD-FPD109.1.mgh --sval /home/neuroimagen0/Documents/FREESURFER/Freesurfer_prediction/Freesurfer/WM/s2/FTD-FPD109/surf/lh.area.pial --jac --sfmt curv --noreshape --cortex
Source registration surface changed to sphere.reg
Target registration surface changed to sphere.reg

$Id: mri_surf2surf.c,v 1.103 2015/11/05 22:07:33 greve Exp $

setenv SUBJECTS_DIR /home/neuroimagen0/Documents/FREESURFER/Freesurfer_prediction/Freesurfer/WM/s2
cd /home/neuroimagen0/Documents/FREESURFER/Freesurfer_prediction/Freesurfer/WM/s2/FTD-FPD109/surf
mri_surf2surf --srcsubject FTD-FPD109 --srchemi lh --srcsurfreg sphere.reg --trgsubject fsaverage --trghemi lh --trgsurfreg sphere.reg --tval ./tmp.mris_preproc.6843/FTD-FPD109.1.mgh --sval /home/neuroimagen0/Documents/FREESURFER/Freesurfer_prediction/Freesurfer/WM/s2/FTD-FPD109/surf/lh.area.pial --jac --sfmt curv --noreshape --cortex 

sysname  Linux
hostname neuroimagen0
machine  x86_64
user     neuroimagen0
srcsubject = FTD-FPD109
srcval     = /home/neuroimagen0/Documents/FREESURFER/Freesurfer_prediction/Freesurfer/WM/s2/FTD-FPD109/surf/lh.area.pial
srctype    = curv
trgsubject = fsaverage
trgval     = ./tmp.mris_preproc.6843/FTD-FPD109.1.mgh
trgtype    = 
srcsurfreg = sphere.reg
trgsurfreg = sphere.reg
srchemi    = lh
trghemi    = lh
frame      = 0
fwhm-in    = 0
fwhm-out   = 0
label-src  = lh.cortex.label
label-trg  = lh.cortex.label
OKToRevFaceOrder  = 1
UseDualHemi = 0
Reading source surface reg /home/neuroimagen0/Documents/FREESURFER/Freesurfer_prediction/Freesurfer/WM/s2/FTD-FPD109/surf/lh.sphere.reg
Loading source data
Reading curvature file /home/neuroimagen0/Documents/FREESURFER/Freesurfer_prediction/Freesurfer/WM/s2/FTD-FPD109/surf/lh.area.pial
Reading source subject label mask lh.cortex.label
masking the input
Reading target surface reg /home/neuroimagen0/Documents/FREESURFER/Freesurfer_prediction/Freesurfer/WM/s2/fsaverage/surf/lh.sphere.reg
Done
Using surf2surf_nnfr()
Mapping Source Volume onto Source Subject Surface with Jacobian Correction
surf2surf_nnfr_jac: building source hash (res=16).
Surf2SurfJac: 1st Forward Loop (163842)
Surf2SurfJac: 2nd Forward Loop (163842)
surf2surf_nnfr: building target hash (res=16).
Surf2SurfJac: Reverse Loop (138417)
Reverse Loop had 21284 hits
INFO: nSrcLost = 0
surf2surf_nnfr_jac() done
nTrg121 = 146418, nTrgMulti = 17424, MnTrgMultiHits = 2.22153
nSrc121 = 100847, nSrcLost =     0, nSrcMulti = 37570, MnSrcMultiHits = 2.24325
Reading target space mask label lh.cortex.label
masking the input
Saving target data
Saving to ./tmp.mris_preproc.6843/FTD-FPD109.1.mgh



-----------------------
mri_concat ./tmp.mris_preproc.6843/FTD-FPD109.1.mgh --o lh.area.pial.fsaverage.mgh
ninputs = 1
Checking inputs
nframestot = 1
Allocing output
Done allocing
nframes = 1
Writing to lh.area.pial.fsaverage.mgh



Cleaning up
-----------------------
rm -r ./tmp.mris_preproc.6843
mié abr  4 07:13:49 CEST 2018
mris_preproc done
