/home/student/Practicas/Practicas_SantPau/primeras_pruebas_freesurfer/data/sub-003S6257/mri
/usr/pubsw/packages/freesurfer/freesurfer-7.1/bin/talairach_avi
--i orig_nu.mgz --xfm transforms/talairach.auto.xfm
talairach_avi 7.1.1
Linux neuroimagen6 5.11.0-7620-generic #21~1624379747~20.04~3abeff8-Ubuntu SMP Wed Jun 23 02:23:55 UTC  x86_64 x86_64 x86_64 GNU/Linux
Tue 19 Oct 2021 11:32:26 AM CEST
mri_convert orig_nu.mgz talsrcimg.img 
reading from orig_nu.mgz...
TR=0.00, TE=0.00, TI=0.00, flip angle=0.00
i_ras = (-1, 0, 0)
j_ras = (0, 0, -1)
k_ras = (0, 1, 0)
writing to talsrcimg.img...
Analyze Output Matrix
-1.00000   0.00000   0.00000   132.21187;
 0.00000   0.00000   1.00000  -118.50847;
 0.00000  -1.00000   0.00000   131.35593;
 0.00000   0.00000   0.00000   1.00000;
--------------------
INFO: set hdr.hist.orient to -1
mpr2mni305 talsrcimg
Tue 19 Oct 2021 11:32:27 AM CEST
/usr/pubsw/packages/freesurfer/freesurfer-7.1/bin/mpr2mni305 talsrcimg
mpr2mni305 7.1.1
target=711-2C_as_mni_average_305

---------------------------------------------------------------------
analyzeto4dfp talsrcimg -O0 -y
---------------------------------------------------------------------

freesurfer ifh2hdr.c
Tue Oct 19 11:32:27 2021
Writing: talsrcimg.4dfp.hdr
freesurfer analyzeto4dfp.c
Reading: talsrcimg.hdr
header size 348 bytes
hdr.dime.datatype	offset=70	value=2
hdr.dime.bitpix		offset=72	value=8
hdr.hist.orient		offset=252	value=-1
dimensionality     4
dimensions       256       256       256         1
Reading: talsrcimg.img
Writing: talsrcimg.4dfp.img
Writing: talsrcimg.4dfp.ifh
ifh2hdr talsrcimg -r0to225
ori=2

---------------------------------------------------------------------
gauss_4dfp talsrcimg 1.1
---------------------------------------------------------------------

freesurfer gauss_4dfp.c
Reading: talsrcimg.4dfp.img
Writing: talsrcimg_g11.4dfp.img
image dimensions 256 256 256 padded to 288 288 288
processing volume 1freesurfer ifh2hdr.c
Tue Oct 19 11:32:31 2021
Writing: talsrcimg_g11.4dfp.hdr

Writing: talsrcimg_g11.4dfp.ifh
including: talsrcimg.4dfp.img.rec in talsrcimg_g11.4dfp.img.rec

---------------------------------------------------------------------
imgreg_4dfp /usr/pubsw/packages/freesurfer/freesurfer-7.1/average/711-2C_as_mni_average_305 none talsrcimg_g11 none talsrcimg_to_711-2C_as_mni_average_305_t4 4355
---------------------------------------------------------------------

freesurfer imgreg_4dfp.c
/usr/pubsw/packages/freesurfer/freesurfer-7.1/average/711-2C_as_mni_average_305.4dfp.img
       256       256       256         1
  1.000000  1.000000  1.000000
orientation T byte_order littleendian
Reading image: /usr/pubsw/packages/freesurfer/freesurfer-7.1/average/711-2C_as_mni_average_305.4dfp.img
dimensions:      256       256       256
mmppix:       1.0000   -1.0000   -1.0000
center:     128.0000 -129.0000 -129.0000
talsrcimg_g11.4dfp.img
       256       256       256         1
  1.000000  1.000000  1.000000
orientation T byte_order littleendian
Reading image: talsrcimg_g11.4dfp.img
dimensions:      256       256       256
mmppix:       1.0000   -1.0000   -1.0000
center:     128.0000 -129.0000 -129.0000
t4_read: open error in t4_sub.f l:  41 t4_file(1:l)talsrcimg_to_711-2C_as_mni_average_305_t4 
t4_read: transform initialized to I4
rotation matrix determinant  1.000000
image alignment mode   4355 decimal     1103 hex
   -7.5000  -45.0000  -45.0000 9349.7754   10.2416
    0.0000  -45.0000  -45.0000 9788.2373   10.2423
    7.5000  -45.0000  -45.0000 9335.9219   10.2346
   -7.5000  -37.5000  -45.0000 9439.0713   10.5174
    0.0000  -37.5000  -45.0000 9846.4238   10.5148
    7.5000  -37.5000  -45.0000 9393.9756   10.5054
   -7.5000  -30.0000  -45.0000 9641.7900   10.4301
    0.0000  -30.0000  -45.000010034.9580   10.4252
    7.5000  -30.0000  -45.0000 9582.0137   10.4127
   -7.5000  -22.5000  -45.0000 9802.7266   10.3535
    0.0000  -22.5000  -45.000010196.0186   10.3507
    7.5000  -22.5000  -45.0000 9715.5879   10.3376
   -7.5000  -15.0000  -45.0000 9816.1934   10.2791
    0.0000  -15.0000  -45.000010213.0049   10.2802
    7.5000  -15.0000  -45.0000 9712.2100   10.2693
   -7.5000   -7.5000  -45.0000 9787.6699   10.2163
    0.0000   -7.5000  -45.000010182.8779   10.2187
    7.5000   -7.5000  -45.0000 9698.3115   10.2105
   -7.5000    0.0000  -45.0000 9756.3604   10.1999
    0.0000    0.0000  -45.000010140.5928   10.2007
    7.5000    0.0000  -45.0000 9666.8477   10.1931
   -7.5000    7.5000  -45.0000 9083.3047   10.4825
    0.0000    7.5000  -45.0000 9443.6396   10.4800
    7.5000    7.5000  -45.0000 9008.5381   10.4706
   -7.5000   15.0000  -45.0000 8497.4658   10.9010
    0.0000   15.0000  -45.0000 8836.1514   10.8983
    7.5000   15.0000  -45.0000 8449.7354   10.8856
   -7.5000   22.5000  -45.0000 7933.6104   11.3921
    0.0000   22.5000  -45.0000 8247.6992   11.3920
    7.5000   22.5000  -45.0000 7921.0962   11.3796
   -7.5000   30.0000  -45.0000 7408.5874   11.7902
    0.0000   30.0000  -45.0000 7698.6865   11.7963
    7.5000   30.0000  -45.0000 7400.8540   11.7891
   -7.5000   37.5000  -45.0000 7156.9878   12.4046
    0.0000   37.5000  -45.0000 7457.2715   12.4169
    7.5000   37.5000  -45.0000 7164.0356   12.4059
   -7.5000   45.0000  -45.0000 6760.8140   12.7602
    0.0000   45.0000  -45.0000 7045.1592   12.7748
    7.5000   45.0000  -45.0000 6753.1353   12.7632
   -7.5000  -45.0000  -37.5000 9918.6582   10.1100
    0.0000  -45.0000  -37.500010358.9043   10.1106
    7.5000  -45.0000  -37.5000 9901.1787   10.1014
   -7.5000  -37.5000  -37.500010017.2246   10.3778
    0.0000  -37.5000  -37.500010440.0674   10.3756
    7.5000  -37.5000  -37.5000 9965.9688   10.3676
   -7.5000  -30.0000  -37.500010234.6680   10.2871
    0.0000  -30.0000  -37.500010656.8789   10.2820
    7.5000  -30.0000  -37.500010186.8799   10.2725
   -7.5000  -22.5000  -37.500010390.8379   10.2084
    0.0000  -22.5000  -37.500010812.7598   10.2040
    7.5000  -22.5000  -37.500010325.2314   10.1932
   -7.5000  -15.0000  -37.500010392.4668   10.1370
    0.0000  -15.0000  -37.500010838.1504   10.1355
    7.5000  -15.0000  -37.500010318.8896   10.1245
   -7.5000   -7.5000  -37.500010365.3672   10.0810
    0.0000   -7.5000  -37.500010781.8418   10.0815
    7.5000   -7.5000  -37.500010320.6357   10.0712
   -7.5000    0.0000  -37.500010322.7930   10.0682
    0.0000    0.0000  -37.500010738.4219   10.0689
    7.5000    0.0000  -37.500010291.8838   10.0597
   -7.5000    7.5000  -37.5000 9610.8633   10.3428
    0.0000    7.5000  -37.5000 9989.4053   10.3407
    7.5000    7.5000  -37.5000 9580.9785   10.3327
   -7.5000   15.0000  -37.5000 9001.3086   10.7483
    0.0000   15.0000  -37.5000 9350.5830   10.7450
    7.5000   15.0000  -37.5000 8980.2012   10.7368
   -7.5000   22.5000  -37.5000 8411.7363   11.2291
    0.0000   22.5000  -37.5000 8725.0088   11.2243
    7.5000   22.5000  -37.5000 8402.0996   11.2157
   -7.5000   30.0000  -37.5000 7835.7173   11.6273
    0.0000   30.0000  -37.5000 8108.6616   11.6284
    7.5000   30.0000  -37.5000 7828.3105   11.6214
   -7.5000   37.5000  -37.5000 7568.9985   12.2432
    0.0000   37.5000  -37.5000 7830.9722   12.2513
    7.5000   37.5000  -37.5000 7558.1426   12.2374
   -7.5000   45.0000  -37.5000 7119.0781   12.5964
    0.0000   45.0000  -37.5000 7379.8486   12.6096
    7.5000   45.0000  -37.5000 7117.7119   12.5965
   -7.5000  -45.0000  -30.000010745.6670   10.4782
    0.0000  -45.0000  -30.000011185.6504   10.4786
    7.5000  -45.0000  -30.000010684.8828   10.4676
   -7.5000  -37.5000  -30.000010846.0156   10.7490
    0.0000  -37.5000  -30.000011291.2510   10.7479
    7.5000  -37.5000  -30.000010777.6475   10.7408
   -7.5000  -30.0000  -30.000011072.7061   10.6496
    0.0000  -30.0000  -30.000011523.6162   10.6447
    7.5000  -30.0000  -30.000011014.9746   10.6374
   -7.5000  -22.5000  -30.000011205.6748   10.5671
    0.0000  -22.5000  -30.000011655.6611   10.5617
    7.5000  -22.5000  -30.000011149.1396   10.5522
   -7.5000  -15.0000  -30.000011223.7217   10.4972
    0.0000  -15.0000  -30.000011682.9443   10.4943
    7.5000  -15.0000  -30.000011164.4873   10.4823
   -7.5000   -7.5000  -30.000011209.5908   10.4452
    0.0000   -7.5000  -30.000011632.4062   10.4447
    7.5000   -7.5000  -30.000011174.1270   10.4320
   -7.5000    0.0000  -30.000011145.6650   10.4340
    0.0000    0.0000  -30.000011562.8457   10.4344
    7.5000    0.0000  -30.000011122.7344   10.4235
   -7.5000    7.5000  -30.000010368.1914   10.7120
    0.0000    7.5000  -30.000010731.2148   10.7108
    7.5000    7.5000  -30.000010343.3223   10.7038
   -7.5000   15.0000  -30.0000 9694.2627   11.1267
    0.0000   15.0000  -30.000010024.2715   11.1237
    7.5000   15.0000  -30.0000 9655.1260   11.1180
   -7.5000   22.5000  -30.0000 9075.2949   11.6222
    0.0000   22.5000  -30.0000 9359.6094   11.6143
    7.5000   22.5000  -30.0000 9030.8262   11.6068
   -7.5000   30.0000  -30.0000 8459.5840   12.0439
    0.0000   30.0000  -30.0000 8717.9072   12.0429
    7.5000   30.0000  -30.0000 8432.2422   12.0339
   -7.5000   37.5000  -30.0000 8143.7554   12.6907
    0.0000   37.5000  -30.0000 8408.5518   12.6986
    7.5000   37.5000  -30.0000 8131.6626   12.6818
   -7.5000   45.0000  -30.0000 7625.6396   13.0729
    0.0000   45.0000  -30.0000 7888.5806   13.0870
    7.5000   45.0000  -30.0000 7623.5347   13.0725
   -7.5000  -45.0000  -22.500011651.9316   10.8023
    0.0000  -45.0000  -22.500012094.1084   10.8022
    7.5000  -45.0000  -22.500011531.6514   10.7903
   -7.5000  -37.5000  -22.500011735.5127   11.0818
    0.0000  -37.5000  -22.500012175.1191   11.0809
    7.5000  -37.5000  -22.500011622.1172   11.0722
   -7.5000  -30.0000  -22.500011980.5293   10.9805
    0.0000  -30.0000  -22.500012424.7969   10.9764
    7.5000  -30.0000  -22.500011887.7676   10.9670
   -7.5000  -22.5000  -22.500012141.9014   10.8972
    0.0000  -22.5000  -22.500012605.3604   10.8931
    7.5000  -22.5000  -22.500012065.9033   10.8815
   -7.5000  -15.0000  -22.500012163.6699   10.8247
    0.0000  -15.0000  -22.500012624.8896   10.8231
    7.5000  -15.0000  -22.500012094.0605   10.8098
   -7.5000   -7.5000  -22.500012145.1826   10.7687
    0.0000   -7.5000  -22.500012566.5254   10.7687
    7.5000   -7.5000  -22.500012091.0742   10.7553
   -7.5000    0.0000  -22.500012086.5283   10.7558
    0.0000    0.0000  -22.500012498.8018   10.7556
    7.5000    0.0000  -22.500012060.9922   10.7439
   -7.5000    7.5000  -22.500011236.5264   11.0427
    0.0000    7.5000  -22.500011583.3486   11.0419
    7.5000    7.5000  -22.500011202.9355   11.0332
   -7.5000   15.0000  -22.500010461.7021   11.4754
    0.0000   15.0000  -22.500010791.8535   11.4739
    7.5000   15.0000  -22.500010431.0215   11.4644
   -7.5000   22.5000  -22.5000 9775.3164   11.9891
    0.0000   22.5000  -22.500010066.3975   11.9840
    7.5000   22.5000  -22.5000 9745.7393   11.9720
   -7.5000   30.0000  -22.5000 9122.6504   12.4247
    0.0000   30.0000  -22.5000 9377.2197   12.4266
    7.5000   30.0000  -22.5000 9098.9521   12.4143
   -7.5000   37.5000  -22.5000 8785.2910   13.0910
    0.0000   37.5000  -22.5000 9018.6455   13.1026
    7.5000   37.5000  -22.5000 8760.6748   13.0846
   -7.5000   45.0000  -22.5000 8197.8330   13.4988
    0.0000   45.0000  -22.5000 8440.0664   13.5134
    7.5000   45.0000  -22.5000 8172.6948   13.4972
   -7.5000  -45.0000  -15.000012546.8174   11.0255
    0.0000  -45.0000  -15.000013005.3213   11.0253
    7.5000  -45.0000  -15.000012382.5557   11.0137
   -7.5000  -37.5000  -15.000012640.8555   11.3158
    0.0000  -37.5000  -15.000013098.2451   11.3142
    7.5000  -37.5000  -15.000012488.0430   11.3024
   -7.5000  -30.0000  -15.000012906.4180   11.2176
    0.0000  -30.0000  -15.000013361.9150   11.2135
    7.5000  -30.0000  -15.000012784.5664   11.1992
   -7.5000  -22.5000  -15.000013108.4238   11.1355
    0.0000  -22.5000  -15.000013619.1230   11.1324
    7.5000  -22.5000  -15.000013026.5225   11.1165
   -7.5000  -15.0000  -15.000013170.3096   11.0581
    0.0000  -15.0000  -15.000013658.5361   11.0584
    7.5000  -15.0000  -15.000013085.3320   11.0434
   -7.5000   -7.5000  -15.000013144.5557   10.9933
    0.0000   -7.5000  -15.000013615.4443   10.9948
    7.5000   -7.5000  -15.000013077.5352   10.9821
   -7.5000    0.0000  -15.000013088.5420   10.9768
    0.0000    0.0000  -15.000013564.1553   10.9766
    7.5000    0.0000  -15.000013033.5996   10.9652
   -7.5000    7.5000  -15.000012148.3340   11.2750
    0.0000    7.5000  -15.000012576.4658   11.2734
    7.5000    7.5000  -15.000012116.2520   11.2617
   -7.5000   15.0000  -15.000011272.2646   11.7269
    0.0000   15.0000  -15.000011677.7969   11.7258
    7.5000   15.0000  -15.000011246.4600   11.7095
   -7.5000   22.5000  -15.000010510.4482   12.2577
    0.0000   22.5000  -15.000010859.7764   12.2565
    7.5000   22.5000  -15.000010505.3525   12.2379
   -7.5000   30.0000  -15.0000 9793.1846   12.7016
    0.0000   30.0000  -15.000010064.0996   12.7075
    7.5000   30.0000  -15.0000 9776.2354   12.6917
   -7.5000   37.5000  -15.0000 9434.0088   13.3757
    0.0000   37.5000  -15.0000 9695.3828   13.3907
    7.5000   37.5000  -15.0000 9422.3232   13.3726
   -7.5000   45.0000  -15.0000 8809.7031   13.7971
    0.0000   45.0000  -15.0000 9055.0664   13.8117
    7.5000   45.0000  -15.0000 8775.1885   13.7939
   -7.5000  -45.0000   -7.500013477.7549   11.1345
    0.0000  -45.0000   -7.500014009.2920   11.1330
    7.5000  -45.0000   -7.500013290.3066   11.1224
   -7.5000  -37.5000   -7.500013597.2266   11.4332
    0.0000  -37.5000   -7.500014134.4590   11.4288
    7.5000  -37.5000   -7.500013397.9307   11.4156
   -7.5000  -30.0000   -7.500013901.8740   11.3379
    0.0000  -30.0000   -7.500014456.6914   11.3314
    7.5000  -30.0000   -7.500013749.4209   11.3146
   -7.5000  -22.5000   -7.500014190.4658   11.2552
    0.0000  -22.5000   -7.500014806.3584   11.2510
    7.5000  -22.5000   -7.500014057.3721   11.2332
   -7.5000  -15.0000   -7.500014308.8916   11.1732
    0.0000  -15.0000   -7.500014920.6797   11.1732
    7.5000  -15.0000   -7.500014201.1240   11.1581
   -7.5000   -7.5000   -7.500014255.1318   11.1028
    0.0000   -7.5000   -7.500014879.6670   11.1039
    7.5000   -7.5000   -7.500014180.3672   11.0924
   -7.5000    0.0000   -7.500014124.4873   11.0849
    0.0000    0.0000   -7.500014787.2998   11.0835
    7.5000    0.0000   -7.500014129.0742   11.0729
   -7.5000    7.5000   -7.500013057.9951   11.3916
    0.0000    7.5000   -7.500013671.1123   11.3873
    7.5000    7.5000   -7.500013100.9658   11.3741
   -7.5000   15.0000   -7.500012090.8271   11.8542
    0.0000   15.0000   -7.500012635.1123   11.8503
    7.5000   15.0000   -7.500012128.9014   11.8313
   -7.5000   22.5000   -7.500011278.3076   12.3919
    0.0000   22.5000   -7.500011752.2764   12.3910
    7.5000   22.5000   -7.500011314.9961   12.3710
   -7.5000   30.0000   -7.500010505.9521   12.8395
    0.0000   30.0000   -7.500010899.8203   12.8454
    7.5000   30.0000   -7.500010528.1426   12.8309
   -7.5000   37.5000   -7.500010136.5078   13.5153
    0.0000   37.5000   -7.500010511.5029   13.5285
    7.5000   37.5000   -7.500010158.6377   13.5123
   -7.5000   45.0000   -7.5000 9465.3516   13.9410
    0.0000   45.0000   -7.5000 9805.8740   13.9533
    7.5000   45.0000   -7.5000 9485.0117   13.9359
   -7.5000  -45.0000    0.000014274.5146   11.1503
    0.0000  -45.0000    0.000014901.3389   11.1478
    7.5000  -45.0000    0.000014111.7070   11.1371
   -7.5000  -37.5000    0.000014395.5381   11.4499
    0.0000  -37.5000    0.000015037.6875   11.4440
    7.5000  -37.5000    0.000014242.1631   11.4315
   -7.5000  -30.0000    0.000014770.9668   11.3535
    0.0000  -30.0000    0.000015430.7842   11.3453
    7.5000  -30.0000    0.000014644.4043   11.3297
   -7.5000  -22.5000    0.000015159.2139   11.2684
    0.0000  -22.5000    0.000015892.9678   11.2624
    7.5000  -22.5000    0.000015034.9658   11.2460
   -7.5000  -15.0000    0.000015369.8496   11.1856
    0.0000  -15.0000    0.000016213.2236   11.1834
    7.5000  -15.0000    0.000015310.2051   11.1694
   -7.5000   -7.5000    0.000015268.0850   11.1167
    0.0000   -7.5000    0.000016263.4316   11.1159
    7.5000   -7.5000    0.000015336.1055   11.1046
   -7.5000    0.0000    0.000015028.5244   11.1005
    0.0000    0.0000    0.000016044.4785   11.0981
    7.5000    0.0000    0.000015197.4863   11.0875
   -7.5000    7.5000    0.000013867.2842   11.4082
    0.0000    7.5000    0.000014757.6074   11.4023
    7.5000    7.5000    0.000014042.5547   11.3899
   -7.5000   15.0000    0.000012854.9004   11.8688
    0.0000   15.0000    0.000013615.4062   11.8625
    7.5000   15.0000    0.000012990.7021   11.8464
   -7.5000   22.5000    0.000012004.7021   12.4058
    0.0000   22.5000    0.000012660.7383   12.4018
    7.5000   22.5000    0.000012109.8359   12.3857
   -7.5000   30.0000    0.000011170.9033   12.8574
    0.0000   30.0000    0.000011738.1904   12.8594
    7.5000   30.0000    0.000011243.5918   12.8484
   -7.5000   37.5000    0.000010822.7666   13.5371
    0.0000   37.5000    0.000011362.1934   13.5452
    7.5000   37.5000    0.000010881.8213   13.5297
   -7.5000   45.0000    0.000010112.4707   13.9636
    0.0000   45.0000    0.000010586.8184   13.9735
    7.5000   45.0000    0.000010157.0811   13.9567
   -7.5000  -45.0000    7.500013990.5928   11.1559
    0.0000  -45.0000    7.500014679.9766   11.1542
    7.5000  -45.0000    7.500013857.9619   11.1427
   -7.5000  -37.5000    7.500014083.2559   11.4504
    0.0000  -37.5000    7.500014807.4902   11.4457
    7.5000  -37.5000    7.500013985.2031   11.4356
   -7.5000  -30.0000    7.500014485.6494   11.3481
    0.0000  -30.0000    7.500015252.2461   11.3401
    7.5000  -30.0000    7.500014391.1738   11.3286
   -7.5000  -22.5000    7.500014997.1436   11.2598
    0.0000  -22.5000    7.500015896.3438   11.2525
    7.5000  -22.5000    7.500014914.5850   11.2395
   -7.5000  -15.0000    7.500015348.6133   11.1803
    0.0000  -15.0000    7.500016531.1699   11.1759
    7.5000  -15.0000    7.500015397.8936   11.1628
   -7.5000   -7.5000    7.500015251.2754   11.1188
    0.0000   -7.5000    7.500016649.5488   11.1167
    7.5000   -7.5000    7.500015445.5527   11.1043
   -7.5000    0.0000    7.500014934.8916   11.1062
    0.0000    0.0000    7.500016236.9570   11.1045
    7.5000    0.0000    7.500015130.4326   11.0931
   -7.5000    7.5000    7.500013744.7324   11.4087
    0.0000    7.5000    7.500014866.4736   11.4040
    7.5000    7.5000    7.500013961.5801   11.3940
   -7.5000   15.0000    7.500012730.8838   11.8605
    0.0000   15.0000    7.500013655.7031   11.8542
    7.5000   15.0000    7.500012902.7119   11.8440
   -7.5000   22.5000    7.500011898.0537   12.3931
    0.0000   22.5000    7.500012683.5166   12.3846
    7.5000   22.5000    7.500012024.3506   12.3738
   -7.5000   30.0000    7.500011088.8389   12.8513
    0.0000   30.0000    7.500011751.6162   12.8490
    7.5000   30.0000    7.500011155.7920   12.8398
   -7.5000   37.5000    7.500010713.2266   13.5407
    0.0000   37.5000    7.500011348.8672   13.5458
    7.5000   37.5000    7.500010778.9873   13.5289
   -7.5000   45.0000    7.5000 9979.7637   13.9696
    0.0000   45.0000    7.500010545.4209   13.9803
    7.5000   45.0000    7.500010036.3691   13.9637
   -7.5000  -45.0000   15.000013538.3438   11.1700
    0.0000  -45.0000   15.000014298.1709   11.1691
    7.5000  -45.0000   15.000013546.3691   11.1567
   -7.5000  -37.5000   15.000013670.3242   11.4580
    0.0000  -37.5000   15.000014493.8623   11.4554
    7.5000  -37.5000   15.000013669.8262   11.4472
   -7.5000  -30.0000   15.000014142.7227   11.3508
    0.0000  -30.0000   15.000015057.3125   11.3443
    7.5000  -30.0000   15.000014123.7461   11.3360
   -7.5000  -22.5000   15.000014706.9688   11.2616
    0.0000  -22.5000   15.000015855.6309   11.2547
    7.5000  -22.5000   15.000014710.0996   11.2442
   -7.5000  -15.0000   15.000015102.9600   11.1864
    0.0000  -15.0000   15.000016524.4766   11.1820
    7.5000  -15.0000   15.000015192.9258   11.1689
   -7.5000   -7.5000   15.000015112.1260   11.1313
    0.0000   -7.5000   15.000016626.3613   11.1294
    7.5000   -7.5000   15.000015144.0068   11.1154
   -7.5000    0.0000   15.000014885.6387   11.1207
    0.0000    0.0000   15.000016255.3486   11.1198
    7.5000    0.0000   15.000014843.7627   11.1075
   -7.5000    7.5000   15.000013652.3906   11.4167
    0.0000    7.5000   15.000014817.3691   11.4141
    7.5000    7.5000   15.000013703.4043   11.4059
   -7.5000   15.0000   15.000012561.3896   11.8619
    0.0000   15.0000   15.000013523.5928   11.8573
    7.5000   15.0000   15.000012673.1826   11.8506
   -7.5000   22.5000   15.000011623.9697   12.3914
    0.0000   22.5000   15.000012444.7334   12.3816
    7.5000   22.5000   15.000011747.0068   12.3731
   -7.5000   30.0000   15.000010786.1094   12.8526
    0.0000   30.0000   15.000011458.9150   12.8499
    7.5000   30.0000   15.000010855.3105   12.8401
   -7.5000   37.5000   15.000010376.7188   13.5491
    0.0000   37.5000   15.000011028.2949   13.5558
    7.5000   37.5000   15.000010465.6924   13.5374
   -7.5000   45.0000   15.0000 9628.9746   13.9831
    0.0000   45.0000   15.000010209.7539   13.9960
    7.5000   45.0000   15.0000 9717.6973   13.9796
   -7.5000  -45.0000   22.500013155.2520   11.1903
    0.0000  -45.0000   22.500013984.9004   11.1900
    7.5000  -45.0000   22.500013118.7822   11.1773
   -7.5000  -37.5000   22.500013287.9766   11.4778
    0.0000  -37.5000   22.500014160.3867   11.4767
    7.5000  -37.5000   22.500013222.5166   11.4673
   -7.5000  -30.0000   22.500013701.2686   11.3725
    0.0000  -30.0000   22.500014641.7715   11.3682
    7.5000  -30.0000   22.500013654.4277   11.3582
   -7.5000  -22.5000   22.500014121.9824   11.2864
    0.0000  -22.5000   22.500015229.6602   11.2820
    7.5000  -22.5000   22.500014140.6074   11.2698
   -7.5000  -15.0000   22.500014383.9189   11.2119
    0.0000  -15.0000   22.500015631.9834   11.2101
    7.5000  -15.0000   22.500014477.6670   11.1960
   -7.5000   -7.5000   22.500014369.0039   11.1546
    0.0000   -7.5000   22.500015621.4004   11.1545
    7.5000   -7.5000   22.500014453.7734   11.1403
   -7.5000    0.0000   22.500014220.7646   11.1417
    0.0000    0.0000   22.500015376.2803   11.1414
    7.5000    0.0000   22.500014270.4062   11.1288
   -7.5000    7.5000   22.500013129.7529   11.4372
    0.0000    7.5000   22.500014163.0000   11.4361
    7.5000    7.5000   22.500013216.5625   11.4267
   -7.5000   15.0000   22.500012042.7021   11.8851
    0.0000   15.0000   22.500013006.4746   11.8834
    7.5000   15.0000   22.500012209.2051   11.8733
   -7.5000   22.5000   22.500011101.9834   12.4169
    0.0000   22.5000   22.500011922.9268   12.4115
    7.5000   22.5000   22.500011264.4395   12.3987
   -7.5000   30.0000   22.500010268.8945   12.8745
    0.0000   30.0000   22.500010968.4541   12.8763
    7.5000   30.0000   22.500010402.5908   12.8631
   -7.5000   37.5000   22.5000 9894.9863   13.5686
    0.0000   37.5000   22.500010549.2373   13.5803
    7.5000   37.5000   22.500010017.5967   13.5612
   -7.5000   45.0000   22.5000 9159.0596   14.0046
    0.0000   45.0000   22.5000 9742.9160   14.0192
    7.5000   45.0000   22.5000 9277.4980   14.0019
   -7.5000  -45.0000   30.000012485.8652   11.2051
    0.0000  -45.0000   30.000013161.8857   11.2051
    7.5000  -45.0000   30.000012387.7051   11.1933
   -7.5000  -37.5000   30.000012541.7705   11.4974
    0.0000  -37.5000   30.000013209.5400   11.4959
    7.5000  -37.5000   30.000012478.2646   11.4839
   -7.5000  -30.0000   30.000012825.5820   11.3987
    0.0000  -30.0000   30.000013531.0342   11.3947
    7.5000  -30.0000   30.000012838.6191   11.3801
   -7.5000  -22.5000   30.000013066.5986   11.3165
    0.0000  -22.5000   30.000013878.6963   11.3135
    7.5000  -22.5000   30.000013184.7510   11.2974
   -7.5000  -15.0000   30.000013197.2109   11.2391
    0.0000  -15.0000   30.000014114.3633   11.2397
    7.5000  -15.0000   30.000013401.3721   11.2244
   -7.5000   -7.5000   30.000013139.9482   11.1743
    0.0000   -7.5000   30.000014053.4180   11.1760
    7.5000   -7.5000   30.000013363.2402   11.1630
   -7.5000    0.0000   30.000013001.9746   11.1573
    0.0000    0.0000   30.000013895.2617   11.1572
    7.5000    0.0000   30.000013240.1191   11.1456
   -7.5000    7.5000   30.000012037.6191   11.4573
    0.0000    7.5000   30.000012884.9277   11.4558
    7.5000    7.5000   30.000012315.4521   11.4439
   -7.5000   15.0000   30.000011166.8340   11.9136
    0.0000   15.0000   30.000011974.6904   11.9127
    7.5000   15.0000   30.000011442.8955   11.8960
   -7.5000   22.5000   30.000010361.5010   12.4502
    0.0000   22.5000   30.000011093.3291   12.4491
    7.5000   22.5000   30.000010579.5244   12.4301
   -7.5000   30.0000   30.0000 9597.7168   12.9024
    0.0000   30.0000   30.000010257.2900   12.9084
    7.5000   30.0000   30.0000 9772.4014   12.8922
   -7.5000   37.5000   30.0000 9246.9521   13.5877
    0.0000   37.5000   30.0000 9846.3320   13.6031
    7.5000   37.5000   30.0000 9388.7959   13.5846
   -7.5000   45.0000   30.0000 8531.0430   14.0202
    0.0000   45.0000   30.0000 9068.3555   14.0350
    7.5000   45.0000   30.0000 8670.7148   14.0168
   -7.5000  -45.0000   37.500011929.9033   11.2202
    0.0000  -45.0000   37.500012446.0771   11.2190
    7.5000  -45.0000   37.500011869.0898   11.2083
   -7.5000  -37.5000   37.500011943.4873   11.5170
    0.0000  -37.5000   37.500012484.3379   11.5128
    7.5000  -37.5000   37.500011922.0303   11.4994
   -7.5000  -30.0000   37.500012196.8174   11.4229
    0.0000  -30.0000   37.500012776.0771   11.4167
    7.5000  -30.0000   37.500012218.1885   11.3996
   -7.5000  -22.5000   37.500012388.1475   11.3418
    0.0000  -22.5000   37.500013081.5166   11.3378
    7.5000  -22.5000   37.500012464.8008   11.3198
   -7.5000  -15.0000   37.500012488.4482   11.2612
    0.0000  -15.0000   37.500013256.0059   11.2616
    7.5000  -15.0000   37.500012573.9873   11.2463
   -7.5000   -7.5000   37.500012441.6543   11.1916
    0.0000   -7.5000   37.500013209.7793   11.1930
    7.5000   -7.5000   37.500012539.4775   11.1813
   -7.5000    0.0000   37.500012302.5732   11.1731
    0.0000    0.0000   37.500013082.1865   11.1719
    7.5000    0.0000   37.500012433.0596   11.1612
   -7.5000    7.5000   37.500011415.6641   11.4775
    0.0000    7.5000   37.500012141.9902   11.4734
    7.5000    7.5000   37.500011563.2607   11.4601
   -7.5000   15.0000   37.500010645.5752   11.9384
    0.0000   15.0000   37.500011305.3252   11.9347
    7.5000   15.0000   37.500010792.5684   11.9155
   -7.5000   22.5000   37.5000 9898.7178   12.4771
    0.0000   22.5000   37.500010517.4092   12.4764
    7.5000   22.5000   37.500010025.7656   12.4562
   -7.5000   30.0000   37.5000 9183.1533   12.9274
    0.0000   30.0000   37.5000 9739.6982   12.9335
    7.5000   30.0000   37.5000 9290.0625   12.9188
   -7.5000   37.5000   37.5000 8838.3018   13.6081
    0.0000   37.5000   37.5000 9370.5068   13.6216
    7.5000   37.5000   37.5000 8951.7754   13.6052
   -7.5000   45.0000   37.5000 8131.3789   14.0382
    0.0000   45.0000   37.5000 8580.8770   14.0507
    7.5000   45.0000   37.5000 8231.0000   14.0330
   -7.5000  -45.0000   45.000010979.7998   11.3332
    0.0000  -45.0000   45.000011368.2207   11.3310
    7.5000  -45.0000   45.000010916.1631   11.3200
   -7.5000  -37.5000   45.000011002.0234   11.6365
    0.0000  -37.5000   45.000011426.8926   11.6310
    7.5000  -37.5000   45.000010964.8389   11.6183
   -7.5000  -30.0000   45.000011235.4180   11.5391
    0.0000  -30.0000   45.000011699.9971   11.5315
    7.5000  -30.0000   45.000011223.5938   11.5155
   -7.5000  -22.5000   45.000011406.7900   11.4540
    0.0000  -22.5000   45.000011947.9600   11.4484
    7.5000  -22.5000   45.000011411.1201   11.4316
   -7.5000  -15.0000   45.000011453.6885   11.3716
    0.0000  -15.0000   45.000012074.5371   11.3698
    7.5000  -15.0000   45.000011471.5303   11.3552
   -7.5000   -7.5000   45.000011392.1543   11.3027
    0.0000   -7.5000   45.000012034.6602   11.3022
    7.5000   -7.5000   45.000011442.0420   11.2905
   -7.5000    0.0000   45.000011236.9268   11.2857
    0.0000    0.0000   45.000011912.7676   11.2835
    7.5000    0.0000   45.000011318.7275   11.2726
   -7.5000    7.5000   45.000010429.8721   11.5968
    0.0000    7.5000   45.000011024.3164   11.5914
    7.5000    7.5000   45.000010501.8506   11.5787
   -7.5000   15.0000   45.0000 9729.2891   12.0652
    0.0000   15.0000   45.000010277.8945   12.0596
    7.5000   15.0000   45.0000 9802.3115   12.0430
   -7.5000   22.5000   45.0000 9077.0244   12.6163
    0.0000   22.5000   45.0000 9579.6982   12.6130
    7.5000   22.5000   45.0000 9137.3037   12.5964
   -7.5000   30.0000   45.0000 8414.8496   13.0847
    0.0000   30.0000   45.0000 8861.9443   13.0872
    7.5000   30.0000   45.0000 8478.7217   13.0757
   -7.5000   37.5000   45.0000 8084.5054   13.7902
    0.0000   37.5000   45.0000 8513.6641   13.7989
    7.5000   37.5000   45.0000 8148.5508   13.7827
   -7.5000   45.0000   45.0000 7447.2520   14.2479
    0.0000   45.0000   45.0000 7830.4722   14.2587
    7.5000   45.0000   45.0000 7490.1274   14.2412

---------------------------------------------------------------------
imgreg_4dfp /usr/pubsw/packages/freesurfer/freesurfer-7.1/average/711-2C_as_mni_average_305 /usr/pubsw/packages/freesurfer/freesurfer-7.1/average/711-2B_as_mni_average_305_mask talsrcimg_g11 none talsrcimg_to_711-2C_as_mni_average_305_t4 4355
---------------------------------------------------------------------

freesurfer imgreg_4dfp.c
/usr/pubsw/packages/freesurfer/freesurfer-7.1/average/711-2C_as_mni_average_305.4dfp.img
       256       256       256         1
  1.000000  1.000000  1.000000
orientation T byte_order littleendian
Reading image: /usr/pubsw/packages/freesurfer/freesurfer-7.1/average/711-2C_as_mni_average_305.4dfp.img
dimensions:      256       256       256
mmppix:       1.0000   -1.0000   -1.0000
center:     128.0000 -129.0000 -129.0000
/usr/pubsw/packages/freesurfer/freesurfer-7.1/average/711-2B_as_mni_average_305_mask.4dfp.img
       256       256       256         1
  1.000000  1.000000  1.000000
orientation T byte_order littleendian
Reading mask: /usr/pubsw/packages/freesurfer/freesurfer-7.1/average/711-2B_as_mni_average_305_mask.4dfp.img (2306576 pixels)
talsrcimg_g11.4dfp.img
       256       256       256         1
  1.000000  1.000000  1.000000
orientation T byte_order littleendian
Reading image: talsrcimg_g11.4dfp.img
dimensions:      256       256       256
mmppix:       1.0000   -1.0000   -1.0000
center:     128.0000 -129.0000 -129.0000
rotation matrix determinant  1.000000
image alignment mode   4355 decimal     1103 hex
   -7.5000  -52.5000  -37.5000 2301.8987   15.8529
    0.0000  -52.5000  -37.5000 2313.2920   15.7685
    7.5000  -52.5000  -37.5000 2296.2632   15.8721
   -7.5000  -45.0000  -37.5000 2316.4524   15.9414
    0.0000  -45.0000  -37.5000 2331.0564   15.8940
    7.5000  -45.0000  -37.5000 2318.0466   16.0282
   -7.5000  -37.5000  -37.5000 2329.2095   16.0795
    0.0000  -37.5000  -37.5000 2338.1145   16.0628
    7.5000  -37.5000  -37.5000 2331.3491   16.1949
   -7.5000  -30.0000  -37.5000 2333.6052   16.2388
    0.0000  -30.0000  -37.5000 2340.1265   16.1710
    7.5000  -30.0000  -37.5000 2332.6843   16.3484
   -7.5000  -22.5000  -37.5000 2332.4211   16.4563
    0.0000  -22.5000  -37.5000 2341.9016   16.3915
    7.5000  -22.5000  -37.5000 2328.9502   16.5515
   -7.5000  -15.0000  -37.5000 2325.4521   16.7122
    0.0000  -15.0000  -37.5000 2338.5100   16.6109
    7.5000  -15.0000  -37.5000 2324.7400   16.7605
   -7.5000   -7.5000  -37.5000 2321.9180   16.9559
    0.0000   -7.5000  -37.5000 2335.6311   16.8315
    7.5000   -7.5000  -37.5000 2324.6108   16.9801
   -7.5000    0.0000  -37.5000 2324.4077   17.2606
    0.0000    0.0000  -37.5000 2332.3123   17.1272
    7.5000    0.0000  -37.5000 2322.8062   17.3560
   -7.5000    7.5000  -37.5000 2310.3928   17.7887
    0.0000    7.5000  -37.5000 2322.7852   17.6415
    7.5000    7.5000  -37.5000 2311.6343   17.8734
   -7.5000   15.0000  -37.5000 2280.6589   18.5699
    0.0000   15.0000  -37.5000 2292.9214   18.4017
    7.5000   15.0000  -37.5000 2288.2686   18.6965
   -7.5000   22.5000  -37.5000 2232.5737   19.7306
    0.0000   22.5000  -37.5000 2246.4302   19.5577
    7.5000   22.5000  -37.5000 2238.6177   19.8134
   -7.5000   30.0000  -37.5000 2159.9277   21.3248
    0.0000   30.0000  -37.5000 2175.4136   21.1755
    7.5000   30.0000  -37.5000 2161.1426   21.3702
   -7.5000   37.5000  -37.5000 2073.5566   23.3585
    0.0000   37.5000  -37.5000 2090.5596   23.2287
    7.5000   37.5000  -37.5000 2073.8306   23.4260
   -7.5000  -52.5000  -30.0000 2441.8391   15.0894
    0.0000  -52.5000  -30.0000 2451.1143   15.0192
    7.5000  -52.5000  -30.0000 2438.1003   15.1348
   -7.5000  -45.0000  -30.0000 2462.9856   15.2096
    0.0000  -45.0000  -30.0000 2472.5132   15.1543
    7.5000  -45.0000  -30.0000 2458.7717   15.2704
   -7.5000  -37.5000  -30.0000 2477.0935   15.3347
    0.0000  -37.5000  -30.0000 2483.9158   15.2647
    7.5000  -37.5000  -30.0000 2472.6909   15.3937
   -7.5000  -30.0000  -30.0000 2479.6362   15.4805
    0.0000  -30.0000  -30.0000 2484.6682   15.3708
    7.5000  -30.0000  -30.0000 2480.4622   15.5134
   -7.5000  -22.5000  -30.0000 2477.5952   15.7037
    0.0000  -22.5000  -30.0000 2479.3186   15.5816
    7.5000  -22.5000  -30.0000 2474.7356   15.7180
   -7.5000  -15.0000  -30.0000 2474.8596   15.9296
    0.0000  -15.0000  -30.0000 2477.4646   15.8092
    7.5000  -15.0000  -30.0000 2472.4077   15.9387
   -7.5000   -7.5000  -30.0000 2475.8354   16.1814
    0.0000   -7.5000  -30.0000 2481.9592   16.0202
    7.5000   -7.5000  -30.0000 2473.5083   16.1914
   -7.5000    0.0000  -30.0000 2473.5908   16.4900
    0.0000    0.0000  -30.0000 2483.1365   16.4041
    7.5000    0.0000  -30.0000 2471.7085   16.5463
   -7.5000    7.5000  -30.0000 2460.5527   16.9670
    0.0000    7.5000  -30.0000 2472.0073   16.8665
    7.5000    7.5000  -30.0000 2457.8904   17.0613
   -7.5000   15.0000  -30.0000 2425.1716   17.7354
    0.0000   15.0000  -30.0000 2439.2744   17.5550
    7.5000   15.0000  -30.0000 2426.5923   17.7962
   -7.5000   22.5000  -30.0000 2379.8196   18.8265
    0.0000   22.5000  -30.0000 2385.5210   18.6595
    7.5000   22.5000  -30.0000 2373.1746   18.8855
   -7.5000   30.0000  -30.0000 2306.5842   20.3335
    0.0000   30.0000  -30.0000 2316.1538   20.2077
    7.5000   30.0000  -30.0000 2302.7422   20.3907
   -7.5000   37.5000  -30.0000 2211.1758   22.2561
    0.0000   37.5000  -30.0000 2226.9182   22.1482
    7.5000   37.5000  -30.0000 2214.7024   22.3236
   -7.5000  -52.5000  -22.5000 2558.8643   14.3316
    0.0000  -52.5000  -22.5000 2564.6846   14.2462
    7.5000  -52.5000  -22.5000 2549.3530   14.3848
   -7.5000  -45.0000  -22.5000 2580.4285   14.4308
    0.0000  -45.0000  -22.5000 2586.3323   14.3577
    7.5000  -45.0000  -22.5000 2573.1604   14.4831
   -7.5000  -37.5000  -22.5000 2593.3508   14.5050
    0.0000  -37.5000  -22.5000 2596.6619   14.4647
    7.5000  -37.5000  -22.5000 2586.4717   14.5719
   -7.5000  -30.0000  -22.5000 2598.4780   14.6317
    0.0000  -30.0000  -22.5000 2600.2251   14.5789
    7.5000  -30.0000  -22.5000 2592.4883   14.6622
   -7.5000  -22.5000  -22.5000 2593.7485   14.8289
    0.0000  -22.5000  -22.5000 2601.9268   14.7386
    7.5000  -22.5000  -22.5000 2592.6577   14.8061
   -7.5000  -15.0000  -22.5000 2587.1741   14.9477
    0.0000  -15.0000  -22.5000 2599.2944   14.8895
    7.5000  -15.0000  -22.5000 2589.6509   14.9695
   -7.5000   -7.5000  -22.5000 2593.6873   15.1526
    0.0000   -7.5000  -22.5000 2608.5405   15.0913
    7.5000   -7.5000  -22.5000 2590.8704   15.2010
   -7.5000    0.0000  -22.5000 2592.5977   15.4953
    0.0000    0.0000  -22.5000 2609.3474   15.4205
    7.5000    0.0000  -22.5000 2593.6182   15.5619
   -7.5000    7.5000  -22.5000 2580.8040   15.9886
    0.0000    7.5000  -22.5000 2590.2649   15.8670
    7.5000    7.5000  -22.5000 2581.9878   16.0661
   -7.5000   15.0000  -22.5000 2540.6621   16.7393
    0.0000   15.0000  -22.5000 2557.8542   16.5665
    7.5000   15.0000  -22.5000 2548.0515   16.7764
   -7.5000   22.5000  -22.5000 2489.3933   17.7731
    0.0000   22.5000  -22.5000 2503.4348   17.6203
    7.5000   22.5000  -22.5000 2492.0276   17.8101
   -7.5000   30.0000  -22.5000 2420.9661   19.1740
    0.0000   30.0000  -22.5000 2434.1985   19.0100
    7.5000   30.0000  -22.5000 2420.5613   19.1757
   -7.5000   37.5000  -22.5000 2324.5481   20.9960
    0.0000   37.5000  -22.5000 2338.6858   20.8204
    7.5000   37.5000  -22.5000 2326.2056   20.9946
   -7.5000  -52.5000  -15.0000 2636.0652   13.6062
    0.0000  -52.5000  -15.0000 2647.7344   13.5372
    7.5000  -52.5000  -15.0000 2630.7300   13.6286
   -7.5000  -45.0000  -15.0000 2652.0935   13.6479
    0.0000  -45.0000  -15.0000 2663.3259   13.6247
    7.5000  -45.0000  -15.0000 2650.6147   13.7093
   -7.5000  -37.5000  -15.0000 2659.0278   13.7009
    0.0000  -37.5000  -15.0000 2669.5657   13.7142
    7.5000  -37.5000  -15.0000 2656.5425   13.7826
   -7.5000  -30.0000  -15.0000 2663.0103   13.7618
    0.0000  -30.0000  -15.0000 2672.2505   13.7781
    7.5000  -30.0000  -15.0000 2661.3418   13.8453
   -7.5000  -22.5000  -15.0000 2665.6809   13.9286
    0.0000  -22.5000  -15.0000 2683.8438   13.8997
    7.5000  -22.5000  -15.0000 2674.1233   13.9940
   -7.5000  -15.0000  -15.0000 2667.3718   14.0720
    0.0000  -15.0000  -15.0000 2683.4092   13.9889
    7.5000  -15.0000  -15.0000 2672.3206   14.0979
   -7.5000   -7.5000  -15.0000 2677.5671   14.2017
    0.0000   -7.5000  -15.0000 2692.0652   14.1214
    7.5000   -7.5000  -15.0000 2680.2759   14.2783
   -7.5000    0.0000  -15.0000 2685.4951   14.5494
    0.0000    0.0000  -15.0000 2702.7197   14.4698
    7.5000    0.0000  -15.0000 2681.1812   14.6219
   -7.5000    7.5000  -15.0000 2677.3159   15.0396
    0.0000    7.5000  -15.0000 2689.6746   14.9222
    7.5000    7.5000  -15.0000 2676.7310   15.1021
   -7.5000   15.0000  -15.0000 2637.2625   15.7449
    0.0000   15.0000  -15.0000 2652.1899   15.6080
    7.5000   15.0000  -15.0000 2639.9028   15.7530
   -7.5000   22.5000  -15.0000 2583.9722   16.7414
    0.0000   22.5000  -15.0000 2596.4333   16.5782
    7.5000   22.5000  -15.0000 2585.9771   16.7193
   -7.5000   30.0000  -15.0000 2503.4641   18.0690
    0.0000   30.0000  -15.0000 2512.0232   17.8813
    7.5000   30.0000  -15.0000 2502.0605   18.0227
   -7.5000   37.5000  -15.0000 2406.8433   19.7694
    0.0000   37.5000  -15.0000 2419.5117   19.5609
    7.5000   37.5000  -15.0000 2404.0898   19.7137
   -7.5000  -52.5000   -7.5000 2688.2896   12.8659
    0.0000  -52.5000   -7.5000 2707.6106   12.8486
    7.5000  -52.5000   -7.5000 2689.8953   12.9115
   -7.5000  -45.0000   -7.5000 2699.4514   12.9066
    0.0000  -45.0000   -7.5000 2713.0930   12.9126
    7.5000  -45.0000   -7.5000 2701.9219   12.9732
   -7.5000  -37.5000   -7.5000 2708.5251   12.9625
    0.0000  -37.5000   -7.5000 2725.3855   12.9749
    7.5000  -37.5000   -7.5000 2707.6704   13.0401
   -7.5000  -30.0000   -7.5000 2717.3794   13.0339
    0.0000  -30.0000   -7.5000 2731.0764   13.0403
    7.5000  -30.0000   -7.5000 2721.0481   13.1121
   -7.5000  -22.5000   -7.5000 2733.1890   13.1559
    0.0000  -22.5000   -7.5000 2752.9949   13.1484
    7.5000  -22.5000   -7.5000 2741.6626   13.2228
   -7.5000  -15.0000   -7.5000 2746.5193   13.3260
    0.0000  -15.0000   -7.5000 2772.0527   13.3186
    7.5000  -15.0000   -7.5000 2753.3137   13.3938
   -7.5000   -7.5000   -7.5000 2755.3105   13.4198
    0.0000   -7.5000   -7.5000 2775.7759   13.3806
    7.5000   -7.5000   -7.5000 2755.0874   13.5167
   -7.5000    0.0000   -7.5000 2759.3518   13.7085
    0.0000    0.0000   -7.5000 2787.5713   13.6559
    7.5000    0.0000   -7.5000 2762.3145   13.8214
   -7.5000    7.5000   -7.5000 2747.1079   14.1520
    0.0000    7.5000   -7.5000 2771.0007   14.0740
    7.5000    7.5000   -7.5000 2751.9905   14.2566
   -7.5000   15.0000   -7.5000 2711.2622   14.8041
    0.0000   15.0000   -7.5000 2732.1345   14.6782
    7.5000   15.0000   -7.5000 2715.9790   14.8381
   -7.5000   22.5000   -7.5000 2652.8455   15.7603
    0.0000   22.5000   -7.5000 2674.8127   15.6278
    7.5000   22.5000   -7.5000 2661.6602   15.7747
   -7.5000   30.0000   -7.5000 2567.8835   17.0607
    0.0000   30.0000   -7.5000 2588.1284   16.9098
    7.5000   30.0000   -7.5000 2575.1213   17.0644
   -7.5000   37.5000   -7.5000 2464.8757   18.7299
    0.0000   37.5000   -7.5000 2487.5979   18.5358
    7.5000   37.5000   -7.5000 2466.5767   18.7258
   -7.5000  -52.5000    0.0000 2718.2388   12.3517
    0.0000  -52.5000    0.0000 2735.9329   12.3251
    7.5000  -52.5000    0.0000 2721.4431   12.4024
   -7.5000  -45.0000    0.0000 2724.1362   12.3950
    0.0000  -45.0000    0.0000 2735.7473   12.3610
    7.5000  -45.0000    0.0000 2729.5317   12.4676
   -7.5000  -37.5000    0.0000 2733.8525   12.4520
    0.0000  -37.5000    0.0000 2747.9797   12.4262
    7.5000  -37.5000    0.0000 2738.8325   12.5325
   -7.5000  -30.0000    0.0000 2739.5061   12.5134
    0.0000  -30.0000    0.0000 2759.8975   12.5188
    7.5000  -30.0000    0.0000 2757.5244   12.5987
   -7.5000  -22.5000    0.0000 2769.8950   12.6886
    0.0000  -22.5000    0.0000 2792.7786   12.7041
    7.5000  -22.5000    0.0000 2791.9746   12.7604
   -7.5000  -15.0000    0.0000 2790.2236   12.8774
    0.0000  -15.0000    0.0000 2826.7561   12.9352
    7.5000  -15.0000    0.0000 2814.2822   12.9706
   -7.5000   -7.5000    0.0000 2808.7932   12.9590
    0.0000   -7.5000    0.0000 2843.1179   13.0603
    7.5000   -7.5000    0.0000 2829.8835   13.1247
   -7.5000    0.0000    0.0000 2807.3062   13.0909
    0.0000    0.0000    0.0000 2851.9631   13.1879
    7.5000    0.0000    0.0000 2829.8916   13.3383
   -7.5000    7.5000    0.0000 2791.7478   13.5118
    0.0000    7.5000    0.0000 2830.8298   13.4944
    7.5000    7.5000    0.0000 2812.8906   13.7367
   -7.5000   15.0000    0.0000 2758.0168   14.1220
    0.0000   15.0000    0.0000 2794.4363   14.0398
    7.5000   15.0000    0.0000 2780.0869   14.2599
   -7.5000   22.5000    0.0000 2694.6665   15.1000
    0.0000   22.5000    0.0000 2723.9119   14.9883
    7.5000   22.5000    0.0000 2717.9392   15.1701
   -7.5000   30.0000    0.0000 2603.4143   16.4352
    0.0000   30.0000    0.0000 2631.4775   16.2950
    7.5000   30.0000    0.0000 2624.8069   16.5002
   -7.5000   37.5000    0.0000 2502.8699   18.1015
    0.0000   37.5000    0.0000 2530.7766   17.9068
    7.5000   37.5000    0.0000 2518.5110   18.1432
   -7.5000  -52.5000    7.5000 2731.1519   11.9746
    0.0000  -52.5000    7.5000 2743.2761   11.9890
    7.5000  -52.5000    7.5000 2733.4902   12.0158
   -7.5000  -45.0000    7.5000 2732.2971   12.0379
    0.0000  -45.0000    7.5000 2745.0220   12.0906
    7.5000  -45.0000    7.5000 2737.4446   12.1147
   -7.5000  -37.5000    7.5000 2742.9473   12.1349
    0.0000  -37.5000    7.5000 2758.3037   12.2163
    7.5000  -37.5000    7.5000 2753.9390   12.1983
   -7.5000  -30.0000    7.5000 2755.7656   12.2557
    0.0000  -30.0000    7.5000 2784.0005   12.3536
    7.5000  -30.0000    7.5000 2779.3418   12.3401
   -7.5000  -22.5000    7.5000 2789.9180   12.5038
    0.0000  -22.5000    7.5000 2822.9688   12.6353
    7.5000  -22.5000    7.5000 2819.6421   12.5973
   -7.5000  -15.0000    7.5000 2830.9143   12.7571
    0.0000  -15.0000    7.5000 2880.9170   13.0001
    7.5000  -15.0000    7.5000 2860.2200   12.9156
   -7.5000   -7.5000    7.5000 2865.2861   12.8479
    0.0000   -7.5000    7.5000 2919.2800   13.1568
    7.5000   -7.5000    7.5000 2899.9001   13.0392
   -7.5000    0.0000    7.5000 2856.8640   12.8593
    0.0000    0.0000    7.5000 2920.1045   13.1230
    7.5000    0.0000    7.5000 2889.3892   13.0892
   -7.5000    7.5000    7.5000 2835.1758   13.2044
    0.0000    7.5000    7.5000 2889.7881   13.2998
    7.5000    7.5000    7.5000 2864.8975   13.3881
   -7.5000   15.0000    7.5000 2792.7900   13.8391
    0.0000   15.0000    7.5000 2837.3813   13.8309
    7.5000   15.0000    7.5000 2820.8064   13.9563
   -7.5000   22.5000    7.5000 2735.6072   14.8500
    0.0000   22.5000    7.5000 2767.4292   14.7326
    7.5000   22.5000    7.5000 2757.1570   14.8659
   -7.5000   30.0000    7.5000 2645.1909   16.2292
    0.0000   30.0000    7.5000 2673.6753   16.0744
    7.5000   30.0000    7.5000 2662.0464   16.1927
   -7.5000   37.5000    7.5000 2545.1384   17.9344
    0.0000   37.5000    7.5000 2569.3037   17.7363
    7.5000   37.5000    7.5000 2558.6201   17.8537
   -7.5000  -52.5000   15.0000 2714.5269   11.7192
    0.0000  -52.5000   15.0000 2724.5276   11.8046
    7.5000  -52.5000   15.0000 2727.0325   11.8159
   -7.5000  -45.0000   15.0000 2722.3796   11.8419
    0.0000  -45.0000   15.0000 2728.9795   11.9677
    7.5000  -45.0000   15.0000 2737.3267   11.9616
   -7.5000  -37.5000   15.0000 2742.3394   11.9994
    0.0000  -37.5000   15.0000 2760.1873   12.1999
    7.5000  -37.5000   15.0000 2761.4844   12.1542
   -7.5000  -30.0000   15.0000 2773.6184   12.2310
    0.0000  -30.0000   15.0000 2806.1777   12.4784
    7.5000  -30.0000   15.0000 2794.6599   12.3539
   -7.5000  -22.5000   15.0000 2823.9255   12.5889
    0.0000  -22.5000   15.0000 2864.0469   12.8781
    7.5000  -22.5000   15.0000 2841.2090   12.6750
   -7.5000  -15.0000   15.0000 2874.4736   12.9749
    0.0000  -15.0000   15.0000 2931.8401   13.3905
    7.5000  -15.0000   15.0000 2891.9639   13.0501
   -7.5000   -7.5000   15.0000 2908.5847   13.0879
    0.0000   -7.5000   15.0000 2988.0925   13.5060
    7.5000   -7.5000   15.0000 2930.9678   13.1599
   -7.5000    0.0000   15.0000 2907.1587   13.1569
    0.0000    0.0000   15.0000 2977.9153   13.3559
    7.5000    0.0000   15.0000 2915.5933   13.0892
   -7.5000    7.5000   15.0000 2870.9873   13.3871
    0.0000    7.5000   15.0000 2927.6428   13.3769
    7.5000    7.5000   15.0000 2890.6287   13.3412
   -7.5000   15.0000   15.0000 2810.2295   13.9271
    0.0000   15.0000   15.0000 2849.7046   13.8766
    7.5000   15.0000   15.0000 2833.1719   13.9618
   -7.5000   22.5000   15.0000 2740.4229   14.8685
    0.0000   22.5000   15.0000 2773.4160   14.7796
    7.5000   22.5000   15.0000 2760.8330   14.8725
   -7.5000   30.0000   15.0000 2653.3206   16.2172
    0.0000   30.0000   15.0000 2681.5835   16.1315
    7.5000   30.0000   15.0000 2665.9929   16.1675
   -7.5000   37.5000   15.0000 2550.5510   17.9792
    0.0000   37.5000   15.0000 2578.1311   17.8492
    7.5000   37.5000   15.0000 2562.0535   17.8565
   -7.5000  -52.5000   22.5000 2715.1169   11.7948
    0.0000  -52.5000   22.5000 2733.5415   11.9661
    7.5000  -52.5000   22.5000 2732.2000   11.9184
   -7.5000  -45.0000   22.5000 2734.9675   11.9766
    0.0000  -45.0000   22.5000 2758.4846   12.1874
    7.5000  -45.0000   22.5000 2751.1118   12.0988
   -7.5000  -37.5000   22.5000 2763.9150   12.2117
    0.0000  -37.5000   22.5000 2790.9714   12.4494
    7.5000  -37.5000   22.5000 2774.6353   12.3145
   -7.5000  -30.0000   22.5000 2803.6724   12.4879
    0.0000  -30.0000   22.5000 2834.6660   12.7221
    7.5000  -30.0000   22.5000 2808.3767   12.5670
   -7.5000  -22.5000   22.5000 2852.3223   12.8756
    0.0000  -22.5000   22.5000 2884.9893   13.1108
    7.5000  -22.5000   22.5000 2852.5693   12.9103
   -7.5000  -15.0000   22.5000 2890.7605   13.2563
    0.0000  -15.0000   22.5000 2935.8972   13.5330
    7.5000  -15.0000   22.5000 2900.8887   13.3087
   -7.5000   -7.5000   22.5000 2907.0051   13.4124
    0.0000   -7.5000   22.5000 2975.3391   13.6074
    7.5000   -7.5000   22.5000 2926.9963   13.3970
   -7.5000    0.0000   22.5000 2901.6755   13.5316
    0.0000    0.0000   22.5000 2960.7815   13.5450
    7.5000    0.0000   22.5000 2915.3354   13.4226
   -7.5000    7.5000   22.5000 2873.2510   13.8132
    0.0000    7.5000   22.5000 2920.8352   13.7588
    7.5000    7.5000   22.5000 2890.5896   13.7246
   -7.5000   15.0000   22.5000 2805.2104   14.3855
    0.0000   15.0000   22.5000 2850.3599   14.3083
    7.5000   15.0000   22.5000 2826.8823   14.3449
   -7.5000   22.5000   22.5000 2722.3655   15.2168
    0.0000   22.5000   22.5000 2756.4407   15.1334
    7.5000   22.5000   22.5000 2738.9170   15.1956
   -7.5000   30.0000   22.5000 2630.2393   16.4943
    0.0000   30.0000   22.5000 2657.9951   16.3809
    7.5000   30.0000   22.5000 2644.9006   16.4585
   -7.5000   37.5000   22.5000 2533.5588   18.1371
    0.0000   37.5000   22.5000 2556.7717   17.9752
    7.5000   37.5000   22.5000 2548.4163   18.0740
   -7.5000  -52.5000   30.0000 2739.4116   12.2410
    0.0000  -52.5000   30.0000 2754.1702   12.3722
    7.5000  -52.5000   30.0000 2743.9343   12.2943
   -7.5000  -45.0000   30.0000 2757.7039   12.4183
    0.0000  -45.0000   30.0000 2775.1353   12.5690
    7.5000  -45.0000   30.0000 2764.5403   12.4649
   -7.5000  -37.5000   30.0000 2774.6340   12.6357
    0.0000  -37.5000   30.0000 2796.7090   12.7831
    7.5000  -37.5000   30.0000 2787.4783   12.7000
   -7.5000  -30.0000   30.0000 2796.3821   12.8895
    0.0000  -30.0000   30.0000 2817.2129   13.0125
    7.5000  -30.0000   30.0000 2812.9238   12.9612
   -7.5000  -22.5000   30.0000 2826.8154   13.1693
    0.0000  -22.5000   30.0000 2844.4502   13.2926
    7.5000  -22.5000   30.0000 2842.5618   13.2510
   -7.5000  -15.0000   30.0000 2861.0930   13.4632
    0.0000  -15.0000   30.0000 2887.0029   13.5894
    7.5000  -15.0000   30.0000 2878.8972   13.5326
   -7.5000   -7.5000   30.0000 2870.1458   13.6703
    0.0000   -7.5000   30.0000 2913.3267   13.7073
    7.5000   -7.5000   30.0000 2894.3159   13.6682
   -7.5000    0.0000   30.0000 2856.5244   13.9213
    0.0000    0.0000   30.0000 2899.4519   13.8710
    7.5000    0.0000   30.0000 2879.3113   13.8735
   -7.5000    7.5000   30.0000 2821.9009   14.3046
    0.0000    7.5000   30.0000 2864.4702   14.2392
    7.5000    7.5000   30.0000 2854.2227   14.3219
   -7.5000   15.0000   30.0000 2763.0320   14.9545
    0.0000   15.0000   30.0000 2809.1987   14.9005
    7.5000   15.0000   30.0000 2795.2786   15.0021
   -7.5000   22.5000   30.0000 2681.2251   15.9110
    0.0000   22.5000   30.0000 2719.6614   15.8334
    7.5000   22.5000   30.0000 2711.1770   15.9297
   -7.5000   30.0000   30.0000 2586.5515   17.1618
    0.0000   30.0000   30.0000 2621.1838   17.0714
    7.5000   30.0000   30.0000 2614.5994   17.1426
   -7.5000   37.5000   30.0000 2486.0911   18.6928
    0.0000   37.5000   30.0000 2509.1499   18.5596
    7.5000   37.5000   30.0000 2504.7605   18.6389
   -7.5000  -52.5000   37.5000 2735.0386   12.6817
    0.0000  -52.5000   37.5000 2736.5317   12.6592
    7.5000  -52.5000   37.5000 2740.1653   12.6613
   -7.5000  -45.0000   37.5000 2745.1323   12.8277
    0.0000  -45.0000   37.5000 2750.0474   12.8269
    7.5000  -45.0000   37.5000 2753.5586   12.8012
   -7.5000  -37.5000   37.5000 2756.4304   13.0153
    0.0000  -37.5000   37.5000 2771.1055   13.0304
    7.5000  -37.5000   37.5000 2772.6624   13.0239
   -7.5000  -30.0000   37.5000 2776.4844   13.2461
    0.0000  -30.0000   37.5000 2791.0198   13.2721
    7.5000  -30.0000   37.5000 2788.0005   13.2771
   -7.5000  -22.5000   37.5000 2796.9226   13.4856
    0.0000  -22.5000   37.5000 2811.1414   13.5216
    7.5000  -22.5000   37.5000 2806.6577   13.4964
   -7.5000  -15.0000   37.5000 2815.9607   13.7725
    0.0000  -15.0000   37.5000 2838.0764   13.8015
    7.5000  -15.0000   37.5000 2827.7627   13.7406
   -7.5000   -7.5000   37.5000 2818.4556   14.0429
    0.0000   -7.5000   37.5000 2852.0684   13.9814
    7.5000   -7.5000   37.5000 2840.3547   13.9867
   -7.5000    0.0000   37.5000 2800.1064   14.4088
    0.0000    0.0000   37.5000 2835.4749   14.3487
    7.5000    0.0000   37.5000 2820.1016   14.3853
   -7.5000    7.5000   37.5000 2761.2527   14.9310
    0.0000    7.5000   37.5000 2802.8276   14.8432
    7.5000    7.5000   37.5000 2793.2212   14.9394
   -7.5000   15.0000   37.5000 2704.7485   15.6855
    0.0000   15.0000   37.5000 2746.9495   15.5964
    7.5000   15.0000   37.5000 2741.0146   15.6937
   -7.5000   22.5000   37.5000 2631.1926   16.7046
    0.0000   22.5000   37.5000 2668.5796   16.5637
    7.5000   22.5000   37.5000 2660.0806   16.6445
   -7.5000   30.0000   37.5000 2542.0432   18.0344
    0.0000   30.0000   37.5000 2575.1528   17.8586
    7.5000   30.0000   37.5000 2570.5696   17.9817
   -7.5000   37.5000   37.5000 2432.3599   19.5915
    0.0000   37.5000   37.5000 2458.7876   19.4145
    7.5000   37.5000   37.5000 2461.8625   19.4873
   -7.5000  -52.5000   45.0000 2713.8867   13.0815
    0.0000  -52.5000   45.0000 2710.5830   12.9118
    7.5000  -52.5000   45.0000 2715.8350   12.9836
   -7.5000  -45.0000   45.0000 2719.1760   13.2311
    0.0000  -45.0000   45.0000 2716.3008   13.0636
    7.5000  -45.0000   45.0000 2721.4919   13.1342
   -7.5000  -37.5000   45.0000 2730.0911   13.4144
    0.0000  -37.5000   45.0000 2733.4282   13.3164
    7.5000  -37.5000   45.0000 2738.1025   13.3531
   -7.5000  -30.0000   45.0000 2741.9851   13.6406
    0.0000  -30.0000   45.0000 2749.6775   13.5917
    7.5000  -30.0000   45.0000 2750.6099   13.6276
   -7.5000  -22.5000   45.0000 2750.0825   13.9361
    0.0000  -22.5000   45.0000 2761.7505   13.8641
    7.5000  -22.5000   45.0000 2758.5891   13.8814
   -7.5000  -15.0000   45.0000 2756.8855   14.2669
    0.0000  -15.0000   45.0000 2775.8887   14.1692
    7.5000  -15.0000   45.0000 2768.6396   14.1650
   -7.5000   -7.5000   45.0000 2754.9478   14.6182
    0.0000   -7.5000   45.0000 2782.2231   14.4932
    7.5000   -7.5000   45.0000 2775.0059   14.5478
   -7.5000    0.0000   45.0000 2735.0032   15.0650
    0.0000    0.0000   45.0000 2769.4172   14.9495
    7.5000    0.0000   45.0000 2755.2083   15.0332
   -7.5000    7.5000   45.0000 2698.9475   15.7218
    0.0000    7.5000   45.0000 2733.4817   15.6343
    7.5000    7.5000   45.0000 2726.6912   15.6841
   -7.5000   15.0000   45.0000 2639.1511   16.5369
    0.0000   15.0000   45.0000 2674.4795   16.4005
    7.5000   15.0000   45.0000 2672.0828   16.4904
   -7.5000   22.5000   45.0000 2565.2803   17.5977
    0.0000   22.5000   45.0000 2597.3916   17.4042
    7.5000   22.5000   45.0000 2589.7048   17.5023
   -7.5000   30.0000   45.0000 2478.0308   18.9462
    0.0000   30.0000   45.0000 2505.4243   18.7163
    7.5000   30.0000   45.0000 2500.6685   18.8206
   -7.5000   37.5000   45.0000 2365.3552   20.5670
    0.0000   37.5000   45.0000 2391.0208   20.3170
    7.5000   37.5000   45.0000 2387.9600   20.4331
   -7.5000  -52.5000   52.5000 2677.3618   13.5726
    0.0000  -52.5000   52.5000 2666.6514   13.2706
    7.5000  -52.5000   52.5000 2674.3521   13.4122
   -7.5000  -45.0000   52.5000 2680.7207   13.7322
    0.0000  -45.0000   52.5000 2675.1643   13.4435
    7.5000  -45.0000   52.5000 2684.0029   13.5709
   -7.5000  -37.5000   52.5000 2687.4841   13.8938
    0.0000  -37.5000   52.5000 2691.8936   13.6682
    7.5000  -37.5000   52.5000 2703.0859   13.7713
   -7.5000  -30.0000   52.5000 2692.6731   14.1311
    0.0000  -30.0000   52.5000 2706.5823   13.9668
    7.5000  -30.0000   52.5000 2709.2761   14.0398
   -7.5000  -22.5000   52.5000 2700.4800   14.4661
    0.0000  -22.5000   52.5000 2709.4434   14.2879
    7.5000  -22.5000   52.5000 2706.4363   14.3613
   -7.5000  -15.0000   52.5000 2698.7493   14.8608
    0.0000  -15.0000   52.5000 2711.8965   14.6864
    7.5000  -15.0000   52.5000 2705.9126   14.7309
   -7.5000   -7.5000   52.5000 2688.6311   15.3319
    0.0000   -7.5000   52.5000 2708.6279   15.1536
    7.5000   -7.5000   52.5000 2702.5591   15.2264
   -7.5000    0.0000   52.5000 2662.1873   15.9377
    0.0000    0.0000   52.5000 2694.9695   15.7914
    7.5000    0.0000   52.5000 2689.4307   15.8586
   -7.5000    7.5000   52.5000 2628.7683   16.6541
    0.0000    7.5000   52.5000 2665.6880   16.5017
    7.5000    7.5000   52.5000 2660.0642   16.5405
   -7.5000   15.0000   52.5000 2563.4722   17.4735
    0.0000   15.0000   52.5000 2601.4326   17.2738
    7.5000   15.0000   52.5000 2602.2563   17.3947
   -7.5000   22.5000   52.5000 2491.3611   18.5813
    0.0000   22.5000   52.5000 2528.5723   18.3140
    7.5000   22.5000   52.5000 2525.0481   18.4368
   -7.5000   30.0000   52.5000 2399.0261   19.9867
    0.0000   30.0000   52.5000 2428.8728   19.6910
    7.5000   30.0000   52.5000 2423.7605   19.7876
   -7.5000   37.5000   52.5000 2289.9019   21.7553
    0.0000   37.5000   52.5000 2315.8867   21.4217
    7.5000   37.5000   52.5000 2309.3574   21.4821

---------------------------------------------------------------------
imgreg_4dfp /usr/pubsw/packages/freesurfer/freesurfer-7.1/average/711-2C_as_mni_average_305 /usr/pubsw/packages/freesurfer/freesurfer-7.1/average/711-2B_as_mni_average_305_mask talsrcimg_g11 none talsrcimg_to_711-2C_as_mni_average_305_t4 1283
---------------------------------------------------------------------

freesurfer imgreg_4dfp.c
/usr/pubsw/packages/freesurfer/freesurfer-7.1/average/711-2C_as_mni_average_305.4dfp.img
       256       256       256         1
  1.000000  1.000000  1.000000
orientation T byte_order littleendian
Reading image: /usr/pubsw/packages/freesurfer/freesurfer-7.1/average/711-2C_as_mni_average_305.4dfp.img
dimensions:      256       256       256
mmppix:       1.0000   -1.0000   -1.0000
center:     128.0000 -129.0000 -129.0000
/usr/pubsw/packages/freesurfer/freesurfer-7.1/average/711-2B_as_mni_average_305_mask.4dfp.img
       256       256       256         1
  1.000000  1.000000  1.000000
orientation T byte_order littleendian
Reading mask: /usr/pubsw/packages/freesurfer/freesurfer-7.1/average/711-2B_as_mni_average_305_mask.4dfp.img (2306576 pixels)
talsrcimg_g11.4dfp.img
       256       256       256         1
  1.000000  1.000000  1.000000
orientation T byte_order littleendian
Reading image: talsrcimg_g11.4dfp.img
dimensions:      256       256       256
mmppix:       1.0000   -1.0000   -1.0000
center:     128.0000 -129.0000 -129.0000
rotation matrix determinant  1.000000
fimgreg.f
image alignment mode   1283 decimal      503 hex
parameters
    0.0000   -7.5000   15.0000    0.0000    0.0000    0.0000
eta,q 0.93501 13.47869
niter,ni,del,rscale     5    3   12.0000    1.2000
parameter  2 -0.848413 -> -0.500000 qaram    1.1500
parameters
    0.4217   -4.0500   16.1016    0.6807   -2.4138   -0.3416
eta,q 0.94563 13.43615
  0.0851  0.0702  0.0751  0.0634  0.0582  0.0592
  0.0724  0.0660  0.0707  0.0618  0.0549  0.0568
  0.0634  0.0630  0.0621  0.0593  0.0544  0.0552
  0.0607  0.0607  0.0570  0.0569  0.0560  0.0543
  0.0644  0.0579  0.0582  0.0558  0.0596  0.0545
  0.0718  0.0566  0.0616  0.0583  0.0651  0.0571
  0.0767  0.0580  0.0674  0.0626  0.0705  0.0614
niter,ni,del,rscale     5    3   12.0000    1.2000
parameters
    1.1119   -5.2678   16.5549    1.0112   -2.8920   -0.7646
eta,q 0.94510 13.45817
  0.0808  0.0616  0.0738  0.0600  0.0615  0.0589
  0.0673  0.0591  0.0667  0.0595  0.0587  0.0570
  0.0582  0.0560  0.0583  0.0573  0.0559  0.0557
  0.0544  0.0544  0.0548  0.0550  0.0548  0.0548
  0.0559  0.0564  0.0575  0.0549  0.0561  0.0552
  0.0619  0.0640  0.0627  0.0573  0.0595  0.0573
  0.0702  0.0709  0.0693  0.0606  0.0650  0.0611
niter,ni,del,rscale     4    3   12.0000    1.2000
parameters
    1.4149   -5.8250   16.8106    1.3911   -3.0960   -0.9527
eta,q 0.94444 13.46709
  0.0766  0.0629  0.0739  0.0595  0.0623  0.0593
  0.0648  0.0598  0.0660  0.0595  0.0595  0.0573
  0.0574  0.0576  0.0580  0.0576  0.0570  0.0563
  0.0549  0.0550  0.0555  0.0556  0.0555  0.0555
  0.0571  0.0552  0.0584  0.0555  0.0562  0.0557
  0.0629  0.0605  0.0641  0.0573  0.0590  0.0572
  0.0719  0.0686  0.0707  0.0601  0.0646  0.0604
niter,ni,del,rscale     3    3   12.0000    1.2000
parameters
    1.5136   -6.1421   16.9770    1.7581   -3.1502   -1.0377
eta,q 0.94405 13.47776
  0.0752  0.0636  0.0740  0.0596  0.0628  0.0594
  0.0641  0.0600  0.0656  0.0595  0.0598  0.0573
  0.0573  0.0582  0.0579  0.0576  0.0575  0.0566
  0.0556  0.0556  0.0559  0.0560  0.0559  0.0559
  0.0578  0.0552  0.0588  0.0559  0.0563  0.0560
  0.0636  0.0595  0.0648  0.0577  0.0588  0.0572
  0.0734  0.0678  0.0714  0.0600  0.0643  0.0601
niter,ni,del,rscale     2    3   12.0000    1.2000
parameters
    1.5354   -6.3537   17.0926    2.0418   -3.1465   -1.1170
eta,q 0.94381 13.48672
  0.0748  0.0640  0.0740  0.0596  0.0631  0.0595
  0.0640  0.0600  0.0651  0.0595  0.0601  0.0573
  0.0574  0.0584  0.0579  0.0576  0.0578  0.0567
  0.0559  0.0560  0.0562  0.0563  0.0562  0.0562
  0.0581  0.0551  0.0588  0.0561  0.0565  0.0562
  0.0639  0.0592  0.0652  0.0579  0.0588  0.0572
  0.0741  0.0675  0.0717  0.0601  0.0643  0.0600
niter,ni,del,rscale     1    3   12.0000    1.2000
parameters
    1.5391   -6.5048   17.1864    2.2716   -3.1313   -1.1715
eta,q 0.94365 13.49476
  0.0748  0.0644  0.0741  0.0597  0.0632  0.0596
  0.0641  0.0600  0.0649  0.0595  0.0602  0.0573
  0.0576  0.0585  0.0580  0.0576  0.0579  0.0567
  0.0562  0.0562  0.0564  0.0564  0.0563  0.0563
  0.0582  0.0552  0.0589  0.0562  0.0566  0.0563
  0.0640  0.0591  0.0655  0.0582  0.0589  0.0573
  0.0746  0.0674  0.0719  0.0602  0.0644  0.0599
registration optimization eta report
parameter search radius
    6.0000    6.9000    6.0000    6.0000    6.0000    6.0000
100000*second partial in parameter space
       52.       21.       46.       10.       21.       10.
  0.0748  0.0644  0.0741  0.0597  0.0632  0.0596
  0.0641  0.0600  0.0649  0.0595  0.0602  0.0573
  0.0576  0.0585  0.0580  0.0576  0.0579  0.0567
  0.0562  0.0562  0.0564  0.0564  0.0563  0.0563
  0.0582  0.0552  0.0589  0.0562  0.0566  0.0563
  0.0640  0.0591  0.0655  0.0582  0.0589  0.0573
  0.0746  0.0674  0.0719  0.0602  0.0644  0.0599
    1.5391   -6.5048   17.1864    2.2716   -3.1313   -1.1715
eta,q 0.94365 13.49476

---------------------------------------------------------------------
imgreg_4dfp /usr/pubsw/packages/freesurfer/freesurfer-7.1/average/711-2C_as_mni_average_305 /usr/pubsw/packages/freesurfer/freesurfer-7.1/average/711-2B_as_mni_average_305_mask talsrcimg_g11 none talsrcimg_to_711-2C_as_mni_average_305_t4 3335
---------------------------------------------------------------------

freesurfer imgreg_4dfp.c
/usr/pubsw/packages/freesurfer/freesurfer-7.1/average/711-2C_as_mni_average_305.4dfp.img
       256       256       256         1
  1.000000  1.000000  1.000000
orientation T byte_order littleendian
Reading image: /usr/pubsw/packages/freesurfer/freesurfer-7.1/average/711-2C_as_mni_average_305.4dfp.img
dimensions:      256       256       256
mmppix:       1.0000   -1.0000   -1.0000
center:     128.0000 -129.0000 -129.0000
/usr/pubsw/packages/freesurfer/freesurfer-7.1/average/711-2B_as_mni_average_305_mask.4dfp.img
       256       256       256         1
  1.000000  1.000000  1.000000
orientation T byte_order littleendian
Reading mask: /usr/pubsw/packages/freesurfer/freesurfer-7.1/average/711-2B_as_mni_average_305_mask.4dfp.img (2306576 pixels)
talsrcimg_g11.4dfp.img
       256       256       256         1
  1.000000  1.000000  1.000000
orientation T byte_order littleendian
Reading image: talsrcimg_g11.4dfp.img
dimensions:      256       256       256
mmppix:       1.0000   -1.0000   -1.0000
center:     128.0000 -129.0000 -129.0000
fimgreg.f
image alignment mode   3335 decimal      D07 hex
parameters
    1.5391   -6.5048   17.1864   -0.1702   -0.1039   -0.2278
    2.2594    5.3759   -2.0415   -4.0744   -5.4624    3.9577
eta,q 0.94065 13.55806
niter,ni,del,rscale     5    3    5.0000    1.2000
parameter  4  0.651334 ->  0.500000 qaram    1.1500
parameter  5  4.745965 ->  0.500000 qaram    1.1500
parameter  6  0.787460 ->  0.500000 qaram    1.1500
parameters
    1.5864   -7.2081   17.6820   -4.3102   -4.2439   -4.3678
    2.9331    5.3867   -0.7322   -2.9693   -3.6858    3.1448
eta,q 0.95219 13.65577
  0.0624  0.0600  0.0628  0.0574  0.0489  0.0486  0.0509  0.0516  0.0504  0.0517  0.0503  0.0491
  0.0608  0.0594  0.0611  0.0574  0.0511  0.0480  0.0495  0.0495  0.0492  0.0498  0.0490  0.0483
  0.0598  0.0592  0.0598  0.0579  0.0540  0.0488  0.0485  0.0482  0.0484  0.0486  0.0482  0.0479
  0.0593  0.0593  0.0592  0.0591  0.0575  0.0518  0.0480  0.0480  0.0480  0.0480  0.0479  0.0478
  0.0596  0.0599  0.0592  0.0614  0.0618  0.0577  0.0482  0.0486  0.0480  0.0480  0.0478  0.0481
  0.0606  0.0607  0.0598  0.0650  0.0658  0.0637  0.0489  0.0498  0.0484  0.0486  0.0481  0.0488
  0.0622  0.0617  0.0606  0.0702  0.0686  0.0701  0.0500  0.0512  0.0491  0.0500  0.0486  0.0498
niter,ni,del,rscale     7    3    5.0000    1.2000
parameter  2 -0.614875 -> -0.500000 qaram    1.1500
parameter  3  1.127773 ->  0.500000 qaram    1.1500
parameter  5  1.149219 ->  0.500000 qaram    1.3225
parameter 10 -0.714979 -> -0.500000 qaram    1.1500
parameters
    1.9002   -5.8281   16.3020   -2.7899   -9.0049   -7.1650
    2.1177    4.6600   -1.3382    1.1707   -3.4321    3.0522
eta,q 0.95994 13.61888
  0.0507  0.0512  0.0450  0.0496  0.0401  0.0434  0.0434  0.0436  0.0427  0.0461  0.0416  0.0417
  0.0492  0.0497  0.0452  0.0478  0.0406  0.0423  0.0422  0.0421  0.0418  0.0439  0.0407  0.0409
  0.0483  0.0486  0.0459  0.0464  0.0424  0.0413  0.0414  0.0413  0.0413  0.0423  0.0402  0.0403
  0.0478  0.0478  0.0472  0.0454  0.0451  0.0410  0.0413  0.0413  0.0412  0.0412  0.0401  0.0401
  0.0479  0.0473  0.0488  0.0450  0.0486  0.0431  0.0419  0.0420  0.0415  0.0404  0.0402  0.0403
  0.0485  0.0472  0.0508  0.0456  0.0534  0.0495  0.0430  0.0431  0.0422  0.0400  0.0407  0.0409
  0.0495  0.0474  0.0530  0.0477  0.0579  0.0565  0.0445  0.0444  0.0432  0.0403  0.0413  0.0418
niter,ni,del,rscale     7    3    5.0000    1.2000
parameter  2 -0.690151 -> -0.500000 qaram    1.3225
parameter  3  1.084160 ->  0.500000 qaram    1.3225
parameter  5  0.551102 ->  0.500000 qaram    1.5209
parameter 10 -1.101848 -> -0.500000 qaram    1.3225
parameters
    2.0457   -4.2411   14.7150   -1.1934  -14.4801   -9.3331
    2.4889    4.5993   -1.5906    5.9317   -3.5470    2.2324
eta,q 0.96667 13.48349
  0.0430  0.0463  0.0366  0.0418  0.0358  0.0378  0.0382  0.0385  0.0370  0.0417  0.0346  0.0344
  0.0415  0.0438  0.0367  0.0398  0.0349  0.0366  0.0369  0.0367  0.0361  0.0393  0.0338  0.0338
  0.0405  0.0416  0.0375  0.0381  0.0349  0.0357  0.0359  0.0358  0.0356  0.0373  0.0334  0.0334
  0.0401  0.0401  0.0389  0.0368  0.0365  0.0348  0.0355  0.0355  0.0355  0.0355  0.0333  0.0333
  0.0403  0.0391  0.0407  0.0363  0.0393  0.0360  0.0357  0.0360  0.0357  0.0340  0.0335  0.0335
  0.0411  0.0389  0.0428  0.0370  0.0433  0.0407  0.0365  0.0371  0.0363  0.0332  0.0340  0.0342
  0.0424  0.0391  0.0453  0.0396  0.0489  0.0481  0.0377  0.0384  0.0372  0.0332  0.0346  0.0352
niter,ni,del,rscale     7    3    5.0000    1.2000
parameter  2 -0.795680 -> -0.500000 qaram    1.5209
parameter  3  0.651533 ->  0.500000 qaram    1.5209
parameter 12  0.538221 ->  0.500000 qaram    1.1500
parameters
    1.8984   -2.4160   12.8900    0.8241  -17.0700  -11.2443
    2.4913    4.8865   -1.8968   10.2315   -2.8990   -1.9076
eta,q 0.97186 13.41923
  0.0358  0.0423  0.0303  0.0353  0.0324  0.0330  0.0323  0.0343  0.0317  0.0384  0.0301  0.0284
  0.0344  0.0389  0.0298  0.0331  0.0306  0.0314  0.0310  0.0315  0.0306  0.0350  0.0291  0.0282
  0.0335  0.0358  0.0301  0.0312  0.0293  0.0302  0.0301  0.0301  0.0300  0.0320  0.0286  0.0282
  0.0333  0.0333  0.0311  0.0298  0.0291  0.0290  0.0298  0.0298  0.0298  0.0298  0.0285  0.0285
  0.0338  0.0317  0.0326  0.0290  0.0308  0.0303  0.0301  0.0303  0.0301  0.0286  0.0286  0.0291
  0.0349  0.0310  0.0346  0.0295  0.0342  0.0353  0.0310  0.0315  0.0309  0.0288  0.0289  0.0300
  0.0365  0.0314  0.0371  0.0323  0.0390  0.0432  0.0323  0.0332  0.0320  0.0306  0.0294  0.0313
niter,ni,del,rscale     7    3    5.0000    1.2000
parameters
    1.7581   -1.1590   11.8977    1.9576  -17.4898  -11.7567
    2.3739    5.0729   -1.9343   11.6287   -3.0389   -5.5660
eta,q 0.97373 13.45467
  0.0309  0.0378  0.0288  0.0324  0.0320  0.0324  0.0293  0.0318  0.0291  0.0340  0.0277  0.0267
  0.0293  0.0338  0.0272  0.0302  0.0295  0.0302  0.0280  0.0286  0.0279  0.0307  0.0269  0.0263
  0.0284  0.0305  0.0268  0.0283  0.0276  0.0283  0.0271  0.0271  0.0271  0.0282  0.0265  0.0263
  0.0281  0.0281  0.0271  0.0268  0.0264  0.0264  0.0268  0.0268  0.0268  0.0268  0.0266  0.0266
  0.0286  0.0271  0.0282  0.0261  0.0270  0.0260  0.0271  0.0274  0.0271  0.0267  0.0267  0.0271
  0.0298  0.0279  0.0300  0.0271  0.0296  0.0293  0.0281  0.0287  0.0279  0.0281  0.0271  0.0281
  0.0316  0.0303  0.0326  0.0310  0.0336  0.0370  0.0295  0.0309  0.0291  0.0310  0.0276  0.0296
niter,ni,del,rscale     6    3    5.0000    1.2000
parameters
    1.7351   -0.8907   11.3246    2.1060  -17.5003  -11.6767
    2.2069    5.3844   -1.5691   12.7639   -2.7935   -7.1564
eta,q 0.97432 13.48396
  0.0296  0.0336  0.0289  0.0316  0.0319  0.0328  0.0285  0.0316  0.0285  0.0328  0.0273  0.0267
  0.0278  0.0301  0.0268  0.0294  0.0294  0.0304  0.0271  0.0281  0.0272  0.0295  0.0262  0.0260
  0.0267  0.0275  0.0260  0.0275  0.0273  0.0283  0.0262  0.0263  0.0263  0.0271  0.0258  0.0257
  0.0263  0.0263  0.0262  0.0260  0.0259  0.0259  0.0259  0.0259  0.0259  0.0259  0.0257  0.0258
  0.0267  0.0266  0.0271  0.0257  0.0262  0.0250  0.0263  0.0265  0.0261  0.0259  0.0259  0.0261
  0.0279  0.0285  0.0287  0.0275  0.0286  0.0279  0.0273  0.0279  0.0269  0.0274  0.0263  0.0268
  0.0298  0.0320  0.0309  0.0328  0.0328  0.0350  0.0288  0.0303  0.0281  0.0304  0.0269  0.0279
niter,ni,del,rscale     5    3    5.0000    1.2000
parameters
    1.6604   -0.7696   11.0513    2.2192  -17.6656  -11.5946
    2.0032    5.4596   -1.3046   13.2688   -2.6264   -7.8494
eta,q 0.97458 13.49158
  0.0289  0.0326  0.0294  0.0314  0.0314  0.0329  0.0281  0.0311  0.0281  0.0318  0.0271  0.0268
  0.0271  0.0291  0.0269  0.0292  0.0289  0.0304  0.0267  0.0276  0.0267  0.0286  0.0260  0.0260
  0.0260  0.0267  0.0257  0.0272  0.0269  0.0282  0.0258  0.0258  0.0259  0.0265  0.0255  0.0255
  0.0257  0.0257  0.0257  0.0256  0.0255  0.0256  0.0255  0.0255  0.0255  0.0255  0.0254  0.0254
  0.0261  0.0262  0.0266  0.0252  0.0257  0.0247  0.0259  0.0262  0.0257  0.0257  0.0257  0.0257
  0.0274  0.0284  0.0281  0.0271  0.0283  0.0280  0.0269  0.0278  0.0265  0.0275  0.0261  0.0264
  0.0294  0.0319  0.0303  0.0328  0.0328  0.0351  0.0284  0.0304  0.0278  0.0308  0.0268  0.0273
niter,ni,del,rscale     4    3    5.0000    1.2000
parameters
    1.6242   -0.6872   10.9599    2.2519  -17.7812  -11.5515
    1.8821    5.4472   -1.1929   13.5035   -2.5310   -8.1362
eta,q 0.97466 13.49263
  0.0288  0.0322  0.0300  0.0313  0.0313  0.0329  0.0280  0.0309  0.0278  0.0313  0.0271  0.0269
  0.0269  0.0287  0.0271  0.0290  0.0288  0.0304  0.0267  0.0274  0.0265  0.0282  0.0259  0.0260
  0.0258  0.0264  0.0256  0.0270  0.0268  0.0281  0.0257  0.0257  0.0257  0.0262  0.0254  0.0255
  0.0254  0.0254  0.0254  0.0254  0.0254  0.0254  0.0254  0.0254  0.0254  0.0254  0.0253  0.0253
  0.0258  0.0260  0.0262  0.0251  0.0255  0.0247  0.0257  0.0261  0.0256  0.0257  0.0256  0.0256
  0.0271  0.0282  0.0278  0.0271  0.0281  0.0282  0.0267  0.0278  0.0264  0.0276  0.0261  0.0262
  0.0291  0.0317  0.0300  0.0330  0.0326  0.0352  0.0283  0.0305  0.0277  0.0310  0.0268  0.0272
niter,ni,del,rscale     3    3    5.0000    1.2000
parameters
    1.6085   -0.6399   10.9291    2.2654  -17.8487  -11.5358
    1.8295    5.4265   -1.1511   13.6135   -2.4832   -8.2635
eta,q 0.97469 13.49223
  0.0288  0.0319  0.0302  0.0312  0.0312  0.0329  0.0281  0.0309  0.0277  0.0311  0.0270  0.0270
  0.0269  0.0285  0.0272  0.0290  0.0288  0.0304  0.0267  0.0274  0.0265  0.0281  0.0259  0.0261
  0.0257  0.0263  0.0256  0.0269  0.0268  0.0281  0.0257  0.0257  0.0256  0.0261  0.0254  0.0255
  0.0253  0.0253  0.0253  0.0253  0.0253  0.0253  0.0253  0.0253  0.0253  0.0253  0.0253  0.0253
  0.0257  0.0260  0.0261  0.0250  0.0254  0.0247  0.0257  0.0261  0.0256  0.0258  0.0256  0.0256
  0.0270  0.0282  0.0277  0.0271  0.0280  0.0283  0.0267  0.0278  0.0264  0.0277  0.0261  0.0261
  0.0289  0.0317  0.0299  0.0330  0.0325  0.0353  0.0282  0.0306  0.0277  0.0311  0.0268  0.0271
niter,ni,del,rscale     2    3    5.0000    1.2000
parameters
    1.6019   -0.6157   10.9161    2.2714  -17.8830  -11.5304
    1.8089    5.4124   -1.1343   13.6637   -2.4586   -8.3177
eta,q 0.97469 13.49180
  0.0288  0.0318  0.0302  0.0312  0.0312  0.0329  0.0281  0.0309  0.0277  0.0310  0.0270  0.0270
  0.0269  0.0284  0.0272  0.0290  0.0288  0.0304  0.0267  0.0274  0.0264  0.0280  0.0259  0.0261
  0.0257  0.0262  0.0256  0.0269  0.0268  0.0281  0.0257  0.0257  0.0256  0.0261  0.0254  0.0255
  0.0253  0.0253  0.0253  0.0253  0.0253  0.0253  0.0253  0.0253  0.0253  0.0253  0.0253  0.0253
  0.0257  0.0260  0.0261  0.0250  0.0254  0.0247  0.0257  0.0260  0.0256  0.0258  0.0256  0.0256
  0.0269  0.0282  0.0277  0.0271  0.0279  0.0284  0.0266  0.0278  0.0264  0.0277  0.0261  0.0261
  0.0289  0.0318  0.0299  0.0331  0.0324  0.0354  0.0282  0.0306  0.0277  0.0312  0.0268  0.0271
registration optimization eta report
parameter search radius
    2.4000    3.6501    3.6501    8.2800   10.9503    8.2800
    7.2000    7.2000    7.2000    9.5220    7.2000    8.2800
100000*second partial in parameter space
       62.       48.       35.       10.        5.       13.
        5.       10.        5.        6.        3.        2.
  0.0288  0.0318  0.0302  0.0312  0.0312  0.0329  0.0281  0.0309  0.0277  0.0310  0.0270  0.0270
  0.0269  0.0284  0.0272  0.0290  0.0288  0.0304  0.0267  0.0274  0.0264  0.0280  0.0259  0.0261
  0.0257  0.0262  0.0256  0.0269  0.0268  0.0281  0.0257  0.0257  0.0256  0.0261  0.0254  0.0255
  0.0253  0.0253  0.0253  0.0253  0.0253  0.0253  0.0253  0.0253  0.0253  0.0253  0.0253  0.0253
  0.0257  0.0260  0.0261  0.0250  0.0254  0.0247  0.0257  0.0260  0.0256  0.0258  0.0256  0.0256
  0.0269  0.0282  0.0277  0.0271  0.0279  0.0284  0.0266  0.0278  0.0264  0.0277  0.0261  0.0261
  0.0289  0.0318  0.0299  0.0331  0.0324  0.0354  0.0282  0.0306  0.0277  0.0312  0.0268  0.0271
    1.6019   -0.6157   10.9161    2.2714  -17.8830  -11.5304
    1.8089    5.4124   -1.1343   13.6637   -2.4586   -8.3177
eta,q 0.97469 13.49180

---------------------------------------------------------------------
imgreg_4dfp /usr/pubsw/packages/freesurfer/freesurfer-7.1/average/711-2C_as_mni_average_305 /usr/pubsw/packages/freesurfer/freesurfer-7.1/average/711-2B_as_mni_average_305_mask talsrcimg_g11 none talsrcimg_to_711-2C_as_mni_average_305_t4 2311
---------------------------------------------------------------------

freesurfer imgreg_4dfp.c
/usr/pubsw/packages/freesurfer/freesurfer-7.1/average/711-2C_as_mni_average_305.4dfp.img
       256       256       256         1
  1.000000  1.000000  1.000000
orientation T byte_order littleendian
Reading image: /usr/pubsw/packages/freesurfer/freesurfer-7.1/average/711-2C_as_mni_average_305.4dfp.img
dimensions:      256       256       256
mmppix:       1.0000   -1.0000   -1.0000
center:     128.0000 -129.0000 -129.0000
/usr/pubsw/packages/freesurfer/freesurfer-7.1/average/711-2B_as_mni_average_305_mask.4dfp.img
       256       256       256         1
  1.000000  1.000000  1.000000
orientation T byte_order littleendian
Reading mask: /usr/pubsw/packages/freesurfer/freesurfer-7.1/average/711-2B_as_mni_average_305_mask.4dfp.img (2306576 pixels)
talsrcimg_g11.4dfp.img
       256       256       256         1
  1.000000  1.000000  1.000000
orientation T byte_order littleendian
Reading image: talsrcimg_g11.4dfp.img
dimensions:      256       256       256
mmppix:       1.0000   -1.0000   -1.0000
center:     128.0000 -129.0000 -129.0000
fimgreg.f
image alignment mode   2311 decimal      907 hex
parameters
    1.6019   -0.6157   10.9161    2.2714  -17.8830  -11.5304
    1.8089    5.4124   -1.1343   13.6637   -2.4586   -8.3177
eta,q 0.97469 13.49181
niter,ni,del,rscale     5    3    5.0000    0.8000
parameters
    1.6048   -0.5509   10.6776    3.7912  -16.8034  -10.9122
    1.6629    5.6736   -1.1823   13.6968   -1.9735   -9.0538
eta,q 0.97562 13.58041
  0.0269  0.0267  0.0260  0.0284  0.0268  0.0292  0.0259  0.0283  0.0256  0.0263  0.0259  0.0250
  0.0260  0.0260  0.0255  0.0272  0.0260  0.0278  0.0251  0.0261  0.0249  0.0253  0.0250  0.0246
  0.0255  0.0255  0.0253  0.0261  0.0253  0.0262  0.0246  0.0249  0.0245  0.0247  0.0246  0.0244
  0.0253  0.0253  0.0253  0.0253  0.0249  0.0247  0.0244  0.0244  0.0244  0.0244  0.0244  0.0244
  0.0255  0.0254  0.0255  0.0248  0.0247  0.0243  0.0246  0.0247  0.0245  0.0245  0.0245  0.0246
  0.0260  0.0258  0.0259  0.0251  0.0250  0.0255  0.0252  0.0258  0.0250  0.0252  0.0248  0.0249
  0.0269  0.0265  0.0265  0.0262  0.0257  0.0282  0.0261  0.0274  0.0257  0.0263  0.0253  0.0254
niter,ni,del,rscale     4    3    5.0000    0.7000
parameters
    1.5003   -0.7114   10.7741    3.4482  -16.6345  -10.3397
    1.7537    5.4953   -1.2058   13.5557   -1.5929   -9.2585
eta,q 0.97586 13.59436
  0.0257  0.0252  0.0255  0.0262  0.0257  0.0284  0.0254  0.0267  0.0251  0.0255  0.0253  0.0247
  0.0249  0.0247  0.0249  0.0253  0.0251  0.0270  0.0248  0.0252  0.0246  0.0248  0.0247  0.0244
  0.0245  0.0244  0.0245  0.0247  0.0246  0.0255  0.0243  0.0244  0.0242  0.0243  0.0243  0.0242
  0.0244  0.0244  0.0244  0.0244  0.0244  0.0244  0.0241  0.0241  0.0241  0.0241  0.0241  0.0241
  0.0246  0.0246  0.0244  0.0246  0.0244  0.0241  0.0243  0.0246  0.0242  0.0243  0.0242  0.0242
  0.0252  0.0251  0.0247  0.0255  0.0248  0.0251  0.0247  0.0256  0.0246  0.0249  0.0245  0.0245
  0.0261  0.0258  0.0252  0.0274  0.0256  0.0273  0.0253  0.0271  0.0251  0.0258  0.0249  0.0249
niter,ni,del,rscale     3    3    5.0000    0.6000
parameters
    1.4534   -0.7369   10.9864    3.3793  -16.6539   -9.9176
    1.7830    5.3406   -1.2775   13.4541   -1.3664   -9.3446
eta,q 0.97600 13.60026
  0.0252  0.0250  0.0252  0.0257  0.0251  0.0275  0.0250  0.0259  0.0247  0.0251  0.0248  0.0245
  0.0246  0.0245  0.0247  0.0250  0.0246  0.0261  0.0245  0.0248  0.0243  0.0245  0.0244  0.0242
  0.0242  0.0242  0.0243  0.0244  0.0243  0.0249  0.0241  0.0242  0.0241  0.0241  0.0241  0.0241
  0.0241  0.0241  0.0241  0.0241  0.0241  0.0241  0.0240  0.0240  0.0240  0.0240  0.0240  0.0240
  0.0243  0.0242  0.0241  0.0242  0.0242  0.0240  0.0241  0.0243  0.0241  0.0241  0.0241  0.0241
  0.0247  0.0245  0.0243  0.0248  0.0245  0.0248  0.0244  0.0251  0.0243  0.0245  0.0243  0.0242
  0.0254  0.0250  0.0246  0.0260  0.0252  0.0265  0.0249  0.0262  0.0248  0.0252  0.0246  0.0245
niter,ni,del,rscale     2    3    5.0000    0.5000
parameters
    1.4286   -0.7522   11.1558    3.3660  -16.6902   -9.6103
    1.8160    5.2543   -1.3309   13.3740   -1.2365   -9.3584
eta,q 0.97607 13.60331
  0.0248  0.0246  0.0247  0.0252  0.0246  0.0265  0.0246  0.0253  0.0244  0.0247  0.0245  0.0243
  0.0243  0.0243  0.0244  0.0246  0.0243  0.0254  0.0243  0.0245  0.0241  0.0243  0.0242  0.0241
  0.0241  0.0241  0.0241  0.0242  0.0241  0.0245  0.0240  0.0241  0.0240  0.0240  0.0240  0.0240
  0.0240  0.0240  0.0240  0.0240  0.0240  0.0240  0.0239  0.0239  0.0239  0.0239  0.0239  0.0239
  0.0241  0.0241  0.0240  0.0241  0.0240  0.0240  0.0240  0.0241  0.0240  0.0240  0.0240  0.0240
  0.0244  0.0243  0.0241  0.0245  0.0243  0.0246  0.0242  0.0247  0.0242  0.0243  0.0241  0.0241
  0.0249  0.0246  0.0244  0.0253  0.0247  0.0258  0.0246  0.0255  0.0245  0.0248  0.0244  0.0243
niter,ni,del,rscale     1    3    5.0000    0.4000
parameters
    1.4151   -0.7692   11.2829    3.3719  -16.7040   -9.3961
    1.8421    5.2104   -1.3766   13.3096   -1.1700   -9.3640
eta,q 0.97610 13.60556
  0.0244  0.0243  0.0244  0.0247  0.0244  0.0256  0.0244  0.0248  0.0242  0.0244  0.0243  0.0241
  0.0242  0.0241  0.0242  0.0243  0.0241  0.0248  0.0241  0.0243  0.0240  0.0241  0.0240  0.0240
  0.0240  0.0240  0.0240  0.0241  0.0240  0.0242  0.0240  0.0240  0.0239  0.0239  0.0239  0.0239
  0.0239  0.0239  0.0239  0.0239  0.0239  0.0239  0.0239  0.0239  0.0239  0.0239  0.0239  0.0239
  0.0240  0.0240  0.0239  0.0240  0.0240  0.0240  0.0239  0.0240  0.0239  0.0240  0.0239  0.0239
  0.0242  0.0241  0.0240  0.0243  0.0241  0.0243  0.0241  0.0244  0.0240  0.0241  0.0240  0.0240
  0.0245  0.0243  0.0242  0.0248  0.0244  0.0252  0.0243  0.0249  0.0242  0.0245  0.0242  0.0241
registration optimization eta report
parameter search radius
    0.8000    0.8000    0.8000    2.4000    2.4000    2.4000
    2.4000    2.4000    2.4000    2.4000    2.4000    2.4000
100000*second partial in parameter space
       83.       63.       56.       14.        8.       25.
        8.       17.        6.        9.        6.        4.
  0.0244  0.0243  0.0244  0.0247  0.0244  0.0256  0.0244  0.0248  0.0242  0.0244  0.0243  0.0241
  0.0242  0.0241  0.0242  0.0243  0.0241  0.0248  0.0241  0.0243  0.0240  0.0241  0.0240  0.0240
  0.0240  0.0240  0.0240  0.0241  0.0240  0.0242  0.0240  0.0240  0.0239  0.0239  0.0239  0.0239
  0.0239  0.0239  0.0239  0.0239  0.0239  0.0239  0.0239  0.0239  0.0239  0.0239  0.0239  0.0239
  0.0240  0.0240  0.0239  0.0240  0.0240  0.0240  0.0239  0.0240  0.0239  0.0240  0.0239  0.0239
  0.0242  0.0241  0.0240  0.0243  0.0241  0.0243  0.0241  0.0244  0.0240  0.0241  0.0240  0.0240
  0.0245  0.0243  0.0242  0.0248  0.0244  0.0252  0.0243  0.0249  0.0242  0.0245  0.0242  0.0241
    1.4151   -0.7692   11.2829    3.3719  -16.7040   -9.3961
    1.8421    5.2104   -1.3766   13.3096   -1.1700   -9.3640
eta,q 0.97610 13.60556

---------------------------------------------------------------------
imgreg_4dfp /usr/pubsw/packages/freesurfer/freesurfer-7.1/average/711-2C_as_mni_average_305 /usr/pubsw/packages/freesurfer/freesurfer-7.1/average/711-2B_as_mni_average_305_mask talsrcimg_g11 none talsrcimg_to_711-2C_as_mni_average_305_t4 2311
---------------------------------------------------------------------

freesurfer imgreg_4dfp.c
/usr/pubsw/packages/freesurfer/freesurfer-7.1/average/711-2C_as_mni_average_305.4dfp.img
       256       256       256         1
  1.000000  1.000000  1.000000
orientation T byte_order littleendian
Reading image: /usr/pubsw/packages/freesurfer/freesurfer-7.1/average/711-2C_as_mni_average_305.4dfp.img
dimensions:      256       256       256
mmppix:       1.0000   -1.0000   -1.0000
center:     128.0000 -129.0000 -129.0000
/usr/pubsw/packages/freesurfer/freesurfer-7.1/average/711-2B_as_mni_average_305_mask.4dfp.img
       256       256       256         1
  1.000000  1.000000  1.000000
orientation T byte_order littleendian
Reading mask: /usr/pubsw/packages/freesurfer/freesurfer-7.1/average/711-2B_as_mni_average_305_mask.4dfp.img (2306576 pixels)
talsrcimg_g11.4dfp.img
       256       256       256         1
  1.000000  1.000000  1.000000
orientation T byte_order littleendian
Reading image: talsrcimg_g11.4dfp.img
dimensions:      256       256       256
mmppix:       1.0000   -1.0000   -1.0000
center:     128.0000 -129.0000 -129.0000
fimgreg.f
image alignment mode   2311 decimal      907 hex
parameters
    1.4151   -0.7692   11.2829    3.3719  -16.7040   -9.3961
    1.8421    5.2104   -1.3766   13.3096   -1.1700   -9.3640
eta,q 0.97610 13.60556
niter,ni,del,rscale     5    3    5.0000    0.8000
parameters
    1.4133   -0.7933   11.4051    2.8313  -16.9637   -9.6339
    1.8801    5.1025   -1.3231   13.2311   -1.3249   -9.1174
eta,q 0.97599 13.58728
  0.0260  0.0254  0.0256  0.0262  0.0254  0.0282  0.0256  0.0272  0.0253  0.0259  0.0251  0.0249
  0.0248  0.0246  0.0247  0.0251  0.0247  0.0265  0.0248  0.0254  0.0246  0.0249  0.0244  0.0245
  0.0241  0.0241  0.0241  0.0243  0.0242  0.0248  0.0242  0.0243  0.0242  0.0243  0.0241  0.0242
  0.0239  0.0239  0.0239  0.0239  0.0240  0.0240  0.0240  0.0240  0.0240  0.0240  0.0240  0.0240
  0.0241  0.0241  0.0240  0.0243  0.0241  0.0243  0.0242  0.0245  0.0242  0.0242  0.0242  0.0241
  0.0249  0.0246  0.0244  0.0256  0.0248  0.0263  0.0247  0.0256  0.0246  0.0249  0.0246  0.0243
  0.0260  0.0255  0.0251  0.0281  0.0260  0.0300  0.0256  0.0274  0.0253  0.0261  0.0251  0.0247
niter,ni,del,rscale     4    3    5.0000    0.7000
parameters
    1.4430   -0.7598   11.3345    3.0662  -16.8922   -9.6619
    1.8355    5.1784   -1.3281   13.2471   -1.3644   -9.1731
eta,q 0.97603 13.59233
  0.0256  0.0252  0.0249  0.0262  0.0253  0.0276  0.0252  0.0267  0.0250  0.0255  0.0248  0.0246
  0.0247  0.0246  0.0244  0.0253  0.0247  0.0261  0.0245  0.0252  0.0244  0.0247  0.0243  0.0243
  0.0242  0.0242  0.0241  0.0245  0.0242  0.0247  0.0241  0.0243  0.0241  0.0242  0.0240  0.0240
  0.0240  0.0240  0.0240  0.0240  0.0240  0.0240  0.0240  0.0240  0.0240  0.0240  0.0240  0.0240
  0.0242  0.0241  0.0242  0.0240  0.0240  0.0242  0.0241  0.0243  0.0241  0.0241  0.0241  0.0240
  0.0246  0.0245  0.0245  0.0246  0.0245  0.0256  0.0246  0.0251  0.0244  0.0246  0.0244  0.0243
  0.0255  0.0252  0.0251  0.0261  0.0253  0.0284  0.0253  0.0265  0.0250  0.0255  0.0248  0.0246
niter,ni,del,rscale     3    3    5.0000    0.6000
parameters
    1.4389   -0.7625   11.3068    3.1978  -16.8168   -9.5659
    1.8334    5.2157   -1.3417   13.2662   -1.3064   -9.2614
eta,q 0.97607 13.59799
  0.0251  0.0248  0.0247  0.0257  0.0249  0.0270  0.0249  0.0260  0.0247  0.0251  0.0246  0.0244
  0.0245  0.0244  0.0243  0.0249  0.0245  0.0257  0.0244  0.0249  0.0243  0.0245  0.0242  0.0241
  0.0241  0.0241  0.0240  0.0243  0.0241  0.0246  0.0241  0.0242  0.0240  0.0241  0.0240  0.0240
  0.0240  0.0240  0.0240  0.0240  0.0239  0.0239  0.0239  0.0239  0.0239  0.0239  0.0239  0.0239
  0.0241  0.0241  0.0241  0.0240  0.0240  0.0241  0.0240  0.0242  0.0240  0.0240  0.0240  0.0240
  0.0245  0.0244  0.0243  0.0245  0.0243  0.0250  0.0244  0.0248  0.0243  0.0244  0.0242  0.0242
  0.0251  0.0249  0.0248  0.0256  0.0249  0.0270  0.0249  0.0259  0.0247  0.0251  0.0246  0.0244
niter,ni,del,rscale     2    3    5.0000    0.5000
parameters
    1.4281   -0.7706   11.3251    3.2768  -16.7765   -9.4302
    1.8417    5.2194   -1.3662   13.2635   -1.2418   -9.3096
eta,q 0.97610 13.60190
  0.0247  0.0245  0.0245  0.0251  0.0246  0.0262  0.0246  0.0254  0.0244  0.0247  0.0244  0.0242
  0.0243  0.0242  0.0242  0.0246  0.0243  0.0252  0.0242  0.0246  0.0241  0.0243  0.0241  0.0241
  0.0240  0.0240  0.0240  0.0242  0.0240  0.0243  0.0240  0.0241  0.0240  0.0240  0.0240  0.0239
  0.0239  0.0239  0.0239  0.0239  0.0239  0.0239  0.0239  0.0239  0.0239  0.0239  0.0239  0.0239
  0.0240  0.0240  0.0240  0.0240  0.0240  0.0240  0.0240  0.0241  0.0240  0.0240  0.0240  0.0239
  0.0243  0.0242  0.0242  0.0244  0.0242  0.0247  0.0242  0.0246  0.0241  0.0242  0.0241  0.0241
  0.0248  0.0246  0.0244  0.0251  0.0246  0.0260  0.0246  0.0254  0.0244  0.0247  0.0244  0.0243
niter,ni,del,rscale     1    3    5.0000    0.4000
parameters
    1.4195   -0.7800   11.3686    3.3219  -16.7498   -9.3016
    1.8576    5.2074   -1.3864   13.2533   -1.1786   -9.3414
eta,q 0.97611 13.60479
  0.0244  0.0243  0.0243  0.0247  0.0244  0.0255  0.0243  0.0249  0.0242  0.0244  0.0242  0.0241
  0.0241  0.0241  0.0241  0.0243  0.0241  0.0247  0.0241  0.0243  0.0240  0.0241  0.0240  0.0240
  0.0240  0.0239  0.0239  0.0240  0.0240  0.0242  0.0239  0.0240  0.0239  0.0239  0.0239  0.0239
  0.0239  0.0239  0.0239  0.0239  0.0239  0.0239  0.0239  0.0239  0.0239  0.0239  0.0239  0.0239
  0.0240  0.0239  0.0239  0.0239  0.0239  0.0240  0.0239  0.0240  0.0239  0.0239  0.0239  0.0239
  0.0241  0.0241  0.0240  0.0242  0.0241  0.0244  0.0241  0.0243  0.0240  0.0241  0.0240  0.0240
  0.0244  0.0243  0.0242  0.0247  0.0244  0.0253  0.0243  0.0249  0.0242  0.0244  0.0242  0.0241
registration optimization eta report
parameter search radius
    0.8000    0.8000    0.8000    2.4000    2.4000    2.4000
    2.4000    2.4000    2.4000    2.4000    2.4000    2.4000
100000*second partial in parameter space
       83.       62.       56.       14.        8.       25.
        8.       17.        6.        9.        6.        4.
  0.0244  0.0243  0.0243  0.0247  0.0244  0.0255  0.0243  0.0249  0.0242  0.0244  0.0242  0.0241
  0.0241  0.0241  0.0241  0.0243  0.0241  0.0247  0.0241  0.0243  0.0240  0.0241  0.0240  0.0240
  0.0240  0.0239  0.0239  0.0240  0.0240  0.0242  0.0239  0.0240  0.0239  0.0239  0.0239  0.0239
  0.0239  0.0239  0.0239  0.0239  0.0239  0.0239  0.0239  0.0239  0.0239  0.0239  0.0239  0.0239
  0.0240  0.0239  0.0239  0.0239  0.0239  0.0240  0.0239  0.0240  0.0239  0.0239  0.0239  0.0239
  0.0241  0.0241  0.0240  0.0242  0.0241  0.0244  0.0241  0.0243  0.0240  0.0241  0.0240  0.0240
  0.0244  0.0243  0.0242  0.0247  0.0244  0.0253  0.0243  0.0249  0.0242  0.0244  0.0242  0.0241
    1.4195   -0.7800   11.3686    3.3219  -16.7498   -9.3016
    1.8576    5.2074   -1.3864   13.2533   -1.1786   -9.3414
eta,q 0.97611 13.60479

---------------------------------------------------------------------
compute_vox2vox talsrcimg talsrcimg_to_711-2C_as_mni_average_305_t4 /usr/pubsw/packages/freesurfer/freesurfer-7.1/average/711-2C_as_mni_average_305
---------------------------------------------------------------------

freesurfer compute_vox2vox.c
Reading: talsrcimg.4dfp.ifh
Reading: talsrcimg_to_711-2C_as_mni_average_305_t4
Reading: /usr/pubsw/packages/freesurfer/freesurfer-7.1/average/711-2C_as_mni_average_305.4dfp.ifh
Writing: talsrcimg_to_711-2C_as_mni_average_305_t4_vox2vox.txt

start time Tue 19 Oct 2021 11:32:27 AM CEST
end		time Tue 19 Oct 2021 11:32:46 AM CEST

mpr2mni305 success

avi2talxfm orig_nu.mgz /usr/pubsw/packages/freesurfer/freesurfer-7.1/average/mni305.cor.mgz talsrcimg_to_711-2C_as_mni_average_305_t4_vox2vox.txt transforms/talairach.auto.xfm
avi2talxfm done
lta_convert --src orig_nu.mgz --trg /usr/pubsw/packages/freesurfer/freesurfer-7.1/average/mni305.cor.mgz --inxfm transforms/talairach.auto.xfm --outlta transforms/talairach.auto.xfm.lta --subject fsaverage
7.1.1

--src: orig_nu.mgz src image (geometry).
--trg: /usr/pubsw/packages/freesurfer/freesurfer-7.1/average/mni305.cor.mgz trg image (geometry).
--inmni: transforms/talairach.auto.xfm input MNI/XFM transform.
--outlta: transforms/talairach.auto.xfm.lta output LTA.
--s: fsaverage subject name
 LTA read, type : 1
 0.96689  -0.05152  -0.02736  -3.36034;
 0.01399   1.08402   0.12133  -23.86882;
 0.01387  -0.17343   1.18143   1.69168;
 0.00000   0.00000   0.00000   1.00000;
setting subject to fsaverage
Writing  LTA to file transforms/talairach.auto.xfm.lta...
lta_convert successful.
 
 
Started at Tue 19 Oct 2021 11:32:26 AM CEST
Ended   at Tue 19 Oct 2021 11:32:46 AM CEST
talairach_avi done
