Logfile for bbregister
Tue 16 Nov 2021 01:18:40 PM CET

setenv SUBJECTS_DIR /home/student/Practicas/Practicas_SantPau/primeras_pruebas_freesurfer/data/out_recon-all
cd /home/student/Practicas/Practicas_SantPau
/usr/pubsw/packages/freesurfer/freesurfer-7.1/bin/bbregister --s sub-003S6257 --mov /home/student/Practicas/Practicas_SantPau/primeras_pruebas_freesurfer/data/co-registre_PET-TAU/sub-003S6257/sub-003S6257_ses-m00_AV1451.nii --lta /home/student/Practicas/Practicas_SantPau/outs/sub-003S6257/PET-TAU/bbregister/transforms/sub-003S6257_bbregister_rr_12dof.lta --t1 --init-rr --12

bbregister 7.1.1
Linux neuroimagen6 5.11.0-7620-generic #21~1624379747~20.04~3abeff8-Ubuntu SMP Wed Jun 23 02:23:55 UTC  x86_64 x86_64 x86_64 GNU/Linux
FREESURFER_HOME /usr/pubsw/packages/freesurfer/freesurfer-7.1
mri_convert /home/student/Practicas/Practicas_SantPau/primeras_pruebas_freesurfer/data/co-registre_PET-TAU/sub-003S6257/sub-003S6257_ses-m00_AV1451.nii /home/student/Practicas/Practicas_SantPau/outs/sub-003S6257/PET-TAU/bbregister/transforms/tmp.bbregister.26374/template.nii
mri_convert /home/student/Practicas/Practicas_SantPau/primeras_pruebas_freesurfer/data/co-registre_PET-TAU/sub-003S6257/sub-003S6257_ses-m00_AV1451.nii /home/student/Practicas/Practicas_SantPau/outs/sub-003S6257/PET-TAU/bbregister/transforms/tmp.bbregister.26374/template.nii 
reading from /home/student/Practicas/Practicas_SantPau/primeras_pruebas_freesurfer/data/co-registre_PET-TAU/sub-003S6257/sub-003S6257_ses-m00_AV1451.nii...
TR=0.00, TE=0.00, TI=0.00, flip angle=0.00
i_ras = (-1, -0, 0)
j_ras = (0, 1, 0)
k_ras = (-0, -0, 1)
writing to /home/student/Practicas/Practicas_SantPau/outs/sub-003S6257/PET-TAU/bbregister/transforms/tmp.bbregister.26374/template.nii...
mri_robust_register --mov /home/student/Practicas/Practicas_SantPau/outs/sub-003S6257/PET-TAU/bbregister/transforms/tmp.bbregister.26374/template.nii --dst /home/student/Practicas/Practicas_SantPau/primeras_pruebas_freesurfer/data/out_recon-all/sub-003S6257/mri/brainmask.mgz --lta /home/student/Practicas/Practicas_SantPau/outs/sub-003S6257/PET-TAU/bbregister/transforms/tmp.bbregister.26374/rr.lta --cost NMI --nosym
7.1.1

--mov: Using /home/student/Practicas/Practicas_SantPau/outs/sub-003S6257/PET-TAU/bbregister/transforms/tmp.bbregister.26374/template.nii as movable/source volume.
--dst: Using /home/student/Practicas/Practicas_SantPau/primeras_pruebas_freesurfer/data/out_recon-all/sub-003S6257/mri/brainmask.mgz as target volume.
--lta: Output transform as /home/student/Practicas/Practicas_SantPau/outs/sub-003S6257/PET-TAU/bbregister/transforms/tmp.bbregister.26374/rr.lta . 
--cost: Using cost function: NMI !
--nosym: Will resample source to target (no half-way space)!

reading source '/home/student/Practicas/Practicas_SantPau/outs/sub-003S6257/PET-TAU/bbregister/transforms/tmp.bbregister.26374/template.nii'...
reading target '/home/student/Practicas/Practicas_SantPau/primeras_pruebas_freesurfer/data/out_recon-all/sub-003S6257/mri/brainmask.mgz'...

Registration::setSourceAndTarget(MRI s, MRI t, keeptype = FALSE )
   Type Source : 3  Type Target : 0  ensure both FLOAT (3)
   Reordering axes in mov to better fit dst... ( 1 3 -2 )
 Determinant after swap : 2.1015
   Mov: (1.01821, 2.027, 1.01821)mm  and dim (224, 81, 224)
   Dst: (1, 1, 1)mm  and dim (256, 256, 256)
   Asserting both images: 1.01821mm isotropic 
    - reslicing Mov ...
       -- Original : (1.01821, 2.027, 1.01821)mm and (224, 81, 224) voxels.
       -- Resampled: (1.01821, 1.01821, 1.01821)mm and (224, 162, 224) voxels.
       -- Reslicing using cubic bspline 
MRItoBSpline degree 3
    - reslicing Dst ...
       -- changing data type from 0 to 3 (noscale = 0)...
       -- Original : (1, 1, 1)mm and (256, 256, 256) voxels.
       -- Resampled: (1.01821, 1.01821, 1.01821)mm and (252, 252, 252) voxels.
       -- Reslicing using cubic bspline 
MRItoBSpline degree 3


 Registration::computeMultiresRegistration 
   - computing centroids 
   - computing initial transform
     -- using translation info
   - Get Gaussian Pyramid Limits ( min size: 16 max size: -1 ) 
   - Build Gaussian Pyramid ( Limits min steps: 0 max steps: 3 ) 
   - Build Gaussian Pyramid ( Limits min steps: 0 max steps: 3 ) 
   - initial transform:
Ti = [ ...
 1.0000000000000                0                0 12.6044904870789 
               0  1.0000000000000                0 31.1191247955848 
               0                0  1.0000000000000  3.8771300348012 
               0                0                0  1.0000000000000  ]

   - initial iscale:  Ii =1

Resolution: 3  S( 28 20 28 )  T( 31 31 31 )
RegPowell::computeIterativeRegistrationFull
 sym: 0
changing data type from 3 to 0 (noscale = 0)...
MRIchangeType: Building histogram -7.76957 3825.08 1000, flo=0, fhi=0.999, dest_type=0
changing data type from 3 to 0 (noscale = 0)...
MRIchangeType: Building histogram -0.426273 107.613 1000, flo=0, fhi=0.999, dest_type=0
   - compute new registration ( 6 params )
   - initial cost: -1.06593
 START POWELL
fs_powell::minimize
  nparams 6
  maxfev 2000
  ftol   0.000010
  linmin_xtol_   0.000100
  powell nthiter 0: fret = -1.065934
  powell nthiter 1: fret = -1.073932
  powell nthiter 2: fret = -1.073966
 iter: 2
 final e = -1.0739655639318
p = [ -0.0862732714239  0.6101083025193  0.9021934732735                0  0.0009640329487                0  ]


 DONE 

Resolution: 2  S( 56 40 56 )  T( 63 63 63 )
RegPowell::computeIterativeRegistrationFull
 sym: 0
changing data type from 3 to 0 (noscale = 0)...
MRIchangeType: Building histogram -7.12227 6731.49 1000, flo=0, fhi=0.999, dest_type=0
changing data type from 3 to 0 (noscale = 0)...
MRIchangeType: Building histogram -0.449894 110.107 1000, flo=0, fhi=0.999, dest_type=0
   - compute new registration ( 6 params )
   - initial cost: -1.0495097435434
 START POWELL
fs_powell::minimize
  nparams 6
  maxfev 2000
  ftol   0.000010
  linmin_xtol_   0.000100
  powell nthiter 0: fret = -1.049510
  powell nthiter 1: fret = -1.052436
 iter: 1
 final e = -1.0524458915347
p = [  0.2756665338617  0.5000005908691 -0.3263940514367                0 -0.0014979387358                0  ]


 DONE 

Resolution: 1  S( 112 81 112 )  T( 126 126 126 )
RegPowell::computeIterativeRegistrationFull
 sym: 0
changing data type from 3 to 0 (noscale = 0)...
MRIchangeType: Building histogram -6.66178 10220.1 1000, flo=0, fhi=0.999, dest_type=0
changing data type from 3 to 0 (noscale = 0)...
MRIchangeType: Building histogram -0.953701 131.391 1000, flo=0, fhi=0.999, dest_type=0
   - compute new registration ( 6 params )
   - initial cost: -1.0393703136316
 START POWELL
fs_powell::minimize
  nparams 6
  maxfev 2000
  ftol   0.000010
  linmin_xtol_   0.000100
  powell nthiter 0: fret = -1.039370
  powell nthiter 1: fret = -1.040466
 iter: 1
 final e = -1.0404734176693
p = [ -0.0697860269399  0.5000494552739 -0.4517816115999 -0.0010402929169 -0.0001938618391 -0.0002881309182  ]


 DONE 

Resolution: 0  S( 224 162 224 )  T( 252 252 252 )
RegPowell::computeIterativeRegistrationFull
 sym: 0
changing data type from 3 to 0 (noscale = 0)...
MRIchangeType: Building histogram 0 12811.5 1000, flo=0, fhi=0.999, dest_type=0
changing data type from 3 to 0 (noscale = 0)...
MRIchangeType: Building histogram 0 212.668 1000, flo=0, fhi=0.999, dest_type=0
   - subsampling this resolution ... 
   - compute new registration ( 6 params )
   - initial cost: -1.0412309044167
 START POWELL
fs_powell::minimize
  nparams 6
  maxfev 2000
  ftol   0.000010
  linmin_xtol_   0.000100
  powell nthiter 0: fret = -1.041231
  powell nthiter 1: fret = -1.041362
 iter: 1
 final e = -1.0413633261268
p = [  0.1073390643658 -0.1447859953627  0.2535926314850  0.0000689865848 -0.0000259123674  0.0002683257047  ]


 DONE 

   - final transform: 
Tf = [ ...
 0.9999997155762 -0.0000198323083 -0.0007539590383 12.9692374270247 
 0.0000191000107  0.9999995281402 -0.0009712644420 38.8460055349991 
 0.0007539779450  0.0009712497651  0.9999992440953  9.1845099938320 
               0                0                0  1.0000000000000  ]

   - final iscale:  If = 1

Final Transform:
Adjusting final transform due to initial resampling (voxel or size changes) ...
M = [ ...
 1.0182097031507 -0.0007676886269  0.0000402000817 12.9077187100782 
 0.0000194478218 -0.0009889511604 -2.0269986830578 201.8003505861396 
 0.0007677078779  1.0182092230841 -0.0019687229237  9.2151636169491 
               0                0                0  0.9999998807907  ]

 Determinant : 2.1014948473515


writing output transformation to /home/student/Practicas/Practicas_SantPau/outs/sub-003S6257/PET-TAU/bbregister/transforms/tmp.bbregister.26374/rr.lta ...
converting VOX to RAS and saving RAS2RAS...


Registration took 0 minutes and 53 seconds.

 Thank you for using RobustRegister! 
 If you find it useful and use it for a publication, please cite: 

 Highly Accurate Inverse Consistent Registration: A Robust Approach
 M. Reuter, H.D. Rosas, B. Fischl.  NeuroImage 53(4):1181-1196, 2010.
 http://dx.doi.org/10.1016/j.neuroimage.2010.07.020
 http://reuter.mit.edu/papers/reuter-robreg10.pdf

tkregister2_cmdl --mov /home/student/Practicas/Practicas_SantPau/outs/sub-003S6257/PET-TAU/bbregister/transforms/tmp.bbregister.26374/template.nii --s sub-003S6257 --lta /home/student/Practicas/Practicas_SantPau/outs/sub-003S6257/PET-TAU/bbregister/transforms/tmp.bbregister.26374/rr.lta --reg /home/student/Practicas/Practicas_SantPau/outs/sub-003S6257/PET-TAU/bbregister/transforms/tmp.bbregister.26374/reg.init.dat
lta->subject 
INFO: no target volume specified, assuming FreeSurfer orig volume.
target  volume orig
movable volume /home/student/Practicas/Practicas_SantPau/outs/sub-003S6257/PET-TAU/bbregister/transforms/tmp.bbregister.26374/template.nii
reg file       /home/student/Practicas/Practicas_SantPau/outs/sub-003S6257/PET-TAU/bbregister/transforms/tmp.bbregister.26374/reg.init.dat
LoadVol        0
ZeroCRAS       0
7.1.1
Diagnostic Level -1
INFO: loading target /home/student/Practicas/Practicas_SantPau/primeras_pruebas_freesurfer/data/out_recon-all/sub-003S6257/mri/orig.mgz
Ttarg: --------------------
-1.00000   0.00000   0.00000   128.00000;
 0.00000   0.00000   1.00000  -128.00000;
 0.00000  -1.00000   0.00000   128.00000;
 0.00000   0.00000   0.00000   1.00000;
INFO: loading movable /home/student/Practicas/Practicas_SantPau/outs/sub-003S6257/PET-TAU/bbregister/transforms/tmp.bbregister.26374/template.nii
Tmov: --------------------
-1.01821   0.00000   0.00000   114.03953;
 0.00000   0.00000   2.02700  -82.09350;
 0.00000  -1.01821   0.00000   114.03953;
 0.00000   0.00000   0.00000   1.00000;
mkheaderreg = 1, float2int = 0
Computing reg from header (and possibly input matrix)
---- Input registration matrix (computed) --------
 1.00000  -0.00075   0.00002  -1.14087;
-0.00002  -0.00097   1.00000  -8.40625;
-0.00075  -1.00000  -0.00097  -4.73012;
 0.00000   0.00000   0.00000   1.00000;
---------------------------------------
---- Input registration matrix --------
 1.00000  -0.00075   0.00002  -1.14087;
-0.00002  -0.00097   1.00000  -8.40625;
-0.00075  -1.00000  -0.00097  -4.73012;
 0.00000   0.00000   0.00000   1.00000;
Determinant 1
subject = sub-003S6257
RegMat ---------------------------
 1.00000  -0.00075   0.00002  -1.14087;
-0.00002  -0.00097   1.00000  -8.40625;
-0.00075  -1.00000  -0.00097  -4.73012;
 0.00000   0.00000   0.00000   1.00000;
mri_segreg --mov /home/student/Practicas/Practicas_SantPau/outs/sub-003S6257/PET-TAU/bbregister/transforms/tmp.bbregister.26374/template.nii --init-reg /home/student/Practicas/Practicas_SantPau/outs/sub-003S6257/PET-TAU/bbregister/transforms/tmp.bbregister.26374/reg.init.dat --out-reg /home/student/Practicas/Practicas_SantPau/outs/sub-003S6257/PET-TAU/bbregister/transforms/tmp.bbregister.26374/bbr.pass1.dat --subsamp-brute 100 --subsamp 100 --tol 1e-4 --tol1d 1e-3 --brute -4 4 4 --surf white --gm-proj-frac 0.5 --wm-gt-gm 0.5
7.1.1
setenv SUBJECTS_DIR /home/student/Practicas/Practicas_SantPau/primeras_pruebas_freesurfer/data/out_recon-all
cd /home/student/Practicas/Practicas_SantPau
mri_segreg --mov /home/student/Practicas/Practicas_SantPau/outs/sub-003S6257/PET-TAU/bbregister/transforms/tmp.bbregister.26374/template.nii --init-reg /home/student/Practicas/Practicas_SantPau/outs/sub-003S6257/PET-TAU/bbregister/transforms/tmp.bbregister.26374/reg.init.dat --out-reg /home/student/Practicas/Practicas_SantPau/outs/sub-003S6257/PET-TAU/bbregister/transforms/tmp.bbregister.26374/bbr.pass1.dat --subsamp-brute 100 --subsamp 100 --tol 1e-4 --tol1d 1e-3 --brute -4 4 4 --surf white --gm-proj-frac 0.5 --wm-gt-gm 0.5 
sysname  Linux
hostname neuroimagen6
machine  x86_64
user     student
movvol /home/student/Practicas/Practicas_SantPau/outs/sub-003S6257/PET-TAU/bbregister/transforms/tmp.bbregister.26374/template.nii
regfile /home/student/Practicas/Practicas_SantPau/outs/sub-003S6257/PET-TAU/bbregister/transforms/tmp.bbregister.26374/reg.init.dat
subject sub-003S6257
dof 6
outregfile /home/student/Practicas/Practicas_SantPau/outs/sub-003S6257/PET-TAU/bbregister/transforms/tmp.bbregister.26374/bbr.pass1.dat
UseMask 0
UseLH 1
UseRH 1
nsubsamp 100
PenaltySign  1
PenaltySlope 0.500000
PenaltyCenter 0.000000
surfname white
GMProjFrac 0.500000
WMProjAbs 2.000000
lhcostfile (null)
rhcostfile (null)
interp  trilinear (1)
frame  0
TolPowell 0.000100
nMaxItersPowell 36
n1dmin  3
Profile   0
Gdiag_no  -1
AddNoise  0 (0)
SynthSeed 1638041662
TransRandMax 0.000000
RotRandMax 0.000000
Translations 0.000000 0.000000 0.000000
Rotations   0.000000 0.000000 0.000000
Input reg
 1.00000  -0.00075   0.00002  -1.14087;
-0.00002  -0.00097   1.00000  -8.40625;
-0.00075  -1.00000  -0.00097  -4.73012;
 0.00000   0.00000   0.00000   1.00000;

Loading mov
Projecting LH Surfs
Loading lh.white surf
Loading lh.thickness for GM
GM Proj: 1 0.500000 2.000000
WM Proj: 0 0.500000 2.000000
Projecting RH Surfs
Loading rh.white surf
Loading rh.thickness for GM
Projecting RH Surfs
Using lh.cortex.label
Using rh.cortex.label
Computing relative cost
 0  -25.0 -25.0 -25.0   0.969664
 1  -25.0 -25.0  25.0   0.950779
 2  -25.0  25.0 -25.0   0.971338
 3  -25.0  25.0  25.0   0.931758
 4   25.0 -25.0 -25.0   0.975136
 5   25.0 -25.0  25.0   0.951763
 6   25.0  25.0 -25.0   0.959945
 7   25.0  25.0  25.0   0.958524
REL:  8  0.855079    7.668906  0.958613 rel = 0.891996 
Initial costs ----------------
Number of surface hits 2541
WM  Intensity  2717.0736 +/- 580.7050
Ctx Intensity  2628.7042 +/- 600.9542
Pct Contrast     -3.7240 +/-  20.2610
Cost   0.8551
RelCost   0.8920

------------------------------------
Brute force preopt -4 4 4, n = 729
     0  -4.0000  -4.0000  -4.0000  -4.0000  -4.0000  -4.0000      0.9308   0.9308  0.0
     1  -4.0000  -4.0000  -4.0000  -4.0000  -4.0000   0.0000      0.9206   0.9206  0.0
     2  -4.0000  -4.0000  -4.0000  -4.0000  -4.0000   4.0000      0.8884   0.8884  0.0
     3  -4.0000  -4.0000  -4.0000  -4.0000   0.0000  -4.0000      0.8737   0.8737  0.0
    82  -4.0000   0.0000  -4.0000  -4.0000  -4.0000   0.0000      0.8678   0.8678  0.0
    85  -4.0000   0.0000  -4.0000  -4.0000   0.0000   0.0000      0.8122   0.8122  0.0
   167  -4.0000   4.0000  -4.0000  -4.0000   0.0000   4.0000      0.7996   0.7996  0.0
Brute Force --------------------------
Min cost was 0.799597
Number of iterations   729
Search time 0.928125 sec
Parameters at best (transmm, rotdeg)
 -4.000   4.000  -4.000 -4.000  0.000  4.000 
--------------------------------------------

Starting Powell Minimization
Init Powel Params dof = 6
0 -4
1 4
2 -4
3 -4
4 0
5 4
fs_powell::minimize
  nparams 6
  maxfev 36
  ftol   0.000100
  linmin_xtol_   0.001000
  powell nthiter 0: fret = 0.799597
   2 -3.000  4.000 -4.000 -4.000  0.000  4.000   0.7708632059
   3 -1.382  4.000 -4.000 -4.000  0.000  4.000   0.7663486876
  19 -3.323  4.065 -4.000 -4.000  0.000  4.000   0.7652926773
  20 -3.323  4.143 -4.000 -4.000  0.000  4.000   0.7644285699
  22 -3.323  4.141 -4.000 -4.000  0.000  4.000   0.7644155492
  24 -3.323  4.136 -4.000 -4.000  0.000  4.000   0.7644038967
  32 -3.323  4.136 -3.618 -4.000  0.000  4.000   0.7629307505
  37 -3.323  4.136 -3.631 -4.000  0.000  4.000   0.7628712384
  38 -3.323  4.136 -3.634 -4.000  0.000  4.000   0.7628679637
  43 -3.323  4.136 -3.634 -5.618  0.000  4.000   0.7451096103
  45 -3.323  4.136 -3.634 -8.236  0.000  4.000   0.7312401838
  50 -3.323  4.136 -3.634 -8.138  0.000  4.000   0.7309142855
  51 -3.323  4.136 -3.634 -8.089  0.000  4.000   0.7307219858
  52 -3.323  4.136 -3.634 -7.999  0.000  4.000   0.7302982868
  54 -3.323  4.136 -3.634 -7.994  0.000  4.000   0.7302884951
  55 -3.323  4.136 -3.634 -7.985  0.000  4.000   0.7302812100
  57 -3.323  4.136 -3.634 -7.969  0.000  4.000   0.7302697904
  58 -3.323  4.136 -3.634 -7.975  0.000  4.000   0.7302571607
  66 -3.323  4.136 -3.634 -7.975  0.382  4.000   0.7228305921
  69 -3.323  4.136 -3.634 -7.975  0.378  4.000   0.7228045005
  70 -3.323  4.136 -3.634 -7.975  0.355  4.000   0.7227493568
  72 -3.323  4.136 -3.634 -7.975  0.356  4.000   0.7227477737
  74 -3.323  4.136 -3.634 -7.975  0.361  4.000   0.7227442121
  79 -3.323  4.136 -3.634 -7.975  0.361  2.382   0.7160770315
  84 -3.323  4.136 -3.634 -7.975  0.361  2.343   0.7160445417
  87 -3.323  4.136 -3.634 -7.975  0.361  2.342   0.7160443142
  88 -3.323  4.136 -3.634 -7.975  0.361  2.341   0.7160436971
  powell nthiter 1: fret = 0.716044
  94 -2.323  4.136 -3.634 -7.975  0.361  2.341   0.6578805565
  95 -0.704  4.136 -3.634 -7.975  0.361  2.341   0.6488135630
  96 -1.374  4.136 -3.634 -7.975  0.361  2.341   0.6437961835
  99 -1.118  4.136 -3.634 -7.975  0.361  2.341   0.6360368553
 100 -0.960  4.136 -3.634 -7.975  0.361  2.341   0.6346940156
 102 -1.019  4.136 -3.634 -7.975  0.361  2.341   0.6337841452
 104 -1.024  4.136 -3.634 -7.975  0.361  2.341   0.6337597435
 105 -1.029  4.136 -3.634 -7.975  0.361  2.341   0.6337513498
 106 -1.028  4.136 -3.634 -7.975  0.361  2.341   0.6337509482
 116 -1.028  4.151 -3.634 -7.975  0.361  2.341   0.6337429568
 117 -1.028  4.145 -3.634 -7.975  0.361  2.341   0.6337306803
 129 -1.028  4.145 -3.607 -7.975  0.361  2.341   0.6330759373
 130 -1.028  4.145 -3.592 -7.975  0.361  2.341   0.6329272483
 132 -1.028  4.145 -3.590 -7.975  0.361  2.341   0.6329261839
 147 -1.028  4.145 -3.590 -7.977  0.361  2.341   0.6329230831
 148 -1.028  4.145 -3.590 -7.978  0.361  2.341   0.6329227102
 150 -1.028  4.145 -3.590 -7.978  1.361  2.341   0.6282237799
 155 -1.028  4.145 -3.590 -7.978  1.226  2.341   0.6264543597
 156 -1.028  4.145 -3.590 -7.978  1.198  2.341   0.6261508374
 158 -1.028  4.145 -3.590 -7.978  1.172  2.341   0.6261067896
 159 -1.028  4.145 -3.590 -7.978  1.180  2.341   0.6261004059
 160 -1.028  4.145 -3.590 -7.978  1.179  2.341   0.6260998481
 161 -1.028  4.145 -3.590 -7.978  1.178  2.341   0.6260997372
 168 -1.028  4.145 -3.590 -7.978  1.178  2.723   0.6166101863
 171 -1.028  4.145 -3.590 -7.978  1.178  2.729   0.6165885048
 175 -1.028  4.145 -3.590 -7.978  1.178  2.737   0.6165776624
  powell nthiter 2: fret = 0.616578
 183 -1.646  4.145 -3.590 -7.978  1.178  2.737   0.6123464460
 190 -1.649  4.145 -3.590 -7.978  1.178  2.737   0.6123415435
 191 -1.650  4.145 -3.590 -7.978  1.178  2.737   0.6123410403
 199 -1.650  4.007 -3.590 -7.978  1.178  2.737   0.6123379865
 201 -1.650  3.824 -3.590 -7.978  1.178  2.737   0.6110370013
 205 -1.650  3.847 -3.590 -7.978  1.178  2.737   0.6109248280
 206 -1.650  3.845 -3.590 -7.978  1.178  2.737   0.6109173723
 207 -1.650  3.841 -3.590 -7.978  1.178  2.737   0.6109069889
 217 -1.650  3.841 -3.446 -7.978  1.178  2.737   0.6103211606
 220 -1.650  3.841 -3.402 -7.978  1.178  2.737   0.6101438330
 222 -1.650  3.841 -3.407 -7.978  1.178  2.737   0.6101406682
 225 -1.650  3.841 -3.406 -7.978  1.178  2.737   0.6101402249
 229 -1.650  3.841 -3.406 -9.596  1.178  2.737   0.5963630769
 237 -1.650  3.841 -3.406 -9.699  1.178  2.737   0.5952173727
 238 -1.650  3.841 -3.406 -9.762  1.178  2.737   0.5949911232
 240 -1.650  3.841 -3.406 -9.744  1.178  2.737   0.5949307457
 242 -1.650  3.841 -3.406 -9.742  1.178  2.737   0.5949304155
 243 -1.650  3.841 -3.406 -9.741  1.178  2.737   0.5949300828
 248 -1.650  3.841 -3.406 -9.741  2.178  2.737   0.5846855789
 258 -1.650  3.841 -3.406 -9.741  2.159  2.737   0.5846230406
 259 -1.650  3.841 -3.406 -9.741  2.161  2.737   0.5846209096
 260 -1.650  3.841 -3.406 -9.741  2.163  2.737   0.5846200911
 268 -1.650  3.841 -3.406 -9.741  2.163  2.522   0.5808659613
 269 -1.650  3.841 -3.406 -9.741  2.163  2.465   0.5796246983
 271 -1.650  3.841 -3.406 -9.741  2.163  2.430   0.5792463056
 273 -1.650  3.841 -3.406 -9.741  2.163  2.422   0.5792336273
 274 -1.650  3.841 -3.406 -9.741  2.163  2.423   0.5792334064
  powell nthiter 3: fret = 0.579233
 286 -1.655  3.841 -3.406 -9.741  2.163  2.423   0.5792145433
 287 -1.662  3.841 -3.406 -9.741  2.163  2.423   0.5792016824
 301 -1.662  3.853 -3.406 -9.741  2.163  2.423   0.5791672680
 302 -1.662  3.852 -3.406 -9.741  2.163  2.423   0.5791648211
 303 -1.662  3.850 -3.406 -9.741  2.163  2.423   0.5791645159
 311 -1.662  3.850 -3.260 -9.741  2.163  2.423   0.5784811150
 312 -1.662  3.850 -3.286 -9.741  2.163  2.423   0.5784325432
 313 -1.662  3.850 -3.290 -9.741  2.163  2.423   0.5784244511
 315 -1.662  3.850 -3.304 -9.741  2.163  2.423   0.5783697789
 316 -1.662  3.850 -3.315 -9.741  2.163  2.423   0.5783590550
 317 -1.662  3.850 -3.313 -9.741  2.163  2.423   0.5783539001
 318 -1.662  3.850 -3.311 -9.741  2.163  2.423   0.5783507852
 328 -1.662  3.850 -3.311 -9.649  2.163  2.423   0.5776133776
 329 -1.662  3.850 -3.311 -9.621  2.163  2.423   0.5774745552
 331 -1.662  3.850 -3.311 -9.602  2.163  2.423   0.5774604359
 332 -1.662  3.850 -3.311 -9.607  2.163  2.423   0.5774495691
 342 -1.662  3.850 -3.311 -9.607  1.985  2.423   0.5759841221
 343 -1.662  3.850 -3.311 -9.607  1.998  2.423   0.5758112054
 344 -1.662  3.850 -3.311 -9.607  2.042  2.423   0.5755247950
 358 -1.662  3.850 -3.311 -9.607  2.042  2.406   0.5755162313
 359 -1.662  3.850 -3.311 -9.607  2.042  2.411   0.5755084350
 360 -1.662  3.850 -3.311 -9.607  2.042  2.413   0.5755072880
  powell nthiter 4: fret = 0.575507
 377 -1.660  3.850 -3.311 -9.607  2.042  2.413   0.5755026090
 386 -1.659  3.991 -3.311 -9.607  2.042  2.413   0.5744233570
 387 -1.659  3.989 -3.311 -9.607  2.042  2.413   0.5743779712
 388 -1.659  3.938 -3.311 -9.607  2.042  2.413   0.5737779702
 390 -1.659  3.941 -3.311 -9.607  2.042  2.413   0.5737695447
 391 -1.659  3.946 -3.311 -9.607  2.042  2.413   0.5737650923
 402 -1.659  3.946 -3.310 -9.607  2.042  2.413   0.5737633010
 403 -1.659  3.946 -3.307 -9.607  2.042  2.413   0.5737629497
 406 -1.659  3.946 -3.308 -9.607  2.042  2.413   0.5737616749
 413 -1.659  3.946 -3.308 -9.613  2.042  2.413   0.5736409316
 416 -1.659  3.946 -3.308 -9.646  2.042  2.413   0.5733628941
 418 -1.659  3.946 -3.308 -9.647  2.042  2.413   0.5733622027
 422 -1.659  3.946 -3.308 -9.648  2.042  2.413   0.5733618094
 431 -1.659  3.946 -3.308 -9.648  2.067  2.413   0.5733272765
 432 -1.659  3.946 -3.308 -9.648  2.060  2.413   0.5733127794
 433 -1.659  3.946 -3.308 -9.648  2.058  2.413   0.5733118289
 434 -1.659  3.946 -3.308 -9.648  2.057  2.413   0.5733114190
 445 -1.659  3.946 -3.308 -9.648  2.056  2.518   0.5732967290
 447 -1.659  3.946 -3.308 -9.648  2.056  2.467   0.5730921033
 448 -1.659  3.946 -3.308 -9.648  2.056  2.466   0.5730895113
 449 -1.659  3.946 -3.308 -9.648  2.056  2.445   0.5730533360
 453 -1.659  3.946 -3.308 -9.648  2.056  2.446   0.5730532724
  powell nthiter 5: fret = 0.573053
 462 -1.536  3.946 -3.308 -9.648  2.056  2.446   0.5729920200
 464 -1.437  3.946 -3.308 -9.648  2.056  2.446   0.5715370181
 466 -1.475  3.946 -3.308 -9.648  2.056  2.446   0.5714254580
 467 -1.461  3.946 -3.308 -9.648  2.056  2.446   0.5713636420
 468 -1.460  3.946 -3.308 -9.648  2.056  2.446   0.5713612193
 470 -1.458  3.946 -3.308 -9.648  2.056  2.446   0.5713575374
 471 -1.456  3.946 -3.308 -9.648  2.056  2.446   0.5713574602
 473 -1.457  3.946 -3.308 -9.648  2.056  2.446   0.5713569747
 483 -1.457  4.003 -3.308 -9.648  2.056  2.446   0.5710837155
 486 -1.457  3.982 -3.308 -9.648  2.056  2.446   0.5709717006
 487 -1.457  3.983 -3.308 -9.648  2.056  2.446   0.5709715340
 495 -1.457  3.983 -3.205 -9.648  2.056  2.446   0.5696222254
 497 -1.457  3.983 -3.229 -9.648  2.056  2.446   0.5693513715
 499 -1.457  3.983 -3.237 -9.648  2.056  2.446   0.5693212526
 508 -1.457  3.983 -3.237 -9.688  2.056  2.446   0.5687183518
 510 -1.457  3.983 -3.237 -9.712  2.056  2.446   0.5687094187
 511 -1.457  3.983 -3.237 -9.701  2.056  2.446   0.5686754846
 513 -1.457  3.983 -3.237 -9.702  2.056  2.446   0.5686754022
 522 -1.457  3.983 -3.237 -9.702  1.945  2.446   0.5678560381
 524 -1.457  3.983 -3.237 -9.702  1.978  2.446   0.5674933791
 526 -1.457  3.983 -3.237 -9.702  1.992  2.446   0.5674371364
 527 -1.457  3.983 -3.237 -9.702  1.993  2.446   0.5674359901
 536 -1.457  3.983 -3.237 -9.702  1.993  2.581   0.5667420236
 537 -1.457  3.983 -3.237 -9.702  1.993  2.594   0.5667352121
 538 -1.457  3.983 -3.237 -9.702  1.993  2.596   0.5667338536
 542 -1.457  3.983 -3.237 -9.702  1.993  2.602   0.5667306135
 545 -1.255  4.021 -3.167 -9.756  1.930  2.758   0.5667296004
  powell nthiter 6: fret = 0.566731
 552 -1.426  3.983 -3.237 -9.702  1.993  2.602   0.5662145399
 554 -1.402  3.983 -3.237 -9.702  1.993  2.602   0.5661578032
 555 -1.410  3.983 -3.237 -9.702  1.993  2.602   0.5661523630
 556 -1.408  3.983 -3.237 -9.702  1.993  2.602   0.5661498818
 557 -1.407  3.983 -3.237 -9.702  1.993  2.602   0.5661494377
 568 -1.407  3.984 -3.237 -9.702  1.993  2.602   0.5661456222
 570 -1.407  3.988 -3.237 -9.702  1.993  2.602   0.5661419008
 571 -1.407  3.987 -3.237 -9.702  1.993  2.602   0.5661417623
 582 -1.407  3.987 -3.231 -9.702  1.993  2.602   0.5661225154
 591 -1.407  3.987 -3.231 -9.752  1.993  2.602   0.5660614690
 592 -1.407  3.987 -3.231 -9.738  1.993  2.602   0.5659121093
 593 -1.407  3.987 -3.231 -9.729  1.993  2.602   0.5658894982
 594 -1.407  3.987 -3.231 -9.730  1.993  2.602   0.5658886567
 595 -1.407  3.987 -3.231 -9.731  1.993  2.602   0.5658885488
 604 -1.407  3.987 -3.231 -9.731  1.985  2.602   0.5658080480
 605 -1.407  3.987 -3.231 -9.731  1.968  2.602   0.5657560376
 606 -1.407  3.987 -3.231 -9.731  1.970  2.602   0.5657531010
 607 -1.407  3.987 -3.231 -9.731  1.971  2.602   0.5657523217
 608 -1.407  3.987 -3.231 -9.731  1.972  2.602   0.5657521300
 619 -1.407  3.987 -3.231 -9.731  1.972  2.610   0.5657412651
 620 -1.407  3.987 -3.231 -9.731  1.972  2.609   0.5657408382
 628 -1.388  3.988 -3.228 -9.742  1.964  2.612   0.5656910145
 629 -1.392  3.988 -3.229 -9.740  1.966  2.611   0.5656881237
 630 -1.392  3.988 -3.229 -9.740  1.965  2.611   0.5656881214
 631 -1.392  3.988 -3.229 -9.740  1.966  2.611   0.5656878924
  powell nthiter 7: fret = 0.565688
 642 -1.392  3.988 -3.229 -9.740  1.966  2.630   0.5656851494
 643 -1.392  3.988 -3.229 -9.740  1.966  2.621   0.5656704594
 655 -1.392  3.973 -3.229 -9.740  1.966  2.621   0.5655214686
 657 -1.392  3.971 -3.229 -9.740  1.966  2.621   0.5655166769
 670 -1.392  3.971 -3.228 -9.740  1.966  2.621   0.5655145400
 671 -1.392  3.971 -3.226 -9.740  1.966  2.621   0.5655121811
 673 -1.392  3.971 -3.225 -9.740  1.966  2.621   0.5655121677
 683 -1.392  3.971 -3.225 -9.743  1.966  2.621   0.5655066376
 684 -1.392  3.971 -3.225 -9.744  1.966  2.621   0.5655060068
 702 -1.373  3.972 -3.222 -9.756  1.958  2.624   0.5654832426
 703 -1.380  3.971 -3.223 -9.751  1.961  2.623   0.5654828085
 706 -1.379  3.971 -3.223 -9.752  1.960  2.623   0.5654826230
 714 -1.351  3.956 -3.215 -9.773  1.948  2.637   0.5653805380
 721 -1.342  3.951 -3.212 -9.779  1.945  2.641   0.5653692748
 722 -1.342  3.951 -3.212 -9.779  1.945  2.641   0.5653687050
 725 -1.341  3.951 -3.212 -9.780  1.944  2.642   0.5653682731
  powell nthiter 8: fret = 0.565368
 738 -1.341  3.951 -3.212 -9.780  1.944  2.655   0.5653399711
 741 -1.341  3.951 -3.212 -9.780  1.944  2.656   0.5653398232
 748 -1.336  3.951 -3.212 -9.783  1.942  2.657   0.5653333577
 749 -1.336  3.951 -3.211 -9.783  1.942  2.657   0.5653330539
 751 -1.334  3.951 -3.211 -9.784  1.941  2.657   0.5653328830
 753 -1.333  3.951 -3.211 -9.784  1.941  2.658   0.5653326869
 759 -1.333  3.951 -3.211 -9.785  1.941  2.658   0.5653325857
 766 -1.333  3.951 -3.116 -9.785  1.941  2.658   0.5649142444
 767 -1.333  3.951 -3.121 -9.785  1.941  2.658   0.5648462495
 768 -1.333  3.951 -3.153 -9.785  1.941  2.658   0.5646012291
 770 -1.333  3.951 -3.156 -9.785  1.941  2.658   0.5645997470
 781 -1.333  3.951 -3.156 -9.811  1.941  2.658   0.5644842067
 783 -1.333  3.951 -3.156 -9.807  1.941  2.658   0.5644794773
 784 -1.333  3.951 -3.156 -9.806  1.941  2.658   0.5644792179
 793 -1.333  3.951 -3.156 -9.806  1.933  2.658   0.5644604327
 795 -1.333  3.951 -3.156 -9.806  1.930  2.658   0.5644575464
 799 -1.305  3.936 -3.148 -9.827  1.918  2.672   0.5643577498
 800 -1.259  3.911 -3.135 -9.860  1.899  2.694   0.5637024815
 801 -1.186  3.870 -3.115 -9.915  1.868  2.731   0.5631085226
 802 -1.146  3.849 -3.104 -9.944  1.851  2.750   0.5630969513
 803 -1.164  3.858 -3.108 -9.931  1.859  2.742   0.5630882383
 806 -1.157  3.854 -3.107 -9.936  1.856  2.745   0.5630848913
 807 -1.159  3.855 -3.107 -9.935  1.857  2.744   0.5630836995
 808 -1.159  3.856 -3.107 -9.934  1.857  2.744   0.5630836090
 809 -1.160  3.856 -3.107 -9.934  1.857  2.744   0.5630834429
 811 -1.161  3.856 -3.108 -9.934  1.857  2.743   0.5630830350
  powell nthiter 9: fret = 0.563083
 823 -1.161  3.856 -3.108 -9.934  1.857  3.125   0.5627973635
 831 -1.161  3.856 -3.108 -9.934  1.857  3.114   0.5627710135
 832 -1.161  3.856 -3.108 -9.934  1.857  3.115   0.5627697101
 833 -1.161  3.856 -3.108 -9.934  1.857  3.116   0.5627689042
 841 -1.141  3.858 -3.105 -9.945  1.849  3.119   0.5627073551
 842 -1.147  3.857 -3.106 -9.941  1.852  3.118   0.5626993527
 844 -1.148  3.857 -3.106 -9.941  1.852  3.118   0.5626983496
 846 -1.150  3.857 -3.106 -9.940  1.853  3.118   0.5626980340
 847 -1.149  3.857 -3.106 -9.940  1.852  3.118   0.5626975181
 848 -1.149  3.857 -3.106 -9.940  1.852  3.118   0.5626972713
 852 -1.149  3.857 -3.106 -9.940  1.852  3.118   0.5626969258
 859 -1.149  3.857 -3.086 -9.940  1.852  3.118   0.5623178106
 860 -1.149  3.857 -3.009 -9.940  1.852  3.118   0.5622859140
 862 -1.149  3.857 -3.046 -9.940  1.852  3.118   0.5619516796
 864 -1.149  3.857 -3.043 -9.940  1.852  3.118   0.5619438907
 866 -1.149  3.857 -3.042 -9.940  1.852  3.118   0.5619438436
 874 -1.149  3.857 -3.042 -9.993  1.852  3.118   0.5617097599
 875 -1.149  3.857 -3.042 -9.992  1.852  3.118   0.5616949183
 876 -1.149  3.857 -3.042 -9.973  1.852  3.118   0.5615904114
 878 -1.149  3.857 -3.042 -9.974  1.852  3.118   0.5615897348
 886 -1.149  3.857 -3.042 -9.974  1.711  3.118   0.5590731816
 888 -1.149  3.857 -3.042 -9.974  1.727  3.118   0.5590578193
 889 -1.149  3.857 -3.042 -9.974  1.721  3.118   0.5590560880
 890 -1.149  3.857 -3.042 -9.974  1.723  3.118   0.5590550328
 891 -1.149  3.857 -3.042 -9.974  1.724  3.118   0.5590549679
 894 -1.121  3.842 -3.034 -9.995  1.712  3.132   0.5590050748
 899 -1.113  3.837 -3.032 -10.001  1.709  3.136   0.5589806355
 900 -1.112  3.837 -3.031 -10.002  1.709  3.136   0.5589799742
 902 -1.111  3.836 -3.031 -10.002  1.708  3.137   0.5589799462
 903 -1.112  3.837 -3.031 -10.002  1.708  3.136   0.5589799157
 905 -1.112  3.837 -3.031 -10.002  1.708  3.136   0.5589798646
 906 -1.112  3.837 -3.031 -10.002  1.708  3.136   0.5589798636
 908 -1.112  3.837 -3.031 -10.002  1.708  3.136   0.5589798404
 909 -1.112  3.837 -3.031 -10.002  1.708  3.136   0.5589795664
  powell nthiter 10: fret = 0.558980
 919 -1.112  3.837 -3.031 -10.002  1.708  2.970   0.5577303168
 920 -1.112  3.837 -3.031 -10.002  1.708  2.983   0.5576577318
 921 -1.112  3.837 -3.031 -10.002  1.708  3.008   0.5575554097
 922 -1.112  3.837 -3.031 -10.002  1.708  3.057   0.5575422405
 923 -1.112  3.837 -3.031 -10.002  1.708  3.035   0.5575339419
 924 -1.112  3.837 -3.031 -10.002  1.708  3.038   0.5575284267
 925 -1.112  3.837 -3.031 -10.002  1.708  3.045   0.5575249880
 926 -1.112  3.837 -3.031 -10.002  1.708  3.043   0.5575248638
 929 -1.062  3.840 -3.025 -10.031  1.687  3.050   0.5574386925
 933 -1.081  3.839 -3.027 -10.020  1.695  3.048   0.5572284212
 935 -1.087  3.839 -3.028 -10.017  1.698  3.047   0.5571944427
 936 -1.088  3.839 -3.028 -10.016  1.698  3.047   0.5571933771
 937 -1.088  3.839 -3.028 -10.016  1.698  3.047   0.5571928961
 941 -1.088  3.839 -3.028 -10.016  1.698  3.047   0.5571927413
 952 -1.088  3.839 -3.014 -10.016  1.698  3.047   0.5571528029
 963 -1.088  3.839 -3.014 -9.991  1.698  3.047   0.5570823555
 964 -1.088  3.839 -3.014 -9.994  1.698  3.047   0.5570659973
 965 -1.088  3.839 -3.014 -9.999  1.698  3.047   0.5570580602
 967 -1.088  3.839 -3.014 -9.998  1.698  3.047   0.5570574893
 968 -1.088  3.839 -3.014 -9.997  1.698  3.047   0.5570571620
 976 -1.088  3.839 -3.014 -9.997  1.667  3.047   0.5564012110
 979 -1.088  3.839 -3.014 -9.997  1.659  3.047   0.5563807347
 980 -1.088  3.839 -3.014 -9.997  1.660  3.047   0.5563802172
 990 -1.089  3.839 -3.015 -9.996  1.660  3.046   0.5563783773
 992 -1.090  3.839 -3.015 -9.995  1.660  3.046   0.5563778357
 993 -1.089  3.839 -3.015 -9.996  1.660  3.046   0.5563777766
  powell nthiter 11: fret = 0.556378
1009 -1.089  3.839 -3.015 -9.996  1.660  3.045   0.5563775964
1016 -1.070  3.841 -3.012 -10.007  1.652  3.048   0.5563624408
1017 -1.079  3.840 -3.013 -10.002  1.656  3.046   0.5563352795
1018 -1.079  3.840 -3.013 -10.002  1.656  3.046   0.5563351550
1020 -1.079  3.840 -3.013 -10.002  1.656  3.046   0.5563351111
1021 -1.079  3.840 -3.013 -10.002  1.656  3.046   0.5563350505
1033 -1.079  3.840 -3.025 -10.002  1.656  3.046   0.5561870312
1035 -1.079  3.840 -3.030 -10.002  1.656  3.046   0.5561675522
1046 -1.079  3.840 -3.030 -9.998  1.656  3.046   0.5561530626
1048 -1.079  3.840 -3.030 -9.997  1.656  3.046   0.5561519310
1056 -1.079  3.840 -3.030 -9.997  1.654  3.046   0.5561472679
1057 -1.079  3.840 -3.030 -9.997  1.651  3.046   0.5561399585
1067 -1.081  3.841 -3.030 -9.995  1.652  3.045   0.5561319204
1068 -1.084  3.843 -3.031 -9.993  1.653  3.044   0.5561301986
1070 -1.083  3.842 -3.031 -9.994  1.653  3.044   0.5561288313
1071 -1.083  3.842 -3.031 -9.994  1.653  3.044   0.5561284324
1083 -1.080  3.844 -3.037 -9.993  1.650  3.044   0.5561129456
1084 -1.080  3.843 -3.036 -9.993  1.650  3.044   0.5561117082
1085 -1.081  3.843 -3.036 -9.993  1.650  3.044   0.5561112450
1087 -1.081  3.843 -3.035 -9.993  1.650  3.044   0.5561107601
  powell nthiter 12: fret = 0.556111
1112 -1.077  3.843 -3.034 -9.996  1.649  3.045   0.5561068588
1113 -1.078  3.843 -3.035 -9.995  1.649  3.045   0.5561067486
1114 -1.077  3.843 -3.034 -9.995  1.649  3.045   0.5561066743
1116 -1.077  3.843 -3.034 -9.995  1.649  3.045   0.5561062715
1125 -1.078  3.844 -3.035 -9.995  1.649  3.044   0.5561040084
1126 -1.080  3.845 -3.035 -9.994  1.650  3.043   0.5561035000
1128 -1.079  3.844 -3.035 -9.994  1.650  3.044   0.5561024897
Powell done niters = 12
Computing relative cost
 0  -25.0 -25.0 -25.0   0.977420
 1  -25.0 -25.0  25.0   0.930569
 2  -25.0  25.0 -25.0   0.959896
 3  -25.0  25.0  25.0   0.979525
 4   25.0 -25.0 -25.0   0.958906
 5   25.0 -25.0  25.0   0.984789
 6   25.0  25.0 -25.0   0.995562
 7   25.0  25.0  25.0   0.965287
REL:  8  0.556102    7.751953  0.968994 rel = 0.573897 
Number of iterations    12
Min cost was 0.556102
Number of FunctionCalls  1169
TolPowell 0.000100
nMaxItersPowell 36
OptimizationTime 1.764995 sec
Parameters at optimum (transmm) -1.07936  3.84449 -3.03501
Parameters at optimum (rotdeg) -9.99396  1.64988  3.04359 
Final costs ----------------
Number of surface hits 2541
WM  Intensity  2932.4082 +/- 455.9262
Ctx Intensity  2656.2346 +/- 473.6439
Pct Contrast    -10.2465 +/-  18.9159
Cost   0.5561
RelCost   0.8920
Reg at min cost was 
 0.99816  -0.01980  -0.05728  -1.82699;
 0.05292  -0.17580   0.98300  -5.30769;
-0.02953  -0.98423  -0.17443  -6.20033;
 0.00000   0.00000   0.00000   1.00000;

Writing optimal reg to /home/student/Practicas/Practicas_SantPau/outs/sub-003S6257/PET-TAU/bbregister/transforms/tmp.bbregister.26374/bbr.pass1.dat, type = 14 
Original Reg 
 1.00000  -0.00075   0.00002  -1.14087;
-0.00002  -0.00097   1.00000  -8.40625;
-0.00075  -1.00000  -0.00097  -4.73012;
 0.00000   0.00000   0.00000   1.00000;

Original Reg - Optimal Reg
 0.00184   0.01904   0.05730   0.68612;
-0.05294   0.17483   0.01700  -3.09856;
 0.02878  -0.01577   0.17346   1.47021;
 0.00000   0.00000   0.00000   0.00000;

Computing change in lh position
LH rmsDiffMean 8.110176
Computing change in rh position
Surface-RMS-Diff-mm 9.091890 4.036165 18.545820
mri_segreg done
mri_segreg --mov /home/student/Practicas/Practicas_SantPau/outs/sub-003S6257/PET-TAU/bbregister/transforms/tmp.bbregister.26374/template.nii --init-reg /home/student/Practicas/Practicas_SantPau/outs/sub-003S6257/PET-TAU/bbregister/transforms/tmp.bbregister.26374/bbr.pass1.dat --out-reg /home/student/Practicas/Practicas_SantPau/outs/sub-003S6257/PET-TAU/bbregister/transforms/sub-003S6257_bbregister_rr_12dof.dat --interp trilinear --wm-proj-abs 2 --tol 1e-8 --tol1d 1e-3 --c0 0 --mincost /home/student/Practicas/Practicas_SantPau/outs/sub-003S6257/PET-TAU/bbregister/transforms/sub-003S6257_bbregister_rr_12dof.dat.mincost --dof 12 --nmax 36 --param /home/student/Practicas/Practicas_SantPau/outs/sub-003S6257/PET-TAU/bbregister/transforms/sub-003S6257_bbregister_rr_12dof.dat.param --surf white --brute -0.1 0.1 0.1 --cur-reg /home/student/Practicas/Practicas_SantPau/outs/sub-003S6257/PET-TAU/bbregister/transforms/tmp.bbregister.26374/reg.curopt.dat --gm-proj-frac 0.5 --nsub 1 --wm-gt-gm 0.5
7.1.1
setenv SUBJECTS_DIR /home/student/Practicas/Practicas_SantPau/primeras_pruebas_freesurfer/data/out_recon-all
cd /home/student/Practicas/Practicas_SantPau
mri_segreg --mov /home/student/Practicas/Practicas_SantPau/outs/sub-003S6257/PET-TAU/bbregister/transforms/tmp.bbregister.26374/template.nii --init-reg /home/student/Practicas/Practicas_SantPau/outs/sub-003S6257/PET-TAU/bbregister/transforms/tmp.bbregister.26374/bbr.pass1.dat --out-reg /home/student/Practicas/Practicas_SantPau/outs/sub-003S6257/PET-TAU/bbregister/transforms/sub-003S6257_bbregister_rr_12dof.dat --interp trilinear --wm-proj-abs 2 --tol 1e-8 --tol1d 1e-3 --c0 0 --mincost /home/student/Practicas/Practicas_SantPau/outs/sub-003S6257/PET-TAU/bbregister/transforms/sub-003S6257_bbregister_rr_12dof.dat.mincost --dof 12 --nmax 36 --param /home/student/Practicas/Practicas_SantPau/outs/sub-003S6257/PET-TAU/bbregister/transforms/sub-003S6257_bbregister_rr_12dof.dat.param --surf white --brute -0.1 0.1 0.1 --cur-reg /home/student/Practicas/Practicas_SantPau/outs/sub-003S6257/PET-TAU/bbregister/transforms/tmp.bbregister.26374/reg.curopt.dat --gm-proj-frac 0.5 --nsub 1 --wm-gt-gm 0.5 
sysname  Linux
hostname neuroimagen6
machine  x86_64
user     student
movvol /home/student/Practicas/Practicas_SantPau/outs/sub-003S6257/PET-TAU/bbregister/transforms/tmp.bbregister.26374/template.nii
regfile /home/student/Practicas/Practicas_SantPau/outs/sub-003S6257/PET-TAU/bbregister/transforms/tmp.bbregister.26374/bbr.pass1.dat
subject sub-003S6257
dof 12
outregfile /home/student/Practicas/Practicas_SantPau/outs/sub-003S6257/PET-TAU/bbregister/transforms/sub-003S6257_bbregister_rr_12dof.dat
UseMask 0
UseLH 1
UseRH 1
nsubsamp 1
PenaltySign  1
PenaltySlope 0.500000
PenaltyCenter 0.000000
surfname white
GMProjFrac 0.500000
WMProjAbs 2.000000
lhcostfile (null)
rhcostfile (null)
interp  trilinear (1)
frame  0
TolPowell 0.000000
nMaxItersPowell 36
n1dmin  3
Profile   0
Gdiag_no  -1
AddNoise  0 (0)
SynthSeed 1637664591
TransRandMax 0.000000
RotRandMax 0.000000
Translations 0.000000 0.000000 0.000000
Rotations   0.000000 0.000000 0.000000
Input reg
 0.99816  -0.01980  -0.05728  -1.82699;
 0.05292  -0.17580   0.98300  -5.30769;
-0.02953  -0.98423  -0.17443  -6.20033;
 0.00000   0.00000   0.00000   1.00000;

Loading mov
Projecting LH Surfs
Loading lh.white surf
Loading lh.thickness for GM
GM Proj: 1 0.500000 2.000000
WM Proj: 0 0.500000 2.000000
Projecting RH Surfs
Loading rh.white surf
Loading rh.thickness for GM
Projecting RH Surfs
Using lh.cortex.label
Using rh.cortex.label
Computing relative cost
 0  -25.0 -25.0 -25.0   0.965725
 1  -25.0 -25.0  25.0   0.962353
 2  -25.0  25.0 -25.0   0.966227
 3  -25.0  25.0  25.0   0.973404
 4   25.0 -25.0 -25.0   0.971744
 5   25.0 -25.0  25.0   0.966082
 6   25.0  25.0 -25.0   0.967694
 7   25.0  25.0  25.0   0.973301
REL:  8  0.593349    7.746530  0.968316 rel = 0.612764 
Initial costs ----------------
Number of surface hits 253074
WM  Intensity  2929.2829 +/- 450.6552
Ctx Intensity  2654.4474 +/- 484.0561
Pct Contrast    -10.3117 +/-  19.1964
Cost   0.5933
RelCost   0.6128

------------------------------------
Brute force preopt -0.1 0.1 0.1, n = 729
     0  -0.1000  -0.1000  -0.1000  -0.1000  -0.1000  -0.1000      0.5683   0.5683  0.0
     3  -0.1000  -0.1000  -0.1000  -0.1000   0.0000  -0.1000      0.5654   0.5654  0.0
     6  -0.1000  -0.1000  -0.1000  -0.1000   0.1000  -0.1000      0.5638   0.5638  0.0
    12  -0.1000  -0.1000  -0.1000   0.0000   0.0000  -0.1000      0.5631   0.5631  0.0
    30  -0.1000  -0.1000   0.0000  -0.1000   0.0000  -0.1000      0.5628   0.5628  0.0
    33  -0.1000  -0.1000   0.0000  -0.1000   0.1000  -0.1000      0.5623   0.5623  0.0
    39  -0.1000  -0.1000   0.0000   0.0000   0.0000  -0.1000      0.5610   0.5610  0.0
   111  -0.1000   0.0000   0.0000  -0.1000   0.0000  -0.1000      0.5603   0.5603  0.0
   114  -0.1000   0.0000   0.0000  -0.1000   0.1000  -0.1000      0.5602   0.5602  0.0
   120  -0.1000   0.0000   0.0000   0.0000   0.0000  -0.1000      0.5586   0.5586  0.0
   283   0.0000  -0.1000   0.0000   0.0000   0.0000   0.0000      0.5585   0.5585  0.0
   355   0.0000   0.0000   0.0000  -0.1000   0.0000   0.0000      0.5578   0.5578  0.0
   363   0.0000   0.0000   0.0000   0.0000   0.0000  -0.1000      0.5573   0.5573  0.0
   364   0.0000   0.0000   0.0000   0.0000   0.0000   0.0000      0.5561   0.5561  0.0
Brute Force --------------------------
Min cost was 0.556102
Number of iterations   729
Search time 0.875353 sec
Parameters at best (transmm, rotdeg)
  0.000   0.000   0.000  0.000  0.000  0.000 
--------------------------------------------

Starting Powell Minimization
Init Powel Params dof = 12
0 0
1 0
2 0
3 0
4 0
5 0
6 1
7 1
8 1
9 0
10 0
11 0
fs_powell::minimize
  nparams 12
  maxfev 36
  ftol   0.000000
  linmin_xtol_   0.001000
  powell nthiter 0: fret = 0.593349
   7  0.098  0.000  0.000  0.000  0.000  0.000 sc: 1.000 1.000 1.000 sh:  0.000  0.000  0.000   0.5930027791
   8  0.125  0.000  0.000  0.000  0.000  0.000 sc: 1.000 1.000 1.000 sh:  0.000  0.000  0.000   0.5929967796
   9  0.116  0.000  0.000  0.000  0.000  0.000 sc: 1.000 1.000 1.000 sh:  0.000  0.000  0.000   0.5929950365
  10  0.117  0.000  0.000  0.000  0.000  0.000 sc: 1.000 1.000 1.000 sh:  0.000  0.000  0.000   0.5929949675
  11  0.118  0.000  0.000  0.000  0.000  0.000 sc: 1.000 1.000 1.000 sh:  0.000  0.000  0.000   0.5929949312
  20  0.118 -0.031  0.000  0.000  0.000  0.000 sc: 1.000 1.000 1.000 sh:  0.000  0.000  0.000   0.5929332035
  22  0.118 -0.047  0.000  0.000  0.000  0.000 sc: 1.000 1.000 1.000 sh:  0.000  0.000  0.000   0.5929289152
  24  0.118 -0.043  0.000  0.000  0.000  0.000 sc: 1.000 1.000 1.000 sh:  0.000  0.000  0.000   0.5929283828
  26  0.118 -0.044  0.000  0.000  0.000  0.000 sc: 1.000 1.000 1.000 sh:  0.000  0.000  0.000   0.5929283559
  29  0.118 -0.044  1.000  0.000  0.000  0.000 sc: 1.000 1.000 1.000 sh:  0.000  0.000  0.000   0.5752903797
  35  0.118 -0.044  0.980  0.000  0.000  0.000 sc: 1.000 1.000 1.000 sh:  0.000  0.000  0.000   0.5752681230
  44  0.118 -0.044  0.980 -0.155  0.000  0.000 sc: 1.000 1.000 1.000 sh:  0.000  0.000  0.000   0.5749440816
  45  0.118 -0.044  0.980 -0.138  0.000  0.000 sc: 1.000 1.000 1.000 sh:  0.000  0.000  0.000   0.5749252855
  46  0.118 -0.044  0.980 -0.123  0.000  0.000 sc: 1.000 1.000 1.000 sh:  0.000  0.000  0.000   0.5749167040
  48  0.118 -0.044  0.980 -0.113  0.000  0.000 sc: 1.000 1.000 1.000 sh:  0.000  0.000  0.000   0.5749147367
  57  0.118 -0.044  0.980 -0.112  0.172  0.000 sc: 1.000 1.000 1.000 sh:  0.000  0.000  0.000   0.5743614775
  58  0.118 -0.044  0.980 -0.112  0.171  0.000 sc: 1.000 1.000 1.000 sh:  0.000  0.000  0.000   0.5743605650
  59  0.118 -0.044  0.980 -0.112  0.152  0.000 sc: 1.000 1.000 1.000 sh:  0.000  0.000  0.000   0.5743594612
  61  0.118 -0.044  0.980 -0.112  0.161  0.000 sc: 1.000 1.000 1.000 sh:  0.000  0.000  0.000   0.5743569235
  69  0.118 -0.044  0.980 -0.112  0.162 -0.618 sc: 1.000 1.000 1.000 sh:  0.000  0.000  0.000   0.5676570263
  71  0.118 -0.044  0.980 -0.112  0.162 -0.794 sc: 1.000 1.000 1.000 sh:  0.000  0.000  0.000   0.5669951273
  72  0.118 -0.044  0.980 -0.112  0.162 -0.801 sc: 1.000 1.000 1.000 sh:  0.000  0.000  0.000   0.5669899858
  73  0.118 -0.044  0.980 -0.112  0.162 -0.823 sc: 1.000 1.000 1.000 sh:  0.000  0.000  0.000   0.5669815665
  74  0.118 -0.044  0.980 -0.112  0.162 -0.825 sc: 1.000 1.000 1.000 sh:  0.000  0.000  0.000   0.5669812391
  76  0.118 -0.044  0.980 -0.112  0.162 -0.827 sc: 1.000 1.000 1.000 sh:  0.000  0.000  0.000   0.5669812318
  77  0.118 -0.044  0.980 -0.112  0.162 -0.828 sc: 1.000 1.000 1.000 sh:  0.000  0.000  0.000   0.5669812025
  87  0.118 -0.044  0.980 -0.112  0.162 -0.828 sc: 1.015 1.000 1.000 sh:  0.000  0.000  0.000   0.5595720611
  89  0.118 -0.044  0.980 -0.112  0.162 -0.828 sc: 1.018 1.000 1.000 sh:  0.000  0.000  0.000   0.5591075699
  90  0.118 -0.044  0.980 -0.112  0.162 -0.828 sc: 1.019 1.000 1.000 sh:  0.000  0.000  0.000   0.5590932562
 100  0.118 -0.044  0.980 -0.112  0.162 -0.828 sc: 1.019 1.014 1.000 sh:  0.000  0.000  0.000   0.5583999901
 101  0.118 -0.044  0.980 -0.112  0.162 -0.828 sc: 1.019 1.010 1.000 sh:  0.000  0.000  0.000   0.5580682645
 102  0.118 -0.044  0.980 -0.112  0.162 -0.828 sc: 1.019 1.009 1.000 sh:  0.000  0.000  0.000   0.5580385032
 103  0.118 -0.044  0.980 -0.112  0.162 -0.828 sc: 1.019 1.008 1.000 sh:  0.000  0.000  0.000   0.5580190885
 114  0.118 -0.044  0.980 -0.112  0.162 -0.828 sc: 1.019 1.008 1.013 sh:  0.000  0.000  0.000   0.5488647448
 116  0.118 -0.044  0.980 -0.112  0.162 -0.828 sc: 1.019 1.008 1.018 sh:  0.000  0.000  0.000   0.5477498634
 117  0.118 -0.044  0.980 -0.112  0.162 -0.828 sc: 1.019 1.008 1.019 sh:  0.000  0.000  0.000   0.5476547638
 127  0.118 -0.044  0.980 -0.112  0.162 -0.828 sc: 1.019 1.008 1.019 sh: -0.008  0.000  0.000   0.5464415646
 128  0.118 -0.044  0.980 -0.112  0.162 -0.828 sc: 1.019 1.008 1.019 sh: -0.012  0.000  0.000   0.5464379875
 129  0.118 -0.044  0.980 -0.112  0.162 -0.828 sc: 1.019 1.008 1.019 sh: -0.010  0.000  0.000   0.5463826390
 139  0.118 -0.044  0.980 -0.112  0.162 -0.828 sc: 1.019 1.008 1.019 sh: -0.010  0.001  0.000   0.5462132660
 140  0.118 -0.044  0.980 -0.112  0.162 -0.828 sc: 1.019 1.008 1.019 sh: -0.010  0.006  0.000   0.5461410545
 142  0.118 -0.044  0.980 -0.112  0.162 -0.828 sc: 1.019 1.008 1.019 sh: -0.010  0.004  0.000   0.5459132113
 155  0.118 -0.044  0.980 -0.112  0.162 -0.828 sc: 1.019 1.008 1.019 sh: -0.010  0.004  0.002   0.5454672078
  powell nthiter 1: fret = 0.545467
 165  0.053 -0.044  0.980 -0.112  0.162 -0.828 sc: 1.019 1.008 1.019 sh: -0.010  0.004  0.002   0.5454541289
 166  0.081 -0.044  0.980 -0.112  0.162 -0.828 sc: 1.019 1.008 1.019 sh: -0.010  0.004  0.002   0.5454266819
 167  0.083 -0.044  0.980 -0.112  0.162 -0.828 sc: 1.019 1.008 1.019 sh: -0.010  0.004  0.002   0.5454266310
 175  0.083  0.100  0.980 -0.112  0.162 -0.828 sc: 1.019 1.008 1.019 sh: -0.010  0.004  0.002   0.5450635476
 176  0.083  0.091  0.980 -0.112  0.162 -0.828 sc: 1.019 1.008 1.019 sh: -0.010  0.004  0.002   0.5450522592
 177  0.083  0.072  0.980 -0.112  0.162 -0.828 sc: 1.019 1.008 1.019 sh: -0.010  0.004  0.002   0.5450304767
 179  0.083  0.062  0.980 -0.112  0.162 -0.828 sc: 1.019 1.008 1.019 sh: -0.010  0.004  0.002   0.5450287498
 180  0.083  0.065  0.980 -0.112  0.162 -0.828 sc: 1.019 1.008 1.019 sh: -0.010  0.004  0.002   0.5450286560
 181  0.083  0.064  0.980 -0.112  0.162 -0.828 sc: 1.019 1.008 1.019 sh: -0.010  0.004  0.002   0.5450285716
 188  0.083  0.064  0.917 -0.112  0.162 -0.828 sc: 1.019 1.008 1.019 sh: -0.010  0.004  0.002   0.5449329293
 191  0.083  0.064  0.873 -0.112  0.162 -0.828 sc: 1.019 1.008 1.019 sh: -0.010  0.004  0.002   0.5448962951
 203  0.083  0.064  0.873 -0.170  0.162 -0.828 sc: 1.019 1.008 1.019 sh: -0.010  0.004  0.002   0.5448017934
 204  0.083  0.064  0.873 -0.171  0.162 -0.828 sc: 1.019 1.008 1.019 sh: -0.010  0.004  0.002   0.5448011113
 206  0.083  0.064  0.873 -0.175  0.162 -0.828 sc: 1.019 1.008 1.019 sh: -0.010  0.004  0.002   0.5447998248
 207  0.083  0.064  0.873 -0.177  0.162 -0.828 sc: 1.019 1.008 1.019 sh: -0.010  0.004  0.002   0.5447997420
 215  0.083  0.064  0.873 -0.177  0.227 -0.828 sc: 1.019 1.008 1.019 sh: -0.010  0.004  0.002   0.5447672891
 216  0.083  0.064  0.873 -0.177  0.209 -0.828 sc: 1.019 1.008 1.019 sh: -0.010  0.004  0.002   0.5447540399
 218  0.083  0.064  0.873 -0.177  0.207 -0.828 sc: 1.019 1.008 1.019 sh: -0.010  0.004  0.002   0.5447538254
 228  0.083  0.064  0.873 -0.177  0.206 -0.809 sc: 1.019 1.008 1.019 sh: -0.010  0.004  0.002   0.5447428660
 231  0.083  0.064  0.873 -0.177  0.206 -0.807 sc: 1.019 1.008 1.019 sh: -0.010  0.004  0.002   0.5447428314
 242  0.083  0.064  0.873 -0.177  0.206 -0.806 sc: 1.021 1.008 1.019 sh: -0.010  0.004  0.002   0.5447012171
 252  0.083  0.064  0.873 -0.177  0.206 -0.806 sc: 1.021 1.017 1.019 sh: -0.010  0.004  0.002   0.5445977491
 258  0.083  0.064  0.873 -0.177  0.206 -0.806 sc: 1.021 1.016 1.019 sh: -0.010  0.004  0.002   0.5445781820
 270  0.083  0.064  0.873 -0.177  0.206 -0.806 sc: 1.021 1.016 1.018 sh: -0.010  0.004  0.002   0.5445549628
 280  0.083  0.064  0.873 -0.177  0.206 -0.806 sc: 1.021 1.016 1.018 sh: -0.008  0.004  0.002   0.5445422554
 290  0.083  0.064  0.873 -0.177  0.206 -0.806 sc: 1.021 1.016 1.018 sh: -0.008  0.002  0.002   0.5443846753
 305  0.083  0.064  0.873 -0.177  0.206 -0.806 sc: 1.021 1.016 1.018 sh: -0.008  0.002  0.001   0.5443739588
  powell nthiter 2: fret = 0.544374
 313  0.045  0.064  0.873 -0.177  0.206 -0.806 sc: 1.021 1.016 1.018 sh: -0.008  0.002  0.001   0.5442837085
 315  0.041  0.064  0.873 -0.177  0.206 -0.806 sc: 1.021 1.016 1.018 sh: -0.008  0.002  0.001   0.5442821281
 316  0.039  0.064  0.873 -0.177  0.206 -0.806 sc: 1.021 1.016 1.018 sh: -0.008  0.002  0.001   0.5442820326
 325  0.039  0.068  0.873 -0.177  0.206 -0.806 sc: 1.021 1.016 1.018 sh: -0.008  0.002  0.001   0.5442760336
 326  0.039  0.092  0.873 -0.177  0.206 -0.806 sc: 1.021 1.016 1.018 sh: -0.008  0.002  0.001   0.5442666353
 328  0.039  0.084  0.873 -0.177  0.206 -0.806 sc: 1.021 1.016 1.018 sh: -0.008  0.002  0.001   0.5442635048
 329  0.039  0.083  0.873 -0.177  0.206 -0.806 sc: 1.021 1.016 1.018 sh: -0.008  0.002  0.001   0.5442634909
 337  0.039  0.083  0.902 -0.177  0.206 -0.806 sc: 1.021 1.016 1.018 sh: -0.008  0.002  0.001   0.5441935841
 339  0.039  0.083  0.908 -0.177  0.206 -0.806 sc: 1.021 1.016 1.018 sh: -0.008  0.002  0.001   0.5441908450
 348  0.039  0.083  0.908 -0.263  0.206 -0.806 sc: 1.021 1.016 1.018 sh: -0.008  0.002  0.001   0.5441616096
 349  0.039  0.083  0.908 -0.227  0.206 -0.806 sc: 1.021 1.016 1.018 sh: -0.008  0.002  0.001   0.5441360391
 352  0.039  0.083  0.908 -0.223  0.206 -0.806 sc: 1.021 1.016 1.018 sh: -0.008  0.002  0.001   0.5441354298
 361  0.039  0.083  0.908 -0.222  0.249 -0.806 sc: 1.021 1.016 1.018 sh: -0.008  0.002  0.001   0.5440060678
 362  0.039  0.083  0.908 -0.222  0.282 -0.806 sc: 1.021 1.016 1.018 sh: -0.008  0.002  0.001   0.5439942222
 363  0.039  0.083  0.908 -0.222  0.271 -0.806 sc: 1.021 1.016 1.018 sh: -0.008  0.002  0.001   0.5439897714
 365  0.039  0.083  0.908 -0.222  0.269 -0.806 sc: 1.021 1.016 1.018 sh: -0.008  0.002  0.001   0.5439896025
 377  0.039  0.083  0.908 -0.222  0.268 -0.796 sc: 1.021 1.016 1.018 sh: -0.008  0.002  0.001   0.5439883942
 378  0.039  0.083  0.908 -0.222  0.268 -0.797 sc: 1.021 1.016 1.018 sh: -0.008  0.002  0.001   0.5439882395
 380  0.039  0.083  0.908 -0.222  0.268 -0.798 sc: 1.021 1.016 1.018 sh: -0.008  0.002  0.001   0.5439881867
 389  0.039  0.083  0.908 -0.222  0.268 -0.798 sc: 1.022 1.016 1.018 sh: -0.008  0.002  0.001   0.5439846506
 431  0.039  0.083  0.908 -0.222  0.268 -0.798 sc: 1.022 1.016 1.018 sh: -0.008  0.001  0.001   0.5438886556
  powell nthiter 3: fret = 0.543889
 453  0.026  0.083  0.908 -0.222  0.268 -0.798 sc: 1.022 1.016 1.018 sh: -0.008  0.001  0.001   0.5438845297
 455  0.030  0.083  0.908 -0.222  0.268 -0.798 sc: 1.022 1.016 1.018 sh: -0.008  0.001  0.001   0.5438835464
 466  0.031  0.090  0.908 -0.222  0.268 -0.798 sc: 1.022 1.016 1.018 sh: -0.008  0.001  0.001   0.5438827042
 468  0.031  0.089  0.908 -0.222  0.268 -0.798 sc: 1.022 1.016 1.018 sh: -0.008  0.001  0.001   0.5438826651
 476  0.031  0.089  0.902 -0.222  0.268 -0.798 sc: 1.022 1.016 1.018 sh: -0.008  0.001  0.001   0.5438736828
 478  0.031  0.089  0.892 -0.222  0.268 -0.798 sc: 1.022 1.016 1.018 sh: -0.008  0.001  0.001   0.5438703943
 479  0.031  0.089  0.895 -0.222  0.268 -0.798 sc: 1.022 1.016 1.018 sh: -0.008  0.001  0.001   0.5438700616
 489  0.031  0.089  0.895 -0.227  0.268 -0.798 sc: 1.022 1.016 1.018 sh: -0.008  0.001  0.001   0.5438684953
 492  0.031  0.089  0.895 -0.228  0.268 -0.798 sc: 1.022 1.016 1.018 sh: -0.008  0.001  0.001   0.5438684675
 499  0.031  0.089  0.895 -0.228  0.277 -0.798 sc: 1.022 1.016 1.018 sh: -0.008  0.001  0.001   0.5438440165
 500  0.031  0.089  0.895 -0.228  0.320 -0.798 sc: 1.022 1.016 1.018 sh: -0.008  0.001  0.001   0.5438252087
 502  0.031  0.089  0.895 -0.228  0.303 -0.798 sc: 1.022 1.016 1.018 sh: -0.008  0.001  0.001   0.5438167109
 504  0.031  0.089  0.895 -0.228  0.301 -0.798 sc: 1.022 1.016 1.018 sh: -0.008  0.001  0.001   0.5438166343
 516  0.031  0.089  0.895 -0.228  0.302 -0.803 sc: 1.022 1.016 1.018 sh: -0.008  0.001  0.001   0.5438162650
 517  0.031  0.089  0.895 -0.228  0.302 -0.802 sc: 1.022 1.016 1.018 sh: -0.008  0.001  0.001   0.5438162448
 518  0.031  0.089  0.895 -0.228  0.302 -0.801 sc: 1.022 1.016 1.018 sh: -0.008  0.001  0.001   0.5438162433
 528  0.031  0.089  0.895 -0.228  0.302 -0.801 sc: 1.021 1.016 1.018 sh: -0.008  0.001  0.001   0.5438027109
 561  0.031  0.089  0.895 -0.228  0.302 -0.801 sc: 1.021 1.016 1.018 sh: -0.010  0.001  0.001   0.5437975365
  powell nthiter 4: fret = 0.543798
 593  0.043  0.089  0.895 -0.228  0.302 -0.801 sc: 1.021 1.016 1.018 sh: -0.010  0.001  0.001   0.5437823769
 595  0.048  0.089  0.895 -0.228  0.302 -0.801 sc: 1.021 1.016 1.018 sh: -0.010  0.001  0.001   0.5437817987
 596  0.047  0.089  0.895 -0.228  0.302 -0.801 sc: 1.021 1.016 1.018 sh: -0.010  0.001  0.001   0.5437817506
 605  0.047  0.101  0.895 -0.228  0.302 -0.801 sc: 1.021 1.016 1.018 sh: -0.010  0.001  0.001   0.5437794983
 607  0.047  0.097  0.895 -0.228  0.302 -0.801 sc: 1.021 1.016 1.018 sh: -0.010  0.001  0.001   0.5437794347
 608  0.047  0.099  0.895 -0.228  0.302 -0.801 sc: 1.021 1.016 1.018 sh: -0.010  0.001  0.001   0.5437792300
 609  0.047  0.100  0.895 -0.228  0.302 -0.801 sc: 1.021 1.016 1.018 sh: -0.010  0.001  0.001   0.5437792035
 618  0.047  0.100  0.893 -0.228  0.302 -0.801 sc: 1.021 1.016 1.018 sh: -0.010  0.001  0.001   0.5437789576
 628  0.047  0.100  0.893 -0.221  0.302 -0.801 sc: 1.021 1.016 1.018 sh: -0.010  0.001  0.001   0.5437776554
 639  0.047  0.100  0.893 -0.221  0.308 -0.801 sc: 1.021 1.016 1.018 sh: -0.010  0.001  0.001   0.5437761755
 640  0.047  0.100  0.893 -0.221  0.307 -0.801 sc: 1.021 1.016 1.018 sh: -0.010  0.001  0.001   0.5437760314
 650  0.047  0.100  0.893 -0.221  0.307 -0.810 sc: 1.021 1.016 1.018 sh: -0.010  0.001  0.001   0.5437748715
  powell nthiter 5: fret = 0.543775
 725  0.048  0.100  0.893 -0.221  0.307 -0.810 sc: 1.021 1.016 1.018 sh: -0.010  0.001  0.001   0.5437745329
 727  0.050  0.100  0.893 -0.221  0.307 -0.810 sc: 1.021 1.016 1.018 sh: -0.010  0.001  0.001   0.5437742149
 736  0.050  0.086  0.893 -0.221  0.307 -0.810 sc: 1.021 1.016 1.018 sh: -0.010  0.001  0.001   0.5437717923
 737  0.050  0.090  0.893 -0.221  0.307 -0.810 sc: 1.021 1.016 1.018 sh: -0.010  0.001  0.001   0.5437713709
 738  0.050  0.091  0.893 -0.221  0.307 -0.810 sc: 1.021 1.016 1.018 sh: -0.010  0.001  0.001   0.5437713043
 740  0.050  0.092  0.893 -0.221  0.307 -0.810 sc: 1.021 1.016 1.018 sh: -0.010  0.001  0.001   0.5437712437
 751  0.050  0.092  0.888 -0.221  0.307 -0.810 sc: 1.021 1.016 1.018 sh: -0.010  0.001  0.001   0.5437694858
 752  0.050  0.092  0.887 -0.221  0.307 -0.810 sc: 1.021 1.016 1.018 sh: -0.010  0.001  0.001   0.5437694726
 762  0.050  0.092  0.887 -0.217  0.307 -0.810 sc: 1.021 1.016 1.018 sh: -0.010  0.001  0.001   0.5437688672
 773  0.050  0.092  0.887 -0.217  0.311 -0.810 sc: 1.021 1.016 1.018 sh: -0.010  0.001  0.001   0.5437684265
 774  0.050  0.092  0.887 -0.217  0.310 -0.810 sc: 1.021 1.016 1.018 sh: -0.010  0.001  0.001   0.5437683737
 784  0.050  0.092  0.887 -0.217  0.310 -0.814 sc: 1.021 1.016 1.018 sh: -0.010  0.001  0.001   0.5437675262
 786  0.050  0.092  0.887 -0.217  0.310 -0.816 sc: 1.021 1.016 1.018 sh: -0.010  0.001  0.001   0.5437675256
  powell nthiter 6: fret = 0.543768
 868  0.048  0.088  0.887 -0.217  0.310 -0.816 sc: 1.021 1.016 1.018 sh: -0.010  0.001  0.001   0.5437669425
 870  0.048  0.089  0.887 -0.217  0.310 -0.816 sc: 1.021 1.016 1.018 sh: -0.010  0.001  0.001   0.5437669240
 880  0.048  0.089  0.886 -0.217  0.310 -0.816 sc: 1.021 1.016 1.018 sh: -0.010  0.001  0.001   0.5437668156
  powell nthiter 7: fret = 0.543767
 987  0.049  0.089  0.886 -0.217  0.310 -0.816 sc: 1.021 1.016 1.018 sh: -0.010  0.001  0.001   0.5437667539
 996  0.049  0.088  0.886 -0.217  0.310 -0.816 sc: 1.021 1.016 1.018 sh: -0.010  0.001  0.001   0.5437667419
1017  0.049  0.088  0.886 -0.218  0.310 -0.816 sc: 1.021 1.016 1.018 sh: -0.010  0.001  0.001   0.5437667095
1030  0.049  0.088  0.886 -0.219  0.312 -0.816 sc: 1.021 1.016 1.018 sh: -0.010  0.001  0.001   0.5437666837
  powell nthiter 8: fret = 0.543767
1146  0.050  0.088  0.886 -0.218  0.312 -0.816 sc: 1.021 1.016 1.018 sh: -0.010  0.001  0.001   0.5437666631
Powell done niters = 8
Computing relative cost
 0  -25.0 -25.0 -25.0   0.960928
 1  -25.0 -25.0  25.0   0.951484
 2  -25.0  25.0 -25.0   0.963622
 3  -25.0  25.0  25.0   0.967384
 4   25.0 -25.0 -25.0   0.972267
 5   25.0 -25.0  25.0   0.961092
 6   25.0  25.0 -25.0   0.963617
 7   25.0  25.0  25.0   0.969882
REL:  8  0.543767    7.710276  0.963785 rel = 0.564199 
Number of iterations     8
Min cost was 0.543767
Number of FunctionCalls  1235
TolPowell 0.000000
nMaxItersPowell 36
OptimizationTime 64.921594 sec
Parameters at optimum (transmm)  0.05036  0.08829  0.88552
Parameters at optimum (rotdeg) -0.21775  0.31094 -0.81520 
Parameters at optimum (scale)  1.02069  1.01562  1.01751
Parameters at optimum (shear) -0.00971  0.00082  0.00121
Final costs ----------------
Number of surface hits 253074
WM  Intensity  2908.8632 +/- 461.3787
Ctx Intensity  2599.2139 +/- 496.9282
Pct Contrast    -11.8334 +/-  19.5897
Cost   0.5438
RelCost   0.6128
Reg at min cost was 
 1.01889  -0.02731  -0.05502  -1.87780;
 0.03917  -0.18317   0.99820  -5.30389;
-0.03576  -1.00065  -0.18096  -5.37711;
 0.00000   0.00000   0.00000   1.00000;

Writing optimal reg to /home/student/Practicas/Practicas_SantPau/outs/sub-003S6257/PET-TAU/bbregister/transforms/sub-003S6257_bbregister_rr_12dof.dat, type = 14 
Original Reg 
 0.99816  -0.01980  -0.05728  -1.82699;
 0.05292  -0.17580   0.98300  -5.30769;
-0.02953  -0.98423  -0.17443  -6.20033;
 0.00000   0.00000   0.00000   1.00000;

Original Reg - Optimal Reg
-0.02073   0.00751  -0.00226   0.05081;
 0.01376   0.00737  -0.01520  -0.00380;
 0.00623   0.01642   0.00653  -0.82322;
 0.00000   0.00000   0.00000   0.00000;

Computing change in lh position
LH rmsDiffMean 1.602113
Computing change in rh position
Surface-RMS-Diff-mm 1.455427 0.545318 2.586951
mri_segreg done
MinCost: 0.543767 2908.863188 2599.213913 -11.833389 
tkregister2_cmdl --mov /home/student/Practicas/Practicas_SantPau/primeras_pruebas_freesurfer/data/co-registre_PET-TAU/sub-003S6257/sub-003S6257_ses-m00_AV1451.nii --reg /home/student/Practicas/Practicas_SantPau/outs/sub-003S6257/PET-TAU/bbregister/transforms/sub-003S6257_bbregister_rr_12dof.dat --noedit --ltaout /home/student/Practicas/Practicas_SantPau/outs/sub-003S6257/PET-TAU/bbregister/transforms/sub-003S6257_bbregister_rr_12dof.lta
INFO: no target volume specified, assuming FreeSurfer orig volume.
target  volume orig
movable volume /home/student/Practicas/Practicas_SantPau/primeras_pruebas_freesurfer/data/co-registre_PET-TAU/sub-003S6257/sub-003S6257_ses-m00_AV1451.nii
reg file       /home/student/Practicas/Practicas_SantPau/outs/sub-003S6257/PET-TAU/bbregister/transforms/sub-003S6257_bbregister_rr_12dof.dat
LoadVol        0
ZeroCRAS       0
7.1.1
Diagnostic Level -1
---- Input registration matrix --------
 1.01889  -0.02731  -0.05502  -1.87780;
 0.03917  -0.18317   0.99820  -5.30389;
-0.03576  -1.00065  -0.18096  -5.37711;
 0.00000   0.00000   0.00000   1.00000;
float2int = 0
---------------------------------------
INFO: loading target /home/student/Practicas/Practicas_SantPau/primeras_pruebas_freesurfer/data/out_recon-all/sub-003S6257/mri/orig.mgz
Ttarg: --------------------
-1.00000   0.00000   0.00000   128.00000;
 0.00000   0.00000   1.00000  -128.00000;
 0.00000  -1.00000   0.00000   128.00000;
 0.00000   0.00000   0.00000   1.00000;
INFO: loading movable /home/student/Practicas/Practicas_SantPau/primeras_pruebas_freesurfer/data/co-registre_PET-TAU/sub-003S6257/sub-003S6257_ses-m00_AV1451.nii
Tmov: --------------------
-1.01821   0.00000   0.00000   114.03953;
 0.00000   0.00000   2.02700  -82.09350;
 0.00000  -1.01821   0.00000   114.03953;
 0.00000   0.00000   0.00000   1.00000;
mkheaderreg = 0, float2int = 0
---- Input registration matrix --------
 1.01889  -0.02731  -0.05502  -1.87780;
 0.03917  -0.18317   0.99820  -5.30389;
-0.03576  -1.00065  -0.18096  -5.37711;
 0.00000   0.00000   0.00000   1.00000;
Determinant 1.05479
subject = sub-003S6257
RegMat ---------------------------
 1.01889  -0.02731  -0.05502  -1.87780;
 0.03917  -0.18317   0.99820  -5.30389;
-0.03576  -1.00065  -0.18096  -5.37711;
 0.00000   0.00000   0.00000   1.00000;
Cleaning up
 
Started at Tue 16 Nov 2021 01:18:40 PM CET 
Ended   at Tue 16 Nov 2021 01:20:49 PM CET
BBR-Run-Time-Sec 129
 
bbregister Done
To check results, run:
tkregisterfv --mov /home/student/Practicas/Practicas_SantPau/primeras_pruebas_freesurfer/data/co-registre_PET-TAU/sub-003S6257/sub-003S6257_ses-m00_AV1451.nii --reg /home/student/Practicas/Practicas_SantPau/outs/sub-003S6257/PET-TAU/bbregister/transforms/sub-003S6257_bbregister_rr_12dof.lta --surfs 
